
(15:46:13) Person=万清甫 Item=brick Test=2
(15:46:13) 判错理由：Runtime-Error.
(15:46:13) 程序返回值：-1073741819
(15:46:13) 程序返回信息：


(15:46:14) Person=万清甫 Item=brick Test=6
(15:46:14) 判错理由：运行超时。
(15:46:14) 程序返回值：259
(15:46:14) 程序返回信息：
运行超时。


(15:46:14) Person=万清甫 Item=brick Test=7
(15:46:14) 判错理由：Runtime-Error.
(15:46:14) 程序返回值：-1073741819
(15:46:14) 程序返回信息：


(15:46:15) Person=万清甫 Item=brick Test=8
(15:46:15) 判错理由：Runtime-Error.
(15:46:15) 程序返回值：-1073741819
(15:46:15) 程序返回信息：


(15:46:15) Person=万清甫 Item=brick Test=9
(15:46:15) 判错理由：Runtime-Error.
(15:46:15) 程序返回值：-1073741819
(15:46:15) 程序返回信息：


(15:46:15) Person=万清甫 Item=brick Test=10
(15:46:15) 判错理由：Runtime-Error.
(15:46:15) 程序返回值：-1073741819
(15:46:15) 程序返回信息：


(15:46:16) Person=万清甫 Item=shape Test=2
(15:46:16) 判错理由：运行超时。
(15:46:16) 程序返回值：259
(15:46:16) 程序返回信息：
运行超时。


(15:46:18) Person=万清甫 Item=shape Test=7
(15:46:18) 判错理由：运行超时。
(15:46:18) 程序返回值：259
(15:46:18) 程序返回信息：
运行超时。


(15:46:19) Person=万清甫 Item=shape Test=8
(15:46:19) 判错理由：运行超时。
(15:46:19) 程序返回值：259
(15:46:19) 程序返回信息：
运行超时。


(15:46:20) Person=万清甫 Item=shape Test=9
(15:46:20) 判错理由：运行超时。
(15:46:20) 程序返回值：259
(15:46:20) 程序返回信息：
运行超时。


(15:46:22) Person=万清甫 Item=shape Test=10
(15:46:22) 判错理由：运行超时。
(15:46:22) 程序返回值：259
(15:46:22) 程序返回信息：
运行超时。


(15:46:24) Person=刘彦麟 Item=brick Test=2
(15:46:24) 判错理由：输出与答案不同。
(15:46:24) 详细信息：
发现不同：
****brick.out
...41
...
****brick.ans
...2692484
...
****

(15:46:24) Person=刘彦麟 Item=brick Test=4
(15:46:24) 判错理由：输出与答案不同。
(15:46:24) 详细信息：
发现不同：
****brick.out
...41
...
****brick.ans
...625684
...
****

(15:46:24) Person=刘彦麟 Item=brick Test=5
(15:46:24) 判错理由：输出与答案不同。
(15:46:24) 详细信息：
发现不同：
****brick.out
...41
...
****brick.ans
...105561
...
****

(15:46:24) Person=刘彦麟 Item=brick Test=6
(15:46:24) 判错理由：输出与答案不同。
(15:46:24) 详细信息：
发现不同：
****brick.out
...41
...
****brick.ans
...6683530
...
****

(15:46:24) Person=刘彦麟 Item=brick Test=7
(15:46:24) 判错理由：输出与答案不同。
(15:46:24) 详细信息：
发现不同：
****brick.out
...41
...
****brick.ans
...365743
...
****

(15:46:24) Person=刘彦麟 Item=brick Test=8
(15:46:24) 判错理由：输出与答案不同。
(15:46:24) 详细信息：
发现不同：
****brick.out
...41
...
****brick.ans
...8666386
...
****

(15:46:24) Person=刘彦麟 Item=brick Test=9
(15:46:24) 判错理由：输出与答案不同。
(15:46:24) 详细信息：
发现不同：
****brick.out
...41
...
****brick.ans
...4659533
...
****

(15:46:24) Person=刘彦麟 Item=brick Test=10
(15:46:24) 判错理由：输出与答案不同。
(15:46:24) 详细信息：
发现不同：
****brick.out
...41
...
****brick.ans
...9167828
...
****

(15:46:25) Person=刘彦麟 Item=shape Test=1
(15:46:25) 判错理由：输出与答案不同。
(15:46:25) 详细信息：
发现不同：
****shape.out
...0.300000
0.108333
0.125000
...
****shape.ans
...0.30000000000000000000
0.1083...
****

(15:46:26) Person=刘彦麟 Item=shape Test=2
(15:46:26) 判错理由：运行超时。
(15:46:26) 程序返回值：259
(15:46:26) 程序返回信息：
运行超时。


(15:46:27) Person=刘彦麟 Item=shape Test=3
(15:46:27) 判错理由：输出与答案不同。
(15:46:27) 详细信息：
发现不同：
****shape.out
...0.185147
0.180288
0.200235
...
****shape.ans
...0.18514729950900163666
0.1802...
****

(15:46:27) Person=刘彦麟 Item=shape Test=4
(15:46:27) 判错理由：输出与答案不同。
(15:46:27) 详细信息：
发现不同：
****shape.out
...0.195743
0.187199
0.175632
...
****shape.ans
...0.19574271241400999667
0.1871...
****

(15:46:28) Person=刘彦麟 Item=shape Test=5
(15:46:28) 判错理由：运行超时。
(15:46:28) 程序返回值：259
(15:46:28) 程序返回信息：
运行超时。


(15:46:29) Person=刘彦麟 Item=shape Test=6
(15:46:29) 判错理由：运行超时。
(15:46:29) 程序返回值：259
(15:46:29) 程序返回信息：
运行超时。


(15:46:30) Person=刘彦麟 Item=shape Test=7
(15:46:30) 判错理由：运行超时。
(15:46:30) 程序返回值：259
(15:46:30) 程序返回信息：
运行超时。


(15:46:31) Person=刘彦麟 Item=shape Test=8
(15:46:31) 判错理由：运行超时。
(15:46:31) 程序返回值：259
(15:46:31) 程序返回信息：
运行超时。


(15:46:32) Person=刘彦麟 Item=shape Test=9
(15:46:32) 判错理由：运行超时。
(15:46:32) 程序返回值：259
(15:46:32) 程序返回信息：
运行超时。


(15:46:33) Person=刘彦麟 Item=shape Test=10
(15:46:33) 判错理由：运行超时。
(15:46:33) 程序返回值：259
(15:46:33) 程序返回信息：
运行超时。


(15:46:34) Person=刘楷 Item=brick
(15:46:34) 判错理由：未找到有效的源文件。

(15:46:36) Person=刘楷 Item=shape Test=2
(15:46:36) 判错理由：运行超时。
(15:46:36) 程序返回值：259
(15:46:36) 程序返回信息：
运行超时。


(15:46:37) Person=刘楷 Item=shape Test=5
(15:46:37) 判错理由：运行超时。
(15:46:37) 程序返回值：259
(15:46:37) 程序返回信息：
运行超时。


(15:46:38) Person=刘楷 Item=shape Test=6
(15:46:38) 判错理由：运行超时。
(15:46:38) 程序返回值：259
(15:46:38) 程序返回信息：
运行超时。


(15:46:39) Person=刘楷 Item=shape Test=7
(15:46:39) 判错理由：运行超时。
(15:46:39) 程序返回值：259
(15:46:39) 程序返回信息：
运行超时。


(15:46:40) Person=刘楷 Item=shape Test=8
(15:46:40) 判错理由：运行超时。
(15:46:40) 程序返回值：259
(15:46:40) 程序返回信息：
运行超时。


(15:46:41) Person=刘楷 Item=shape Test=9
(15:46:41) 判错理由：运行超时。
(15:46:41) 程序返回值：259
(15:46:41) 程序返回信息：
运行超时。


(15:46:42) Person=刘楷 Item=shape Test=10
(15:46:42) 判错理由：运行超时。
(15:46:42) 程序返回值：259
(15:46:42) 程序返回信息：
运行超时。


(15:46:48) Person=包奇 Item=shape Test=2
(15:46:48) 判错理由：Runtime-Error.
(15:46:48) 程序返回值：-1073741819
(15:46:48) 程序返回信息：


(15:46:49) Person=包奇 Item=shape Test=8
(15:46:49) 判错理由：Runtime-Error.
(15:46:49) 程序返回值：-1073741819
(15:46:49) 程序返回信息：


(15:46:49) Person=包奇 Item=shape Test=9
(15:46:49) 判错理由：Runtime-Error.
(15:46:49) 程序返回值：-1073741819
(15:46:49) 程序返回信息：


(15:46:49) Person=包奇 Item=shape Test=10
(15:46:49) 判错理由：Runtime-Error.
(15:46:49) 程序返回值：-1073741819
(15:46:49) 程序返回信息：


(15:46:52) Person=吕可凡 Item=shape Test=2
(15:46:52) 判错理由：运行超时。
(15:46:52) 程序返回值：259
(15:46:52) 程序返回信息：
运行超时。


(15:46:53) Person=吕可凡 Item=shape Test=5
(15:46:53) 判错理由：运行超时。
(15:46:53) 程序返回值：259
(15:46:53) 程序返回信息：
运行超时。


(15:46:54) Person=吕可凡 Item=shape Test=6
(15:46:54) 判错理由：运行超时。
(15:46:54) 程序返回值：259
(15:46:54) 程序返回信息：
运行超时。


(15:46:55) Person=吕可凡 Item=shape Test=7
(15:46:55) 判错理由：运行超时。
(15:46:55) 程序返回值：259
(15:46:55) 程序返回信息：
运行超时。


(15:46:56) Person=吕可凡 Item=shape Test=8
(15:46:56) 判错理由：运行超时。
(15:46:56) 程序返回值：259
(15:46:56) 程序返回信息：
运行超时。


(15:46:57) Person=吕可凡 Item=shape Test=9
(15:46:57) 判错理由：运行超时。
(15:46:57) 程序返回值：259
(15:46:57) 程序返回信息：
运行超时。


(15:46:58) Person=吕可凡 Item=shape Test=10
(15:46:58) 判错理由：运行超时。
(15:46:58) 程序返回值：259
(15:46:58) 程序返回信息：
运行超时。


(15:47:00) Person=吴昊 Item=brick
(15:47:00) 判错理由：编译失败。
(15:47:00) 编译器返回值：1
(15:47:00) 编译器返回信息：
F:\已整理A\brick.cpp: In function 'int main()':
F:\已整理A\brick.cpp:35:52: warning: extended initializer lists only available with -std=c++0x or -std=gnu++0x [enabled by default]
F:\已整理A\brick.cpp:35:52: error: assigning to an array from an initializer list


(15:47:00) Person=吴昊 Item=shape Test=1
(15:47:00) 判错理由：输出与答案不同。
(15:47:00) 详细信息：
发现不同：
****shape.out
...0.29999999999999999000
0.1083...
****shape.ans
...0.30000000000000000000
0.1083...
****

(15:47:01) Person=吴昊 Item=shape Test=2
(15:47:01) 判错理由：输出与答案不同。
(15:47:01) 详细信息：
发现不同：
****shape.out
...0.15953468546189792000
0.1658...
****shape.ans
...0.16860844130300575858
0.1663...
****

(15:47:01) Person=吴昊 Item=shape Test=3
(15:47:01) 判错理由：输出与答案不同。
(15:47:01) 详细信息：
发现不同：
****shape.out
...0.18514729950900163000
0.1802...
****shape.ans
...0.18514729950900163666
0.1802...
****

(15:47:01) Person=吴昊 Item=shape Test=4
(15:47:01) 判错理由：输出与答案不同。
(15:47:01) 详细信息：
发现不同：
****shape.out
...0.19574271241401001000
0.1871...
****shape.ans
...0.19574271241400999667
0.1871...
****

(15:47:02) Person=吴昊 Item=shape Test=5
(15:47:02) 判错理由：运行超时。
(15:47:02) 程序返回值：259
(15:47:02) 程序返回信息：
运行超时。


(15:47:03) Person=吴昊 Item=shape Test=6
(15:47:03) 判错理由：运行超时。
(15:47:03) 程序返回值：259
(15:47:03) 程序返回信息：
运行超时。


(15:47:04) Person=吴昊 Item=shape Test=7
(15:47:04) 判错理由：运行超时。
(15:47:04) 程序返回值：259
(15:47:04) 程序返回信息：
运行超时。


(15:47:05) Person=吴昊 Item=shape Test=8
(15:47:05) 判错理由：运行超时。
(15:47:05) 程序返回值：259
(15:47:05) 程序返回信息：
运行超时。


(15:47:06) Person=吴昊 Item=shape Test=9
(15:47:06) 判错理由：输出与答案不同。
(15:47:06) 详细信息：
发现不同：
****shape.out
...0.17618584229399289000
0.1717...
****shape.ans
...0.16472324102769661367
0.1658...
****

(15:47:07) Person=吴昊 Item=shape Test=10
(15:47:07) 判错理由：运行超时。
(15:47:07) 程序返回值：259
(15:47:07) 程序返回信息：
运行超时。


(15:47:08) Person=周畅 Item=brick
(15:47:08) 判错理由：未找到有效的源文件。

(15:47:08) Person=周畅 Item=shape
(15:47:08) 判错理由：未找到有效的源文件。

(15:47:08) Person=徐毅 Item=brick
(15:47:08) 判错理由：未找到有效的源文件。

(15:47:08) Person=徐毅 Item=shape
(15:47:08) 判错理由：未找到有效的源文件。

(15:47:08) Person=徐磊 Item=brick
(15:47:08) 判错理由：未找到有效的源文件。

(15:47:13) Person=徐轶飞 Item=brick
(15:47:13) 判错理由：未找到有效的源文件。

(15:47:14) Person=徐轶飞 Item=shape Test=2
(15:47:14) 判错理由：运行超时。
(15:47:14) 程序返回值：259
(15:47:14) 程序返回信息：
运行超时。


(15:47:14) Person=徐轶飞 Item=shape Test=3
(15:47:14) 判错理由：输出与答案不同。
(15:47:14) 详细信息：
发现不同：
****shape.out
...0.18512836248337935972
0.1802...
****shape.ans
...0.18514729950900163666
0.1802...
****

(15:47:14) Person=徐轶飞 Item=shape Test=4
(15:47:14) 判错理由：输出与答案不同。
(15:47:14) 详细信息：
发现不同：
****shape.out
...0.19558773951737277987
0.1876...
****shape.ans
...0.19574271241400999667
0.1871...
****

(15:47:14) Person=徐轶飞 Item=shape Test=5
(15:47:14) 判错理由：输出与答案不同。
(15:47:14) 详细信息：
发现不同：
****shape.out
...0.16034034625439365171
0.1663...
****shape.ans
...0.16050689684815832485
0.1659...
****

(15:47:15) Person=徐轶飞 Item=shape Test=6
(15:47:15) 判错理由：输出与答案不同。
(15:47:15) 详细信息：
发现不同：
****shape.out
...0.16388755450863498908
0.1655...
****shape.ans
...0.16405489351455144772
0.1651...
****

(15:47:15) Person=徐轶飞 Item=shape Test=7
(15:47:15) 判错理由：输出与答案不同。
(15:47:15) 详细信息：
发现不同：
****shape.out
...0.16598999385498669297
0.1699...
****shape.ans
...0.16615762137137892250
0.1696...
****

(15:47:16) Person=徐轶飞 Item=shape Test=8
(15:47:16) 判错理由：运行超时。
(15:47:16) 程序返回值：259
(15:47:16) 程序返回信息：
运行超时。


(15:47:17) Person=徐轶飞 Item=shape Test=9
(15:47:17) 判错理由：运行超时。
(15:47:17) 程序返回值：259
(15:47:17) 程序返回信息：
运行超时。


(15:47:18) Person=徐轶飞 Item=shape Test=10
(15:47:18) 判错理由：运行超时。
(15:47:18) 程序返回值：259
(15:47:18) 程序返回信息：
运行超时。


(15:47:19) Person=朱以待 Item=brick
(15:47:19) 判错理由：未找到有效的源文件。

(15:47:19) Person=朱以待 Item=shape
(15:47:19) 判错理由：未找到有效的源文件。

(15:47:20) Person=杨航源 Item=brick
(15:47:20) 判错理由：未找到有效的源文件。

(15:47:20) Person=杨航源 Item=shape
(15:47:20) 判错理由：未找到有效的源文件。

(15:47:20) Person=林星宇 Item=brick
(15:47:20) 判错理由：未找到有效的源文件。

(15:47:20) Person=林星宇 Item=shape Test=1
(15:47:20) 判错理由：输出与答案不同。
(15:47:20) 详细信息：
发现不同：
****shape.out
...0.29999999999999999999
0.1083...
****shape.ans
...0.30000000000000000000
0.1083...
****

(15:47:21) Person=林星宇 Item=shape Test=2
(15:47:21) 判错理由：运行超时。
(15:47:21) 程序返回值：259
(15:47:21) 程序返回信息：
运行超时。


(15:47:23) Person=林星宇 Item=shape Test=8
(15:47:23) 判错理由：运行超时。
(15:47:23) 程序返回值：259
(15:47:23) 程序返回信息：
运行超时。


(15:47:24) Person=林星宇 Item=shape Test=9
(15:47:24) 判错理由：运行超时。
(15:47:24) 程序返回值：259
(15:47:24) 程序返回信息：
运行超时。


(15:47:25) Person=林星宇 Item=shape Test=10
(15:47:25) 判错理由：运行超时。
(15:47:25) 程序返回值：259
(15:47:25) 程序返回信息：
运行超时。


(15:47:28) Person=柏钧文 Item=brick Test=2
(15:47:28) 判错理由：运行超时。
(15:47:28) 程序返回值：259
(15:47:28) 程序返回信息：
运行超时。


(15:47:29) Person=柏钧文 Item=brick Test=6
(15:47:29) 判错理由：运行超时。
(15:47:29) 程序返回值：259
(15:47:29) 程序返回信息：
运行超时。


(15:47:30) Person=柏钧文 Item=brick Test=7
(15:47:30) 判错理由：运行超时。
(15:47:30) 程序返回值：259
(15:47:30) 程序返回信息：
运行超时。


(15:47:31) Person=柏钧文 Item=brick Test=8
(15:47:31) 判错理由：运行超时。
(15:47:31) 程序返回值：259
(15:47:31) 程序返回信息：
运行超时。


(15:47:32) Person=柏钧文 Item=brick Test=9
(15:47:32) 判错理由：运行超时。
(15:47:32) 程序返回值：259
(15:47:32) 程序返回信息：
运行超时。


(15:47:33) Person=柏钧文 Item=brick Test=10
(15:47:33) 判错理由：运行超时。
(15:47:33) 程序返回值：259
(15:47:33) 程序返回信息：
运行超时。


(15:47:37) Person=梁露 Item=brick Test=2
(15:47:37) 判错理由：Runtime-Error.
(15:47:37) 程序返回值：-1073741819
(15:47:37) 程序返回信息：


(15:47:37) Person=梁露 Item=brick Test=4
(15:47:37) 判错理由：输出与答案不同。
(15:47:37) 详细信息：
发现不同：
****brick.out
...-374319
...
****brick.ans
...625684
...
****

(15:47:37) Person=梁露 Item=brick Test=5
(15:47:37) 判错理由：输出与答案不同。
(15:47:37) 详细信息：
发现不同：
****brick.out
...-894442
...
****brick.ans
...105561
...
****

(15:47:38) Person=梁露 Item=brick Test=6
(15:47:38) 判错理由：Runtime-Error.
(15:47:38) 程序返回值：-1073741819
(15:47:38) 程序返回信息：


(15:47:38) Person=梁露 Item=brick Test=7
(15:47:38) 判错理由：Runtime-Error.
(15:47:38) 程序返回值：-1073741819
(15:47:38) 程序返回信息：


(15:47:38) Person=梁露 Item=brick Test=8
(15:47:38) 判错理由：Runtime-Error.
(15:47:38) 程序返回值：-1073741819
(15:47:38) 程序返回信息：


(15:47:38) Person=梁露 Item=brick Test=9
(15:47:38) 判错理由：Runtime-Error.
(15:47:38) 程序返回值：-1073741819
(15:47:38) 程序返回信息：


(15:47:38) Person=梁露 Item=brick Test=10
(15:47:38) 判错理由：Runtime-Error.
(15:47:38) 程序返回值：-1073741819
(15:47:38) 程序返回信息：


(15:47:38) Person=梁露 Item=shape
(15:47:38) 判错理由：未找到有效的源文件。

(15:47:40) Person=汪弘洋 Item=brick Test=2
(15:47:40) 判错理由：Runtime-Error.
(15:47:40) 程序返回值：-1073741819
(15:47:40) 程序返回信息：


(15:47:41) Person=汪弘洋 Item=brick Test=6
(15:47:41) 判错理由：Runtime-Error.
(15:47:41) 程序返回值：-1073741819
(15:47:41) 程序返回信息：


(15:47:41) Person=汪弘洋 Item=brick Test=7
(15:47:41) 判错理由：Runtime-Error.
(15:47:41) 程序返回值：-1073741819
(15:47:41) 程序返回信息：


(15:47:41) Person=汪弘洋 Item=brick Test=8
(15:47:41) 判错理由：Runtime-Error.
(15:47:41) 程序返回值：-1073741819
(15:47:41) 程序返回信息：


(15:47:41) Person=汪弘洋 Item=brick Test=9
(15:47:41) 判错理由：Runtime-Error.
(15:47:41) 程序返回值：-1073741819
(15:47:41) 程序返回信息：


(15:47:42) Person=汪弘洋 Item=brick Test=10
(15:47:42) 判错理由：Runtime-Error.
(15:47:42) 程序返回值：-1073741819
(15:47:42) 程序返回信息：


(15:47:44) Person=汪弘洋 Item=shape Test=2
(15:47:44) 判错理由：运行超时。
(15:47:44) 程序返回值：259
(15:47:44) 程序返回信息：
运行超时。


(15:47:46) Person=汪弘洋 Item=shape Test=7
(15:47:46) 判错理由：运行超时。
(15:47:46) 程序返回值：259
(15:47:46) 程序返回信息：
运行超时。


(15:47:47) Person=汪弘洋 Item=shape Test=8
(15:47:47) 判错理由：运行超时。
(15:47:47) 程序返回值：259
(15:47:47) 程序返回信息：
运行超时。


(15:47:48) Person=汪弘洋 Item=shape Test=9
(15:47:48) 判错理由：运行超时。
(15:47:48) 程序返回值：259
(15:47:48) 程序返回信息：
运行超时。


(15:47:50) Person=汪弘洋 Item=shape Test=10
(15:47:50) 判错理由：运行超时。
(15:47:50) 程序返回值：259
(15:47:50) 程序返回信息：
运行超时。


(15:47:54) Person=沈匡济 Item=brick Test=2
(15:47:54) 判错理由：运行超时。
(15:47:54) 程序返回值：259
(15:47:54) 程序返回信息：
运行超时。


(15:47:56) Person=沈匡济 Item=brick Test=6
(15:47:56) 判错理由：运行超时。
(15:47:56) 程序返回值：259
(15:47:56) 程序返回信息：
运行超时。


(15:47:57) Person=沈匡济 Item=brick Test=7
(15:47:57) 判错理由：运行超时。
(15:47:57) 程序返回值：259
(15:47:57) 程序返回信息：
运行超时。


(15:47:58) Person=沈匡济 Item=brick Test=8
(15:47:58) 判错理由：运行超时。
(15:47:58) 程序返回值：259
(15:47:58) 程序返回信息：
运行超时。


(15:47:59) Person=沈匡济 Item=brick Test=9
(15:47:59) 判错理由：运行超时。
(15:47:59) 程序返回值：259
(15:47:59) 程序返回信息：
运行超时。


(15:48:00) Person=沈匡济 Item=brick Test=10
(15:48:00) 判错理由：运行超时。
(15:48:00) 程序返回值：259
(15:48:00) 程序返回信息：
运行超时。


(15:48:03) Person=沈匡济 Item=shape Test=2
(15:48:03) 判错理由：运行超时。
(15:48:03) 程序返回值：259
(15:48:03) 程序返回信息：
运行超时。


(15:48:05) Person=沈匡济 Item=shape Test=6
(15:48:05) 判错理由：运行超时。
(15:48:05) 程序返回值：259
(15:48:05) 程序返回信息：
运行超时。


(15:48:06) Person=沈匡济 Item=shape Test=7
(15:48:06) 判错理由：运行超时。
(15:48:06) 程序返回值：259
(15:48:06) 程序返回信息：
运行超时。


(15:48:07) Person=沈匡济 Item=shape Test=8
(15:48:07) 判错理由：运行超时。
(15:48:07) 程序返回值：259
(15:48:07) 程序返回信息：
运行超时。


(15:48:08) Person=沈匡济 Item=shape Test=9
(15:48:08) 判错理由：运行超时。
(15:48:08) 程序返回值：259
(15:48:08) 程序返回信息：
运行超时。


(15:48:10) Person=沈匡济 Item=shape Test=10
(15:48:10) 判错理由：运行超时。
(15:48:10) 程序返回值：259
(15:48:10) 程序返回信息：
运行超时。


(15:48:13) Person=田菁曳 Item=shape Test=2
(15:48:13) 判错理由：运行超时。
(15:48:13) 程序返回值：259
(15:48:13) 程序返回信息：
运行超时。


(15:48:15) Person=田菁曳 Item=shape Test=5
(15:48:15) 判错理由：运行超时。
(15:48:15) 程序返回值：259
(15:48:15) 程序返回信息：
运行超时。


(15:48:16) Person=田菁曳 Item=shape Test=6
(15:48:16) 判错理由：运行超时。
(15:48:16) 程序返回值：259
(15:48:16) 程序返回信息：
运行超时。


(15:48:17) Person=田菁曳 Item=shape Test=7
(15:48:17) 判错理由：运行超时。
(15:48:17) 程序返回值：259
(15:48:17) 程序返回信息：
运行超时。


(15:48:18) Person=田菁曳 Item=shape Test=8
(15:48:18) 判错理由：运行超时。
(15:48:18) 程序返回值：259
(15:48:18) 程序返回信息：
运行超时。


(15:48:19) Person=田菁曳 Item=shape Test=9
(15:48:19) 判错理由：运行超时。
(15:48:19) 程序返回值：259
(15:48:19) 程序返回信息：
运行超时。


(15:48:20) Person=田菁曳 Item=shape Test=10
(15:48:20) 判错理由：运行超时。
(15:48:20) 程序返回值：259
(15:48:20) 程序返回信息：
运行超时。


(15:48:21) Person=翁健 Item=brick
(15:48:21) 判错理由：未找到有效的源文件。

(15:48:22) Person=翁健 Item=shape Test=2
(15:48:22) 判错理由：输出与答案不同。
(15:48:22) 详细信息：
发现不同：
****shape.out
...0.16827057686806678476
0.1660...
****shape.ans
...0.16860844130300575858
0.1663...
****

(15:48:23) Person=翁健 Item=shape Test=5
(15:48:23) 判错理由：输出与答案不同。
(15:48:23) 详细信息：
发现不同：
****shape.out
...0.16018356200513908266
0.1656...
****shape.ans
...0.16050689684815832485
0.1659...
****

(15:48:23) Person=翁健 Item=shape Test=6
(15:48:23) 判错理由：输出与答案不同。
(15:48:23) 详细信息：
发现不同：
****shape.out
...0.16371984834947422640
0.1648...
****shape.ans
...0.16405489351455144772
0.1651...
****

(15:48:23) Person=翁健 Item=shape Test=7
(15:48:23) 判错理由：输出与答案不同。
(15:48:23) 详细信息：
发现不同：
****shape.out
...0.16582536838751083033
0.1692...
****shape.ans
...0.16615762137137892250
0.1696...
****

(15:48:23) Person=翁健 Item=shape Test=8
(15:48:23) 判错理由：输出与答案不同。
(15:48:23) 详细信息：
发现不同：
****shape.out
...0.16572794189041884665
0.1662...
****shape.ans
...0.16606011303303650001
0.1665...
****

(15:48:23) Person=翁健 Item=shape Test=9
(15:48:23) 判错理由：输出与答案不同。
(15:48:23) 详细信息：
发现不同：
****shape.out
...0.16439359127655551014
0.1655...
****shape.ans
...0.16472324102769661367
0.1658...
****

(15:48:23) Person=翁健 Item=shape Test=10
(15:48:23) 判错理由：输出与答案不同。
(15:48:23) 详细信息：
发现不同：
****shape.out
...0.16739384113539689578
0.1663...
****shape.ans
...0.16773013770732551741
0.1666...
****

(15:48:25) Person=赵亮 Item=brick Test=2
(15:48:25) 判错理由：Runtime-Error.
(15:48:25) 程序返回值：-1073741819
(15:48:25) 程序返回信息：


(15:48:26) Person=赵亮 Item=brick Test=7
(15:48:26) 判错理由：Runtime-Error.
(15:48:26) 程序返回值：-1073741819
(15:48:26) 程序返回信息：


(15:48:26) Person=赵亮 Item=brick Test=8
(15:48:26) 判错理由：Runtime-Error.
(15:48:26) 程序返回值：-1073741819
(15:48:26) 程序返回信息：


(15:48:26) Person=赵亮 Item=brick Test=9
(15:48:26) 判错理由：Runtime-Error.
(15:48:26) 程序返回值：-1073741819
(15:48:26) 程序返回信息：


(15:48:26) Person=赵亮 Item=brick Test=10
(15:48:26) 判错理由：Runtime-Error.
(15:48:26) 程序返回值：-1073741819
(15:48:26) 程序返回信息：


(15:48:28) Person=赵亮 Item=shape Test=2
(15:48:28) 判错理由：运行超时。
(15:48:28) 程序返回值：259
(15:48:28) 程序返回信息：
运行超时。


(15:48:30) Person=赵亮 Item=shape Test=8
(15:48:30) 判错理由：运行超时。
(15:48:30) 程序返回值：259
(15:48:30) 程序返回信息：
运行超时。


(15:48:31) Person=赵亮 Item=shape Test=9
(15:48:31) 判错理由：运行超时。
(15:48:31) 程序返回值：259
(15:48:31) 程序返回信息：
运行超时。


(15:48:32) Person=赵亮 Item=shape Test=10
(15:48:32) 判错理由：运行超时。
(15:48:32) 程序返回值：259
(15:48:32) 程序返回信息：
运行超时。


(15:48:38) Person=邵俊儒 Item=shape Test=2
(15:48:38) 判错理由：运行超时。
(15:48:38) 程序返回值：259
(15:48:38) 程序返回信息：
运行超时。


(15:48:40) Person=邵俊儒 Item=shape Test=8
(15:48:40) 判错理由：运行超时。
(15:48:40) 程序返回值：259
(15:48:40) 程序返回信息：
运行超时。


(15:48:41) Person=邵俊儒 Item=shape Test=9
(15:48:41) 判错理由：运行超时。
(15:48:41) 程序返回值：259
(15:48:41) 程序返回信息：
运行超时。


(15:48:42) Person=邵俊儒 Item=shape Test=10
(15:48:42) 判错理由：运行超时。
(15:48:42) 程序返回值：259
(15:48:42) 程序返回信息：
运行超时。


(15:48:44) Person=钱雨杰 Item=brick Test=2
(15:48:44) 判错理由：输出与答案不同。
(15:48:44) 详细信息：
发现不同：
****brick.out
...3
...
****brick.ans
...2692484
...
****

(15:48:44) Person=钱雨杰 Item=brick Test=4
(15:48:44) 判错理由：输出与答案不同。
(15:48:44) 详细信息：
发现不同：
****brick.out
...334088
...
****brick.ans
...625684
...
****

(15:48:44) Person=钱雨杰 Item=brick Test=5
(15:48:44) 判错理由：输出与答案不同。
(15:48:44) 详细信息：
发现不同：
****brick.out
...4121
...
****brick.ans
...105561
...
****

(15:48:44) Person=钱雨杰 Item=brick Test=6
(15:48:44) 判错理由：输出与答案不同。
(15:48:44) 详细信息：
发现不同：
****brick.out
...17837
...
****brick.ans
...6683530
...
****

(15:48:44) Person=钱雨杰 Item=brick Test=7
(15:48:44) 判错理由：输出与答案不同。
(15:48:44) 详细信息：
发现不同：
****brick.out
...3
...
****brick.ans
...365743
...
****

(15:48:44) Person=钱雨杰 Item=brick Test=8
(15:48:44) 判错理由：输出与答案不同。
(15:48:44) 详细信息：
发现不同：
****brick.out
...3
...
****brick.ans
...8666386
...
****

(15:48:45) Person=钱雨杰 Item=brick Test=9
(15:48:45) 判错理由：输出与答案不同。
(15:48:45) 详细信息：
发现不同：
****brick.out
...1
...
****brick.ans
...4659533
...
****

(15:48:45) Person=钱雨杰 Item=brick Test=10
(15:48:45) 判错理由：输出与答案不同。
(15:48:45) 详细信息：
发现不同：
****brick.out
...3
...
****brick.ans
...9167828
...
****

(15:48:53) Person=陈子D Item=shape Test=2
(15:48:53) 判错理由：运行超时。
(15:48:53) 程序返回值：259
(15:48:53) 程序返回信息：
运行超时。


(15:48:55) Person=陈子D Item=shape Test=8
(15:48:55) 判错理由：运行超时。
(15:48:55) 程序返回值：259
(15:48:55) 程序返回信息：
运行超时。


(15:48:56) Person=陈子D Item=shape Test=9
(15:48:56) 判错理由：运行超时。
(15:48:56) 程序返回值：259
(15:48:56) 程序返回信息：
运行超时。


(15:48:57) Person=陈子D Item=shape Test=10
(15:48:57) 判错理由：运行超时。
(15:48:57) 程序返回值：259
(15:48:57) 程序返回信息：
运行超时。


(15:48:58) Person=顾逸宏 Item=brick
(15:48:58) 判错理由：未找到有效的源文件。

(15:48:58) Person=顾逸宏 Item=shape
(15:48:58) 判错理由：未找到有效的源文件。

(15:48:59) Person=高胜寒 Item=brick Test=2
(15:48:59) 判错理由：Runtime-Error.
(15:48:59) 程序返回值：-1073741819
(15:48:59) 程序返回信息：


(15:49:00) Person=高胜寒 Item=brick Test=6
(15:49:00) 判错理由：运行超时。
(15:49:00) 程序返回值：259
(15:49:00) 程序返回信息：
运行超时。


(15:49:00) Person=高胜寒 Item=brick Test=7
(15:49:00) 判错理由：Runtime-Error.
(15:49:00) 程序返回值：-1073741819
(15:49:00) 程序返回信息：


(15:49:01) Person=高胜寒 Item=brick Test=8
(15:49:01) 判错理由：Runtime-Error.
(15:49:01) 程序返回值：-1073741819
(15:49:01) 程序返回信息：


(15:49:01) Person=高胜寒 Item=brick Test=9
(15:49:01) 判错理由：Runtime-Error.
(15:49:01) 程序返回值：-1073741819
(15:49:01) 程序返回信息：


(15:49:01) Person=高胜寒 Item=brick Test=10
(15:49:01) 判错理由：Runtime-Error.
(15:49:01) 程序返回值：-1073741819
(15:49:01) 程序返回信息：


(15:49:02) Person=高胜寒 Item=shape Test=2
(15:49:02) 判错理由：输出与答案不同。
(15:49:02) 详细信息：
发现不同：
****shape.out
...0.0000000000000000010-1
0.000...
****shape.ans
...0.16860844130300575858
0.1663...
****

(15:49:02) Person=高胜寒 Item=shape Test=6
(15:49:02) 判错理由：输出与答案不同。
(15:49:02) 详细信息：
发现不同：
****shape.out
...3.93991464903815974579
3.9670...
****shape.ans
...0.16405489351455144772
0.1651...
****

(15:49:02) Person=高胜寒 Item=shape Test=7
(15:49:02) 判错理由：输出与答案不同。
(15:49:02) 详细信息：
发现不同：
****shape.out
...1.1200-12-2021-1-1-1-2220-2-12...
****shape.ans
...0.16615762137137892250
0.1696...
****

(15:49:02) Person=高胜寒 Item=shape Test=8
(15:49:02) 判错理由：输出与答案不同。
(15:49:02) 详细信息：
发现不同：
****shape.out
...0.00000000000-101000010
0.-10...
****shape.ans
...0.16606011303303650001
0.1665...
****

(15:49:03) Person=高胜寒 Item=shape Test=9
(15:49:03) 判错理由：输出与答案不同。
(15:49:03) 详细信息：
发现不同：
****shape.out
...2.101020-1010100-10-1-2202
0....
****shape.ans
...0.16472324102769661367
0.1658...
****

(15:49:03) Person=高胜寒 Item=shape Test=10
(15:49:03) 判错理由：输出与答案不同。
(15:49:03) 详细信息：
发现不同：
****shape.out
...0.10000-100000000000-100
0.01...
****shape.ans
...0.16773013770732551741
0.1666...
****
