
(15:46:12) 开始评测选手“万清甫”
(15:46:12) brick:
(15:46:12) 找到brick.pas
(15:46:12) 开始编译……
(15:46:13) 编译成功。
(15:46:13) 测试点1(brick1.in)：
(15:46:13) 开始运行……
(15:46:13) 运行结束。耗时0.125秒，最大内存占用1580KB。
(15:46:13) 检查答案……
(15:46:13) 正确！
(15:46:13) 得分：10
(15:46:13) 测试点2(brick2.in)：
(15:46:13) 开始运行……
(15:46:13) 运行结束。耗时0.063秒，最大内存占用9772KB。
(15:46:13) Runtime-Error:-1073741819
(15:46:13) 得分：0
(15:46:13) 测试点3(brick3.in)：
(15:46:13) 开始运行……
(15:46:13) 运行结束。耗时0.046秒，最大内存占用1616KB。
(15:46:13) 检查答案……
(15:46:13) 正确！
(15:46:13) 得分：10
(15:46:13) 测试点4(brick4.in)：
(15:46:13) 开始运行……
(15:46:13) 运行结束。耗时0.125秒，最大内存占用1776KB。
(15:46:13) 检查答案……
(15:46:13) 正确！
(15:46:13) 得分：10
(15:46:13) 测试点5(brick5.in)：
(15:46:13) 开始运行……
(15:46:13) 运行结束。耗时0.203秒，最大内存占用1960KB。
(15:46:13) 检查答案……
(15:46:13) 正确！
(15:46:13) 得分：10
(15:46:13) 测试点6(brick6.in)：
(15:46:13) 开始运行……
(15:46:14) 运行结束。耗时1.031秒，最大内存占用8540KB。
(15:46:14) 运行超时。
(15:46:14) 得分：0
(15:46:14) 测试点7(brick7.in)：
(15:46:14) 开始运行……
(15:46:14) 运行结束。耗时0.063秒，最大内存占用9440KB。
(15:46:14) Runtime-Error:-1073741819
(15:46:14) 得分：0
(15:46:14) 测试点8(brick8.in)：
(15:46:14) 开始运行……
(15:46:15) 运行结束。耗时0.063秒，最大内存占用9772KB。
(15:46:15) Runtime-Error:-1073741819
(15:46:15) 得分：0
(15:46:15) 测试点9(brick9.in)：
(15:46:15) 开始运行……
(15:46:15) 运行结束。耗时0.078秒，最大内存占用9772KB。
(15:46:15) Runtime-Error:-1073741819
(15:46:15) 得分：0
(15:46:15) 测试点10(brick10.in)：
(15:46:15) 开始运行……
(15:46:15) 运行结束。耗时0.063秒，最大内存占用9772KB。
(15:46:15) Runtime-Error:-1073741819
(15:46:15) 得分：0
(15:46:15) brick总得分：40
(15:46:15) shape:
(15:46:15) 找到shape.pas
(15:46:15) 开始编译……
(15:46:15) 编译成功。
(15:46:15) 测试点1(shape1.in)：
(15:46:15) 开始运行……
(15:46:15) 运行结束。耗时0.140秒，最大内存占用3136KB。
(15:46:15) 检查答案……
(15:46:15) 正确！
(15:46:15) 得分：10
(15:46:15) 测试点2(shape2.in)：
(15:46:15) 开始运行……
(15:46:16) 运行结束。耗时1.047秒，最大内存占用3148KB。
(15:46:16) 运行超时。
(15:46:16) 得分：0
(15:46:16) 测试点3(shape3.in)：
(15:46:16) 开始运行……
(15:46:16) 运行结束。耗时0.047秒，最大内存占用3140KB。
(15:46:16) 检查答案……
(15:46:16) 正确！
(15:46:16) 得分：10
(15:46:16) 测试点4(shape4.in)：
(15:46:16) 开始运行……
(15:46:16) 运行结束。耗时0.046秒，最大内存占用3140KB。
(15:46:16) 检查答案……
(15:46:16) 正确！
(15:46:16) 得分：10
(15:46:16) 测试点5(shape5.in)：
(15:46:16) 开始运行……
(15:46:16) 运行结束。耗时0.141秒，最大内存占用3144KB。
(15:46:16) 检查答案……
(15:46:17) 正确！
(15:46:17) 得分：10
(15:46:17) 测试点6(shape6.in)：
(15:46:17) 开始运行……
(15:46:17) 运行结束。耗时0.765秒，最大内存占用3148KB。
(15:46:17) 检查答案……
(15:46:17) 正确！
(15:46:17) 得分：10
(15:46:17) 测试点7(shape7.in)：
(15:46:17) 开始运行……
(15:46:18) 运行结束。耗时1.047秒，最大内存占用3148KB。
(15:46:18) 运行超时。
(15:46:18) 得分：0
(15:46:18) 测试点8(shape8.in)：
(15:46:18) 开始运行……
(15:46:19) 运行结束。耗时1.047秒，最大内存占用3148KB。
(15:46:19) 运行超时。
(15:46:19) 得分：0
(15:46:19) 测试点9(shape9.in)：
(15:46:19) 开始运行……
(15:46:20) 运行结束。耗时1.031秒，最大内存占用3148KB。
(15:46:20) 运行超时。
(15:46:20) 得分：0
(15:46:20) 测试点10(shape10.in)：
(15:46:20) 开始运行……
(15:46:22) 运行结束。耗时1.031秒，最大内存占用3144KB。
(15:46:22) 运行超时。
(15:46:22) 得分：0
(15:46:22) shape总得分：50
(15:46:22) vector:
(15:46:22) 测试点1(vector1.in)：
(15:46:22) 检查答案……
(15:46:22) 正确！
(15:46:22) 得分：10
(15:46:22) 测试点2(vector2.in)：
(15:46:22) 检查答案……
(15:46:22) 正确！
(15:46:22) 得分：10
(15:46:22) 测试点3(vector3.in)：
(15:46:22) 检查答案……
(15:46:22) 正确！
(15:46:22) 得分：2
(15:46:22) 测试点4(vector4.in)：
(15:46:22) 检查答案……
(15:46:22) 正确！
(15:46:22) 得分：2
(15:46:22) 测试点5(vector5.in)：
(15:46:22) 检查答案……
(15:46:22) 正确！
(15:46:22) 得分：2
(15:46:22) 测试点6(vector6.in)：
(15:46:22) 检查答案……
(15:46:22) 正确！
(15:46:22) 得分：2
(15:46:22) 测试点7(vector7.in)：
(15:46:22) 检查答案……
(15:46:22) 正确！
(15:46:22) 得分：2
(15:46:22) 测试点8(vector8.in)：
(15:46:22) 检查答案……
(15:46:23) 正确！
(15:46:23) 得分：5
(15:46:23) 测试点9(vector9.in)：
(15:46:23) 检查答案……
(15:46:23) 正确！
(15:46:23) 得分：2
(15:46:23) 测试点10(vector10.in)：
(15:46:23) 检查答案……
(15:46:23) 正确！
(15:46:23) 得分：5
(15:46:23) vector总得分：42
(15:46:23) 选手“万清甫”最终得分：132

(15:46:23) 开始评测选手“刘彦麟”
(15:46:23) brick:
(15:46:23) 找到brick.cpp
(15:46:23) 开始编译……
(15:46:23) 编译成功。
(15:46:23) 测试点1(brick1.in)：
(15:46:23) 开始运行……
(15:46:23) 运行结束。耗时0.171秒，最大内存占用920KB。
(15:46:23) 检查答案……
(15:46:23) 正确！
(15:46:23) 得分：10
(15:46:23) 测试点2(brick2.in)：
(15:46:23) 开始运行……
(15:46:23) 运行结束。耗时0.047秒，最大内存占用920KB。
(15:46:23) 检查答案……
(15:46:24) 答案错误。
(15:46:24) 得分：0
(15:46:24) 测试点3(brick3.in)：
(15:46:24) 开始运行……
(15:46:24) 运行结束。耗时0.047秒，最大内存占用920KB。
(15:46:24) 检查答案……
(15:46:24) 正确！
(15:46:24) 得分：10
(15:46:24) 测试点4(brick4.in)：
(15:46:24) 开始运行……
(15:46:24) 运行结束。耗时0.047秒，最大内存占用920KB。
(15:46:24) 检查答案……
(15:46:24) 答案错误。
(15:46:24) 得分：0
(15:46:24) 测试点5(brick5.in)：
(15:46:24) 开始运行……
(15:46:24) 运行结束。耗时0.046秒，最大内存占用920KB。
(15:46:24) 检查答案……
(15:46:24) 答案错误。
(15:46:24) 得分：0
(15:46:24) 测试点6(brick6.in)：
(15:46:24) 开始运行……
(15:46:24) 运行结束。耗时0.047秒，最大内存占用920KB。
(15:46:24) 检查答案……
(15:46:24) 答案错误。
(15:46:24) 得分：0
(15:46:24) 测试点7(brick7.in)：
(15:46:24) 开始运行……
(15:46:24) 运行结束。耗时0.047秒，最大内存占用920KB。
(15:46:24) 检查答案……
(15:46:24) 答案错误。
(15:46:24) 得分：0
(15:46:24) 测试点8(brick8.in)：
(15:46:24) 开始运行……
(15:46:24) 运行结束。耗时0.047秒，最大内存占用920KB。
(15:46:24) 检查答案……
(15:46:24) 答案错误。
(15:46:24) 得分：0
(15:46:24) 测试点9(brick9.in)：
(15:46:24) 开始运行……
(15:46:24) 运行结束。耗时0.047秒，最大内存占用920KB。
(15:46:24) 检查答案……
(15:46:24) 答案错误。
(15:46:24) 得分：0
(15:46:24) 测试点10(brick10.in)：
(15:46:24) 开始运行……
(15:46:24) 运行结束。耗时0.047秒，最大内存占用920KB。
(15:46:24) 检查答案……
(15:46:24) 答案错误。
(15:46:24) 得分：0
(15:46:24) brick总得分：20
(15:46:24) shape:
(15:46:24) 找到shape.cpp
(15:46:24) 开始编译……
(15:46:25) 编译成功。
(15:46:25) 测试点1(shape1.in)：
(15:46:25) 开始运行……
(15:46:25) 运行结束。耗时0.125秒，最大内存占用1108KB。
(15:46:25) 检查答案……
(15:46:25) 答案错误。
(15:46:25) 得分：0
(15:46:25) 测试点2(shape2.in)：
(15:46:25) 开始运行……
(15:46:26) 运行结束。耗时1.079秒，最大内存占用1420KB。
(15:46:26) 运行超时。
(15:46:26) 得分：0
(15:46:26) 测试点3(shape3.in)：
(15:46:26) 开始运行……
(15:46:26) 运行结束。耗时0.078秒，最大内存占用1108KB。
(15:46:26) 检查答案……
(15:46:26) 答案错误。
(15:46:26) 得分：0
(15:46:27) 测试点4(shape4.in)：
(15:46:27) 开始运行……
(15:46:27) 运行结束。耗时0.094秒，最大内存占用1108KB。
(15:46:27) 检查答案……
(15:46:27) 答案错误。
(15:46:27) 得分：0
(15:46:27) 测试点5(shape5.in)：
(15:46:27) 开始运行……
(15:46:28) 运行结束。耗时1.079秒，最大内存占用1040KB。
(15:46:28) 运行超时。
(15:46:28) 得分：0
(15:46:28) 测试点6(shape6.in)：
(15:46:28) 开始运行……
(15:46:29) 运行结束。耗时1.078秒，最大内存占用1044KB。
(15:46:29) 运行超时。
(15:46:29) 得分：0
(15:46:29) 测试点7(shape7.in)：
(15:46:29) 开始运行……
(15:46:30) 运行结束。耗时1.078秒，最大内存占用1052KB。
(15:46:30) 运行超时。
(15:46:30) 得分：0
(15:46:30) 测试点8(shape8.in)：
(15:46:30) 开始运行……
(15:46:31) 运行结束。耗时1.078秒，最大内存占用1112KB。
(15:46:31) 运行超时。
(15:46:31) 得分：0
(15:46:31) 测试点9(shape9.in)：
(15:46:31) 开始运行……
(15:46:32) 运行结束。耗时1.079秒，最大内存占用1228KB。
(15:46:32) 运行超时。
(15:46:32) 得分：0
(15:46:32) 测试点10(shape10.in)：
(15:46:32) 开始运行……
(15:46:33) 运行结束。耗时1.078秒，最大内存占用1420KB。
(15:46:33) 运行超时。
(15:46:33) 得分：0
(15:46:33) shape总得分：0
(15:46:33) vector:
(15:46:33) 测试点1(vector1.in)：
(15:46:33) 检查答案……
(15:46:33) 正确！
(15:46:33) 得分：10
(15:46:33) 测试点2(vector2.in)：
(15:46:33) 检查答案……
(15:46:33) 正确！
(15:46:33) 得分：2
(15:46:33) 测试点3(vector3.in)：
(15:46:33) 检查答案……
(15:46:34) 正确！
(15:46:34) 得分：2
(15:46:34) 测试点4(vector4.in)：
(15:46:34) 检查答案……
(15:46:34) 正确！
(15:46:34) 得分：2
(15:46:34) 测试点5(vector5.in)：
(15:46:34) 检查答案……
(15:46:34) 正确！
(15:46:34) 得分：2
(15:46:34) 测试点6(vector6.in)：
(15:46:34) 检查答案……
(15:46:34) 正确！
(15:46:34) 得分：2
(15:46:34) 测试点7(vector7.in)：
(15:46:34) 检查答案……
(15:46:34) 正确！
(15:46:34) 得分：2
(15:46:34) 测试点8(vector8.in)：
(15:46:34) 检查答案……
(15:46:34) 正确！
(15:46:34) 得分：2
(15:46:34) 测试点9(vector9.in)：
(15:46:34) 检查答案……
(15:46:34) 正确！
(15:46:34) 得分：2
(15:46:34) 测试点10(vector10.in)：
(15:46:34) 检查答案……
(15:46:34) 正确！
(15:46:34) 得分：2
(15:46:34) vector总得分：28
(15:46:34) 选手“刘彦麟”最终得分：48

(15:46:34) 开始评测选手“刘楷”
(15:46:34) brick:
(15:46:34) 未找到有效的源文件。
(15:46:34) brick总得分：0
(15:46:34) shape:
(15:46:34) 找到shape.pas
(15:46:34) 开始编译……
(15:46:35) 编译成功。
(15:46:35) 测试点1(shape1.in)：
(15:46:35) 开始运行……
(15:46:35) 运行结束。耗时0.078秒，最大内存占用1572KB。
(15:46:35) 检查答案……
(15:46:35) 正确！
(15:46:35) 得分：10
(15:46:35) 测试点2(shape2.in)：
(15:46:35) 开始运行……
(15:46:36) 运行结束。耗时1.031秒，最大内存占用11888KB。
(15:46:36) 运行超时。
(15:46:36) 得分：0
(15:46:36) 测试点3(shape3.in)：
(15:46:36) 开始运行……
(15:46:36) 运行结束。耗时0.047秒，最大内存占用1572KB。
(15:46:36) 检查答案……
(15:46:36) 正确！
(15:46:36) 得分：10
(15:46:36) 测试点4(shape4.in)：
(15:46:36) 开始运行……
(15:46:36) 运行结束。耗时0.078秒，最大内存占用1572KB。
(15:46:36) 检查答案……
(15:46:36) 正确！
(15:46:36) 得分：10
(15:46:36) 测试点5(shape5.in)：
(15:46:36) 开始运行……
(15:46:37) 运行结束。耗时1.047秒，最大内存占用1652KB。
(15:46:37) 运行超时。
(15:46:37) 得分：0
(15:46:37) 测试点6(shape6.in)：
(15:46:37) 开始运行……
(15:46:38) 运行结束。耗时1.046秒，最大内存占用1872KB。
(15:46:38) 运行超时。
(15:46:38) 得分：0
(15:46:38) 测试点7(shape7.in)：
(15:46:38) 开始运行……
(15:46:39) 运行结束。耗时1.047秒，最大内存占用2084KB。
(15:46:39) 运行超时。
(15:46:39) 得分：0
(15:46:39) 测试点8(shape8.in)：
(15:46:39) 开始运行……
(15:46:40) 运行结束。耗时1.031秒，最大内存占用3692KB。
(15:46:40) 运行超时。
(15:46:40) 得分：0
(15:46:40) 测试点9(shape9.in)：
(15:46:40) 开始运行……
(15:46:41) 运行结束。耗时1.047秒，最大内存占用6988KB。
(15:46:41) 运行超时。
(15:46:41) 得分：0
(15:46:41) 测试点10(shape10.in)：
(15:46:41) 开始运行……
(15:46:42) 运行结束。耗时1.046秒，最大内存占用12120KB。
(15:46:42) 运行超时。
(15:46:42) 得分：0
(15:46:42) shape总得分：30
(15:46:42) vector:
(15:46:42) 测试点1(vector1.in)：
(15:46:42) 检查答案……
(15:46:43) 正确！
(15:46:43) 得分：10
(15:46:43) 测试点2(vector2.in)：
(15:46:43) 检查答案……
(15:46:43) 正确！
(15:46:43) 得分：2
(15:46:43) 测试点3(vector3.in)：
(15:46:43) 检查答案……
(15:46:43) 正确！
(15:46:43) 得分：2
(15:46:43) 测试点4(vector4.in)：
(15:46:43) 检查答案……
(15:46:43) 正确！
(15:46:43) 得分：5
(15:46:43) 测试点5(vector5.in)：
(15:46:43) 检查答案……
(15:46:43) 正确！
(15:46:43) 得分：5
(15:46:43) 测试点6(vector6.in)：
(15:46:43) 检查答案……
(15:46:43) 正确！
(15:46:43) 得分：10
(15:46:43) 测试点7(vector7.in)：
(15:46:43) 检查答案……
(15:46:43) 正确！
(15:46:43) 得分：10
(15:46:43) 测试点8(vector8.in)：
(15:46:43) 检查答案……
(15:46:43) 正确！
(15:46:43) 得分：5
(15:46:43) 测试点9(vector9.in)：
(15:46:43) 检查答案……
(15:46:44) 正确！
(15:46:44) 得分：2
(15:46:44) 测试点10(vector10.in)：
(15:46:44) 检查答案……
(15:46:44) 正确！
(15:46:44) 得分：5
(15:46:44) vector总得分：56
(15:46:44) 选手“刘楷”最终得分：86

(15:46:44) 开始评测选手“包奇”
(15:46:44) brick:
(15:46:44) 找到brick.cpp
(15:46:44) 开始编译……
(15:46:44) 编译成功。
(15:46:44) 测试点1(brick1.in)：
(15:46:44) 开始运行……
(15:46:45) 运行结束。耗时0.187秒，最大内存占用1064KB。
(15:46:45) 检查答案……
(15:46:45) 正确！
(15:46:45) 得分：10
(15:46:45) 测试点2(brick2.in)：
(15:46:45) 开始运行……
(15:46:45) 运行结束。耗时0.110秒，最大内存占用1064KB。
(15:46:45) 检查答案……
(15:46:45) 正确！
(15:46:45) 得分：10
(15:46:45) 测试点3(brick3.in)：
(15:46:45) 开始运行……
(15:46:45) 运行结束。耗时0.110秒，最大内存占用1064KB。
(15:46:45) 检查答案……
(15:46:45) 正确！
(15:46:45) 得分：10
(15:46:45) 测试点4(brick4.in)：
(15:46:45) 开始运行……
(15:46:45) 运行结束。耗时0.109秒，最大内存占用1064KB。
(15:46:45) 检查答案……
(15:46:45) 正确！
(15:46:45) 得分：10
(15:46:45) 测试点5(brick5.in)：
(15:46:45) 开始运行……
(15:46:45) 运行结束。耗时0.110秒，最大内存占用1064KB。
(15:46:45) 检查答案……
(15:46:45) 正确！
(15:46:45) 得分：10
(15:46:45) 测试点6(brick6.in)：
(15:46:45) 开始运行……
(15:46:45) 运行结束。耗时0.110秒，最大内存占用1064KB。
(15:46:45) 检查答案……
(15:46:45) 正确！
(15:46:45) 得分：10
(15:46:45) 测试点7(brick7.in)：
(15:46:45) 开始运行……
(15:46:46) 运行结束。耗时0.125秒，最大内存占用1064KB。
(15:46:46) 检查答案……
(15:46:46) 正确！
(15:46:46) 得分：10
(15:46:46) 测试点8(brick8.in)：
(15:46:46) 开始运行……
(15:46:46) 运行结束。耗时0.110秒，最大内存占用1064KB。
(15:46:46) 检查答案……
(15:46:46) 正确！
(15:46:46) 得分：10
(15:46:46) 测试点9(brick9.in)：
(15:46:46) 开始运行……
(15:46:46) 运行结束。耗时0.110秒，最大内存占用1064KB。
(15:46:46) 检查答案……
(15:46:46) 正确！
(15:46:46) 得分：10
(15:46:46) 测试点10(brick10.in)：
(15:46:46) 开始运行……
(15:46:46) 运行结束。耗时0.109秒，最大内存占用1064KB。
(15:46:46) 检查答案……
(15:46:46) 正确！
(15:46:46) 得分：10
(15:46:46) brick总得分：100
(15:46:46) shape:
(15:46:46) 找到shape.cpp
(15:46:46) 开始编译……
(15:46:47) 编译成功。
(15:46:47) 测试点1(shape1.in)：
(15:46:47) 开始运行……
(15:46:47) 运行结束。耗时0.203秒，最大内存占用99248KB。
(15:46:47) 检查答案……
(15:46:47) 正确！
(15:46:47) 得分：10
(15:46:47) 测试点2(shape2.in)：
(15:46:47) 开始运行……
(15:46:48) 运行结束。耗时0.188秒，最大内存占用99288KB。
(15:46:48) Runtime-Error:-1073741819
(15:46:48) 得分：0
(15:46:48) 测试点3(shape3.in)：
(15:46:48) 开始运行……
(15:46:48) 运行结束。耗时0.156秒，最大内存占用99248KB。
(15:46:48) 检查答案……
(15:46:48) 正确！
(15:46:48) 得分：10
(15:46:48) 测试点4(shape4.in)：
(15:46:48) 开始运行……
(15:46:48) 运行结束。耗时0.141秒，最大内存占用99252KB。
(15:46:48) 检查答案……
(15:46:48) 正确！
(15:46:48) 得分：10
(15:46:48) 测试点5(shape5.in)：
(15:46:48) 开始运行……
(15:46:48) 运行结束。耗时0.156秒，最大内存占用99268KB。
(15:46:48) 检查答案……
(15:46:48) 正确！
(15:46:48) 得分：10
(15:46:48) 测试点6(shape6.in)：
(15:46:48) 开始运行……
(15:46:48) 运行结束。耗时0.218秒，最大内存占用99284KB。
(15:46:48) 检查答案……
(15:46:48) 正确！
(15:46:48) 得分：10
(15:46:48) 测试点7(shape7.in)：
(15:46:48) 开始运行……
(15:46:49) 运行结束。耗时0.328秒，最大内存占用99288KB。
(15:46:49) 检查答案……
(15:46:49) 正确！
(15:46:49) 得分：10
(15:46:49) 测试点8(shape8.in)：
(15:46:49) 开始运行……
(15:46:49) 运行结束。耗时0.157秒，最大内存占用99288KB。
(15:46:49) Runtime-Error:-1073741819
(15:46:49) 得分：0
(15:46:49) 测试点9(shape9.in)：
(15:46:49) 开始运行……
(15:46:49) 运行结束。耗时0.156秒，最大内存占用99284KB。
(15:46:49) Runtime-Error:-1073741819
(15:46:49) 得分：0
(15:46:49) 测试点10(shape10.in)：
(15:46:49) 开始运行……
(15:46:49) 运行结束。耗时0.188秒，最大内存占用99288KB。
(15:46:49) Runtime-Error:-1073741819
(15:46:49) 得分：0
(15:46:49) shape总得分：60
(15:46:49) vector:
(15:46:49) 测试点1(vector1.in)：
(15:46:49) 找不到相应答案。
(15:46:49) 得分：0
(15:46:49) 测试点2(vector2.in)：
(15:46:49) 找不到相应答案。
(15:46:49) 得分：0
(15:46:49) 测试点3(vector3.in)：
(15:46:49) 找不到相应答案。
(15:46:49) 得分：0
(15:46:49) 测试点4(vector4.in)：
(15:46:49) 找不到相应答案。
(15:46:49) 得分：0
(15:46:49) 测试点5(vector5.in)：
(15:46:49) 找不到相应答案。
(15:46:49) 得分：0
(15:46:49) 测试点6(vector6.in)：
(15:46:49) 找不到相应答案。
(15:46:49) 得分：0
(15:46:49) 测试点7(vector7.in)：
(15:46:49) 找不到相应答案。
(15:46:49) 得分：0
(15:46:49) 测试点8(vector8.in)：
(15:46:49) 找不到相应答案。
(15:46:49) 得分：0
(15:46:49) 测试点9(vector9.in)：
(15:46:49) 找不到相应答案。
(15:46:49) 得分：0
(15:46:49) 测试点10(vector10.in)：
(15:46:49) 找不到相应答案。
(15:46:49) 得分：0
(15:46:49) vector总得分：0
(15:46:49) 选手“包奇”最终得分：160

(15:46:49) 开始评测选手“吕可凡”
(15:46:49) brick:
(15:46:49) 找到brick.pas
(15:46:49) 开始编译……
(15:46:50) 编译成功。
(15:46:50) 测试点1(brick1.in)：
(15:46:50) 开始运行……
(15:46:50) 运行结束。耗时0.063秒，最大内存占用1556KB。
(15:46:50) 检查答案……
(15:46:50) 正确！
(15:46:50) 得分：10
(15:46:50) 测试点2(brick2.in)：
(15:46:50) 开始运行……
(15:46:50) 运行结束。耗时0.047秒，最大内存占用1552KB。
(15:46:50) 检查答案……
(15:46:50) 正确！
(15:46:50) 得分：10
(15:46:50) 测试点3(brick3.in)：
(15:46:50) 开始运行……
(15:46:50) 运行结束。耗时0.047秒，最大内存占用1556KB。
(15:46:50) 检查答案……
(15:46:50) 正确！
(15:46:50) 得分：10
(15:46:50) 测试点4(brick4.in)：
(15:46:50) 开始运行……
(15:46:50) 运行结束。耗时0.047秒，最大内存占用1552KB。
(15:46:50) 检查答案……
(15:46:50) 正确！
(15:46:50) 得分：10
(15:46:50) 测试点5(brick5.in)：
(15:46:50) 开始运行……
(15:46:50) 运行结束。耗时0.047秒，最大内存占用1556KB。
(15:46:50) 检查答案……
(15:46:50) 正确！
(15:46:50) 得分：10
(15:46:50) 测试点6(brick6.in)：
(15:46:50) 开始运行……
(15:46:50) 运行结束。耗时0.047秒，最大内存占用1556KB。
(15:46:50) 检查答案……
(15:46:50) 正确！
(15:46:50) 得分：10
(15:46:50) 测试点7(brick7.in)：
(15:46:50) 开始运行……
(15:46:50) 运行结束。耗时0.047秒，最大内存占用1556KB。
(15:46:50) 检查答案……
(15:46:50) 正确！
(15:46:50) 得分：10
(15:46:50) 测试点8(brick8.in)：
(15:46:50) 开始运行……
(15:46:50) 运行结束。耗时0.047秒，最大内存占用1556KB。
(15:46:50) 检查答案……
(15:46:50) 正确！
(15:46:50) 得分：10
(15:46:50) 测试点9(brick9.in)：
(15:46:50) 开始运行……
(15:46:50) 运行结束。耗时0.047秒，最大内存占用1556KB。
(15:46:50) 检查答案……
(15:46:50) 正确！
(15:46:50) 得分：10
(15:46:50) 测试点10(brick10.in)：
(15:46:51) 开始运行……
(15:46:51) 运行结束。耗时0.047秒，最大内存占用1556KB。
(15:46:51) 检查答案……
(15:46:51) 正确！
(15:46:51) 得分：10
(15:46:51) brick总得分：100
(15:46:51) shape:
(15:46:51) 找到shape.pas
(15:46:51) 开始编译……
(15:46:51) 编译成功。
(15:46:51) 测试点1(shape1.in)：
(15:46:51) 开始运行……
(15:46:51) 运行结束。耗时0.046秒，最大内存占用1564KB。
(15:46:51) 检查答案……
(15:46:51) 正确！
(15:46:51) 得分：10
(15:46:51) 测试点2(shape2.in)：
(15:46:51) 开始运行……
(15:46:52) 运行结束。耗时1.032秒，最大内存占用8088KB。
(15:46:52) 运行超时。
(15:46:52) 得分：0
(15:46:52) 测试点3(shape3.in)：
(15:46:52) 开始运行……
(15:46:52) 运行结束。耗时0.047秒，最大内存占用1564KB。
(15:46:52) 检查答案……
(15:46:52) 正确！
(15:46:52) 得分：10
(15:46:52) 测试点4(shape4.in)：
(15:46:52) 开始运行……
(15:46:52) 运行结束。耗时0.078秒，最大内存占用1564KB。
(15:46:52) 检查答案……
(15:46:52) 正确！
(15:46:52) 得分：10
(15:46:52) 测试点5(shape5.in)：
(15:46:52) 开始运行……
(15:46:53) 运行结束。耗时1.032秒，最大内存占用1568KB。
(15:46:53) 运行超时。
(15:46:53) 得分：0
(15:46:53) 测试点6(shape6.in)：
(15:46:53) 开始运行……
(15:46:54) 运行结束。耗时1.031秒，最大内存占用1572KB。
(15:46:54) 运行超时。
(15:46:54) 得分：0
(15:46:54) 测试点7(shape7.in)：
(15:46:54) 开始运行……
(15:46:55) 运行结束。耗时1.047秒，最大内存占用1580KB。
(15:46:55) 运行超时。
(15:46:55) 得分：0
(15:46:55) 测试点8(shape8.in)：
(15:46:55) 开始运行……
(15:46:56) 运行结束。耗时1.031秒，最大内存占用8092KB。
(15:46:56) 运行超时。
(15:46:56) 得分：0
(15:46:56) 测试点9(shape9.in)：
(15:46:56) 开始运行……
(15:46:57) 运行结束。耗时1.047秒，最大内存占用8132KB。
(15:46:57) 运行超时。
(15:46:57) 得分：0
(15:46:57) 测试点10(shape10.in)：
(15:46:57) 开始运行……
(15:46:58) 运行结束。耗时1.031秒，最大内存占用8072KB。
(15:46:58) 运行超时。
(15:46:58) 得分：0
(15:46:58) shape总得分：30
(15:46:58) vector:
(15:46:58) 测试点1(vector1.in)：
(15:46:58) 检查答案……
(15:46:59) 正确！
(15:46:59) 得分：10
(15:46:59) 测试点2(vector2.in)：
(15:46:59) 检查答案……
(15:46:59) 正确！
(15:46:59) 得分：10
(15:46:59) 测试点3(vector3.in)：
(15:46:59) 检查答案……
(15:46:59) 正确！
(15:46:59) 得分：10
(15:46:59) 测试点4(vector4.in)：
(15:46:59) 检查答案……
(15:46:59) 正确！
(15:46:59) 得分：10
(15:46:59) 测试点5(vector5.in)：
(15:46:59) 检查答案……
(15:46:59) 正确！
(15:46:59) 得分：10
(15:46:59) 测试点6(vector6.in)：
(15:46:59) 检查答案……
(15:46:59) 正确！
(15:46:59) 得分：10
(15:46:59) 测试点7(vector7.in)：
(15:46:59) 检查答案……
(15:46:59) 正确！
(15:46:59) 得分：10
(15:46:59) 测试点8(vector8.in)：
(15:46:59) 检查答案……
(15:46:59) 正确！
(15:46:59) 得分：10
(15:46:59) 测试点9(vector9.in)：
(15:46:59) 检查答案……
(15:47:00) 正确！
(15:47:00) 得分：10
(15:47:00) 测试点10(vector10.in)：
(15:47:00) 检查答案……
(15:47:00) 正确！
(15:47:00) 得分：10
(15:47:00) vector总得分：100
(15:47:00) 选手“吕可凡”最终得分：230

(15:47:00) 开始评测选手“吴昊”
(15:47:00) brick:
(15:47:00) 找到brick.cpp
(15:47:00) 开始编译……
(15:47:00) 编译失败。
(15:47:00) brick总得分：0
(15:47:00) shape:
(15:47:00) 找到shape.cpp
(15:47:00) 开始编译……
(15:47:00) 编译成功。
(15:47:00) 测试点1(shape1.in)：
(15:47:00) 开始运行……
(15:47:00) 运行结束。耗时0.047秒，最大内存占用944KB。
(15:47:00) 检查答案……
(15:47:00) 答案错误。
(15:47:00) 得分：0
(15:47:00) 测试点2(shape2.in)：
(15:47:00) 开始运行……
(15:47:01) 运行结束。耗时0.156秒，最大内存占用956KB。
(15:47:01) 检查答案……
(15:47:01) 答案错误。
(15:47:01) 得分：0
(15:47:01) 测试点3(shape3.in)：
(15:47:01) 开始运行……
(15:47:01) 运行结束。耗时0.047秒，最大内存占用944KB。
(15:47:01) 检查答案……
(15:47:01) 答案错误。
(15:47:01) 得分：0
(15:47:01) 测试点4(shape4.in)：
(15:47:01) 开始运行……
(15:47:01) 运行结束。耗时0.063秒，最大内存占用944KB。
(15:47:01) 检查答案……
(15:47:01) 答案错误。
(15:47:01) 得分：0
(15:47:01) 测试点5(shape5.in)：
(15:47:01) 开始运行……
(15:47:02) 运行结束。耗时1.047秒，最大内存占用912KB。
(15:47:02) 运行超时。
(15:47:02) 得分：0
(15:47:02) 测试点6(shape6.in)：
(15:47:02) 开始运行……
(15:47:03) 运行结束。耗时1.062秒，最大内存占用920KB。
(15:47:03) 运行超时。
(15:47:03) 得分：0
(15:47:03) 测试点7(shape7.in)：
(15:47:03) 开始运行……
(15:47:04) 运行结束。耗时1.047秒，最大内存占用924KB。
(15:47:04) 运行超时。
(15:47:04) 得分：0
(15:47:04) 测试点8(shape8.in)：
(15:47:04) 开始运行……
(15:47:05) 运行结束。耗时1.047秒，最大内存占用924KB。
(15:47:05) 运行超时。
(15:47:05) 得分：0
(15:47:05) 测试点9(shape9.in)：
(15:47:05) 开始运行……
(15:47:06) 运行结束。耗时0.797秒，最大内存占用956KB。
(15:47:06) 检查答案……
(15:47:06) 答案错误。
(15:47:06) 得分：0
(15:47:06) 测试点10(shape10.in)：
(15:47:06) 开始运行……
(15:47:07) 运行结束。耗时1.047秒，最大内存占用956KB。
(15:47:07) 运行超时。
(15:47:07) 得分：0
(15:47:07) shape总得分：0
(15:47:07) vector:
(15:47:07) 测试点1(vector1.in)：
(15:47:07) 检查答案……
(15:47:07) 正确！
(15:47:07) 得分：10
(15:47:07) 测试点2(vector2.in)：
(15:47:07) 检查答案……
(15:47:07) 正确！
(15:47:07) 得分：2
(15:47:07) 测试点3(vector3.in)：
(15:47:07) 检查答案……
(15:47:07) 正确！
(15:47:07) 得分：2
(15:47:07) 测试点4(vector4.in)：
(15:47:07) 检查答案……
(15:47:07) 正确！
(15:47:07) 得分：2
(15:47:07) 测试点5(vector5.in)：
(15:47:07) 检查答案……
(15:47:08) 正确！
(15:47:08) 得分：2
(15:47:08) 测试点6(vector6.in)：
(15:47:08) 检查答案……
(15:47:08) 正确！
(15:47:08) 得分：2
(15:47:08) 测试点7(vector7.in)：
(15:47:08) 检查答案……
(15:47:08) 正确！
(15:47:08) 得分：2
(15:47:08) 测试点8(vector8.in)：
(15:47:08) 检查答案……
(15:47:08) 正确！
(15:47:08) 得分：2
(15:47:08) 测试点9(vector9.in)：
(15:47:08) 检查答案……
(15:47:08) 正确！
(15:47:08) 得分：2
(15:47:08) 测试点10(vector10.in)：
(15:47:08) 检查答案……
(15:47:08) 正确！
(15:47:08) 得分：2
(15:47:08) vector总得分：28
(15:47:08) 选手“吴昊”最终得分：28

(15:47:08) 开始评测选手“周畅”
(15:47:08) brick:
(15:47:08) 未找到有效的源文件。
(15:47:08) brick总得分：0
(15:47:08) shape:
(15:47:08) 未找到有效的源文件。
(15:47:08) shape总得分：0
(15:47:08) vector:
(15:47:08) 测试点1(vector1.in)：
(15:47:08) 找不到相应答案。
(15:47:08) 得分：0
(15:47:08) 测试点2(vector2.in)：
(15:47:08) 找不到相应答案。
(15:47:08) 得分：0
(15:47:08) 测试点3(vector3.in)：
(15:47:08) 找不到相应答案。
(15:47:08) 得分：0
(15:47:08) 测试点4(vector4.in)：
(15:47:08) 找不到相应答案。
(15:47:08) 得分：0
(15:47:08) 测试点5(vector5.in)：
(15:47:08) 找不到相应答案。
(15:47:08) 得分：0
(15:47:08) 测试点6(vector6.in)：
(15:47:08) 找不到相应答案。
(15:47:08) 得分：0
(15:47:08) 测试点7(vector7.in)：
(15:47:08) 找不到相应答案。
(15:47:08) 得分：0
(15:47:08) 测试点8(vector8.in)：
(15:47:08) 找不到相应答案。
(15:47:08) 得分：0
(15:47:08) 测试点9(vector9.in)：
(15:47:08) 找不到相应答案。
(15:47:08) 得分：0
(15:47:08) 测试点10(vector10.in)：
(15:47:08) 找不到相应答案。
(15:47:08) 得分：0
(15:47:08) vector总得分：0
(15:47:08) 选手“周畅”最终得分：0

(15:47:08) 开始评测选手“徐毅”
(15:47:08) brick:
(15:47:08) 未找到有效的源文件。
(15:47:08) brick总得分：0
(15:47:08) shape:
(15:47:08) 未找到有效的源文件。
(15:47:08) shape总得分：0
(15:47:08) vector:
(15:47:08) 测试点1(vector1.in)：
(15:47:08) 找不到相应答案。
(15:47:08) 得分：0
(15:47:08) 测试点2(vector2.in)：
(15:47:08) 找不到相应答案。
(15:47:08) 得分：0
(15:47:08) 测试点3(vector3.in)：
(15:47:08) 找不到相应答案。
(15:47:08) 得分：0
(15:47:08) 测试点4(vector4.in)：
(15:47:08) 找不到相应答案。
(15:47:08) 得分：0
(15:47:08) 测试点5(vector5.in)：
(15:47:08) 找不到相应答案。
(15:47:08) 得分：0
(15:47:08) 测试点6(vector6.in)：
(15:47:08) 找不到相应答案。
(15:47:08) 得分：0
(15:47:08) 测试点7(vector7.in)：
(15:47:08) 找不到相应答案。
(15:47:08) 得分：0
(15:47:08) 测试点8(vector8.in)：
(15:47:08) 找不到相应答案。
(15:47:08) 得分：0
(15:47:08) 测试点9(vector9.in)：
(15:47:08) 找不到相应答案。
(15:47:08) 得分：0
(15:47:08) 测试点10(vector10.in)：
(15:47:08) 找不到相应答案。
(15:47:08) 得分：0
(15:47:08) vector总得分：0
(15:47:08) 选手“徐毅”最终得分：0

(15:47:08) 开始评测选手“徐磊”
(15:47:08) brick:
(15:47:08) 未找到有效的源文件。
(15:47:08) brick总得分：0
(15:47:08) shape:
(15:47:08) 找到shape.cpp
(15:47:08) 开始编译……
(15:47:09) 编译成功。
(15:47:09) 测试点1(shape1.in)：
(15:47:09) 开始运行……
(15:47:10) 运行结束。耗时0.187秒，最大内存占用1132KB。
(15:47:10) 检查答案……
(15:47:10) 正确！
(15:47:10) 得分：10
(15:47:10) 测试点2(shape2.in)：
(15:47:10) 开始运行……
(15:47:10) 运行结束。耗时0.187秒，最大内存占用1692KB。
(15:47:10) 检查答案……
(15:47:10) 正确！
(15:47:10) 得分：10
(15:47:10) 测试点3(shape3.in)：
(15:47:10) 开始运行……
(15:47:10) 运行结束。耗时0.109秒，最大内存占用1132KB。
(15:47:10) 检查答案……
(15:47:10) 正确！
(15:47:10) 得分：10
(15:47:10) 测试点4(shape4.in)：
(15:47:10) 开始运行……
(15:47:10) 运行结束。耗时0.125秒，最大内存占用1136KB。
(15:47:10) 检查答案……
(15:47:10) 正确！
(15:47:10) 得分：10
(15:47:10) 测试点5(shape5.in)：
(15:47:10) 开始运行……
(15:47:10) 运行结束。耗时0.109秒，最大内存占用1176KB。
(15:47:10) 检查答案……
(15:47:10) 正确！
(15:47:10) 得分：10
(15:47:10) 测试点6(shape6.in)：
(15:47:10) 开始运行……
(15:47:11) 运行结束。耗时0.125秒，最大内存占用1236KB。
(15:47:11) 检查答案……
(15:47:11) 正确！
(15:47:11) 得分：10
(15:47:11) 测试点7(shape7.in)：
(15:47:11) 开始运行……
(15:47:11) 运行结束。耗时0.125秒，最大内存占用1256KB。
(15:47:11) 检查答案……
(15:47:11) 正确！
(15:47:11) 得分：10
(15:47:11) 测试点8(shape8.in)：
(15:47:11) 开始运行……
(15:47:11) 运行结束。耗时0.125秒，最大内存占用1348KB。
(15:47:11) 检查答案……
(15:47:11) 正确！
(15:47:11) 得分：10
(15:47:11) 测试点9(shape9.in)：
(15:47:11) 开始运行……
(15:47:11) 运行结束。耗时0.157秒，最大内存占用1480KB。
(15:47:11) 检查答案……
(15:47:11) 正确！
(15:47:11) 得分：10
(15:47:11) 测试点10(shape10.in)：
(15:47:11) 开始运行……
(15:47:11) 运行结束。耗时0.188秒，最大内存占用1692KB。
(15:47:11) 检查答案……
(15:47:11) 正确！
(15:47:11) 得分：10
(15:47:11) shape总得分：100
(15:47:11) vector:
(15:47:11) 测试点1(vector1.in)：
(15:47:11) 检查答案……
(15:47:12) 正确！
(15:47:12) 得分：10
(15:47:12) 测试点2(vector2.in)：
(15:47:12) 检查答案……
(15:47:12) 正确！
(15:47:12) 得分：2
(15:47:12) 测试点3(vector3.in)：
(15:47:12) 检查答案……
(15:47:12) 正确！
(15:47:12) 得分：10
(15:47:12) 测试点4(vector4.in)：
(15:47:12) 检查答案……
(15:47:12) 正确！
(15:47:12) 得分：10
(15:47:12) 测试点5(vector5.in)：
(15:47:12) 检查答案……
(15:47:12) 正确！
(15:47:12) 得分：7
(15:47:12) 测试点6(vector6.in)：
(15:47:12) 检查答案……
(15:47:12) 正确！
(15:47:12) 得分：10
(15:47:12) 测试点7(vector7.in)：
(15:47:12) 检查答案……
(15:47:12) 正确！
(15:47:12) 得分：10
(15:47:12) 测试点8(vector8.in)：
(15:47:12) 检查答案……
(15:47:12) 正确！
(15:47:12) 得分：10
(15:47:12) 测试点9(vector9.in)：
(15:47:12) 检查答案……
(15:47:13) 正确！
(15:47:13) 得分：10
(15:47:13) 测试点10(vector10.in)：
(15:47:13) 检查答案……
(15:47:13) 正确！
(15:47:13) 得分：10
(15:47:13) vector总得分：89
(15:47:13) 选手“徐磊”最终得分：189

(15:47:13) 开始评测选手“徐轶飞”
(15:47:13) brick:
(15:47:13) 未找到有效的源文件。
(15:47:13) brick总得分：0
(15:47:13) shape:
(15:47:13) 找到shape.pas
(15:47:13) 开始编译……
(15:47:13) 编译成功。
(15:47:13) 测试点1(shape1.in)：
(15:47:13) 开始运行……
(15:47:13) 运行结束。耗时0.063秒，最大内存占用1648KB。
(15:47:13) 检查答案……
(15:47:13) 正确！
(15:47:13) 得分：10
(15:47:13) 测试点2(shape2.in)：
(15:47:13) 开始运行……
(15:47:14) 运行结束。耗时1.047秒，最大内存占用1584KB。
(15:47:14) 运行超时。
(15:47:14) 得分：0
(15:47:14) 测试点3(shape3.in)：
(15:47:14) 开始运行……
(15:47:14) 运行结束。耗时0.063秒，最大内存占用1988KB。
(15:47:14) 检查答案……
(15:47:14) 答案错误。
(15:47:14) 得分：0
(15:47:14) 测试点4(shape4.in)：
(15:47:14) 开始运行……
(15:47:14) 运行结束。耗时0.047秒，最大内存占用3328KB。
(15:47:14) 检查答案……
(15:47:14) 答案错误。
(15:47:14) 得分：0
(15:47:14) 测试点5(shape5.in)：
(15:47:14) 开始运行……
(15:47:14) 运行结束。耗时0.063秒，最大内存占用13560KB。
(15:47:14) 检查答案……
(15:47:14) 答案错误。
(15:47:14) 得分：0
(15:47:14) 测试点6(shape6.in)：
(15:47:14) 开始运行……
(15:47:15) 运行结束。耗时0.219秒，最大内存占用61004KB。
(15:47:15) 检查答案……
(15:47:15) 答案错误。
(15:47:15) 得分：0
(15:47:15) 测试点7(shape7.in)：
(15:47:15) 开始运行……
(15:47:15) 运行结束。耗时0.532秒，最大内存占用135632KB。
(15:47:15) 检查答案……
(15:47:15) 答案错误。
(15:47:15) 得分：0
(15:47:15) 测试点8(shape8.in)：
(15:47:15) 开始运行……
(15:47:16) 运行结束。耗时1.031秒，最大内存占用1584KB。
(15:47:16) 运行超时。
(15:47:16) 得分：0
(15:47:16) 测试点9(shape9.in)：
(15:47:16) 开始运行……
(15:47:17) 运行结束。耗时1.047秒，最大内存占用1584KB。
(15:47:17) 运行超时。
(15:47:17) 得分：0
(15:47:17) 测试点10(shape10.in)：
(15:47:17) 开始运行……
(15:47:18) 运行结束。耗时1.031秒，最大内存占用1584KB。
(15:47:18) 运行超时。
(15:47:18) 得分：0
(15:47:18) shape总得分：10
(15:47:18) vector:
(15:47:18) 测试点1(vector1.in)：
(15:47:18) 检查答案……
(15:47:18) 正确！
(15:47:18) 得分：10
(15:47:18) 测试点2(vector2.in)：
(15:47:18) 检查答案……
(15:47:18) 正确！
(15:47:18) 得分：2
(15:47:18) 测试点3(vector3.in)：
(15:47:19) 检查答案……
(15:47:19) 正确！
(15:47:19) 得分：2
(15:47:19) 测试点4(vector4.in)：
(15:47:19) 检查答案……
(15:47:19) 正确！
(15:47:19) 得分：2
(15:47:19) 测试点5(vector5.in)：
(15:47:19) 检查答案……
(15:47:19) 正确！
(15:47:19) 得分：2
(15:47:19) 测试点6(vector6.in)：
(15:47:19) 检查答案……
(15:47:19) 正确！
(15:47:19) 得分：2
(15:47:19) 测试点7(vector7.in)：
(15:47:19) 检查答案……
(15:47:19) 正确！
(15:47:19) 得分：2
(15:47:19) 测试点8(vector8.in)：
(15:47:19) 检查答案……
(15:47:19) 正确！
(15:47:19) 得分：2
(15:47:19) 测试点9(vector9.in)：
(15:47:19) 检查答案……
(15:47:19) 正确！
(15:47:19) 得分：2
(15:47:19) 测试点10(vector10.in)：
(15:47:19) 检查答案……
(15:47:19) 正确！
(15:47:19) 得分：2
(15:47:19) vector总得分：28
(15:47:19) 选手“徐轶飞”最终得分：38

(15:47:19) 开始评测选手“朱以待”
(15:47:19) brick:
(15:47:19) 未找到有效的源文件。
(15:47:19) brick总得分：0
(15:47:19) shape:
(15:47:19) 未找到有效的源文件。
(15:47:19) shape总得分：0
(15:47:19) vector:
(15:47:19) 测试点1(vector1.in)：
(15:47:19) 找不到相应答案。
(15:47:19) 得分：0
(15:47:19) 测试点2(vector2.in)：
(15:47:19) 找不到相应答案。
(15:47:19) 得分：0
(15:47:19) 测试点3(vector3.in)：
(15:47:19) 找不到相应答案。
(15:47:19) 得分：0
(15:47:19) 测试点4(vector4.in)：
(15:47:20) 找不到相应答案。
(15:47:20) 得分：0
(15:47:20) 测试点5(vector5.in)：
(15:47:20) 找不到相应答案。
(15:47:20) 得分：0
(15:47:20) 测试点6(vector6.in)：
(15:47:20) 找不到相应答案。
(15:47:20) 得分：0
(15:47:20) 测试点7(vector7.in)：
(15:47:20) 找不到相应答案。
(15:47:20) 得分：0
(15:47:20) 测试点8(vector8.in)：
(15:47:20) 找不到相应答案。
(15:47:20) 得分：0
(15:47:20) 测试点9(vector9.in)：
(15:47:20) 找不到相应答案。
(15:47:20) 得分：0
(15:47:20) 测试点10(vector10.in)：
(15:47:20) 找不到相应答案。
(15:47:20) 得分：0
(15:47:20) vector总得分：0
(15:47:20) 选手“朱以待”最终得分：0

(15:47:20) 开始评测选手“杨航源”
(15:47:20) brick:
(15:47:20) 未找到有效的源文件。
(15:47:20) brick总得分：0
(15:47:20) shape:
(15:47:20) 未找到有效的源文件。
(15:47:20) shape总得分：0
(15:47:20) vector:
(15:47:20) 测试点1(vector1.in)：
(15:47:20) 找不到相应答案。
(15:47:20) 得分：0
(15:47:20) 测试点2(vector2.in)：
(15:47:20) 找不到相应答案。
(15:47:20) 得分：0
(15:47:20) 测试点3(vector3.in)：
(15:47:20) 找不到相应答案。
(15:47:20) 得分：0
(15:47:20) 测试点4(vector4.in)：
(15:47:20) 找不到相应答案。
(15:47:20) 得分：0
(15:47:20) 测试点5(vector5.in)：
(15:47:20) 找不到相应答案。
(15:47:20) 得分：0
(15:47:20) 测试点6(vector6.in)：
(15:47:20) 找不到相应答案。
(15:47:20) 得分：0
(15:47:20) 测试点7(vector7.in)：
(15:47:20) 找不到相应答案。
(15:47:20) 得分：0
(15:47:20) 测试点8(vector8.in)：
(15:47:20) 找不到相应答案。
(15:47:20) 得分：0
(15:47:20) 测试点9(vector9.in)：
(15:47:20) 找不到相应答案。
(15:47:20) 得分：0
(15:47:20) 测试点10(vector10.in)：
(15:47:20) 找不到相应答案。
(15:47:20) 得分：0
(15:47:20) vector总得分：0
(15:47:20) 选手“杨航源”最终得分：0

(15:47:20) 开始评测选手“林星宇”
(15:47:20) brick:
(15:47:20) 未找到有效的源文件。
(15:47:20) brick总得分：0
(15:47:20) shape:
(15:47:20) 找到shape.pas
(15:47:20) 开始编译……
(15:47:20) 编译成功。
(15:47:20) 测试点1(shape1.in)：
(15:47:20) 开始运行……
(15:47:20) 运行结束。耗时0.062秒，最大内存占用2392KB。
(15:47:20) 检查答案……
(15:47:20) 答案错误。
(15:47:20) 得分：0
(15:47:20) 测试点2(shape2.in)：
(15:47:20) 开始运行……
(15:47:21) 运行结束。耗时1.046秒，最大内存占用7868KB。
(15:47:21) 运行超时。
(15:47:21) 得分：0
(15:47:21) 测试点3(shape3.in)：
(15:47:21) 开始运行……
(15:47:21) 运行结束。耗时0.047秒，最大内存占用2404KB。
(15:47:21) 检查答案……
(15:47:21) 正确！
(15:47:21) 得分：10
(15:47:21) 测试点4(shape4.in)：
(15:47:21) 开始运行……
(15:47:21) 运行结束。耗时0.047秒，最大内存占用2404KB。
(15:47:21) 检查答案……
(15:47:21) 正确！
(15:47:21) 得分：10
(15:47:21) 测试点5(shape5.in)：
(15:47:21) 开始运行……
(15:47:21) 运行结束。耗时0.093秒，最大内存占用2448KB。
(15:47:21) 检查答案……
(15:47:21) 正确！
(15:47:21) 得分：10
(15:47:21) 测试点6(shape6.in)：
(15:47:21) 开始运行……
(15:47:21) 运行结束。耗时0.125秒，最大内存占用2560KB。
(15:47:21) 检查答案……
(15:47:21) 正确！
(15:47:21) 得分：10
(15:47:21) 测试点7(shape7.in)：
(15:47:21) 开始运行……
(15:47:22) 运行结束。耗时0.281秒，最大内存占用2672KB。
(15:47:22) 检查答案……
(15:47:22) 正确！
(15:47:22) 得分：10
(15:47:22) 测试点8(shape8.in)：
(15:47:22) 开始运行……
(15:47:23) 运行结束。耗时1.047秒，最大内存占用3488KB。
(15:47:23) 运行超时。
(15:47:23) 得分：0
(15:47:23) 测试点9(shape9.in)：
(15:47:23) 开始运行……
(15:47:24) 运行结束。耗时1.047秒，最大内存占用5140KB。
(15:47:24) 运行超时。
(15:47:24) 得分：0
(15:47:24) 测试点10(shape10.in)：
(15:47:24) 开始运行……
(15:47:25) 运行结束。耗时1.047秒，最大内存占用7864KB。
(15:47:25) 运行超时。
(15:47:25) 得分：0
(15:47:25) shape总得分：50
(15:47:25) vector:
(15:47:25) 测试点1(vector1.in)：
(15:47:25) 检查答案……
(15:47:25) 正确！
(15:47:25) 得分：10
(15:47:25) 测试点2(vector2.in)：
(15:47:25) 检查答案……
(15:47:25) 正确！
(15:47:25) 得分：2
(15:47:25) 测试点3(vector3.in)：
(15:47:25) 检查答案……
(15:47:25) 正确！
(15:47:25) 得分：2
(15:47:25) 测试点4(vector4.in)：
(15:47:25) 检查答案……
(15:47:25) 正确！
(15:47:25) 得分：5
(15:47:25) 测试点5(vector5.in)：
(15:47:25) 检查答案……
(15:47:26) 正确！
(15:47:26) 得分：5
(15:47:26) 测试点6(vector6.in)：
(15:47:26) 检查答案……
(15:47:26) 正确！
(15:47:26) 得分：2
(15:47:26) 测试点7(vector7.in)：
(15:47:26) 检查答案……
(15:47:26) 正确！
(15:47:26) 得分：10
(15:47:26) 测试点8(vector8.in)：
(15:47:26) 检查答案……
(15:47:26) 正确！
(15:47:26) 得分：2
(15:47:26) 测试点9(vector9.in)：
(15:47:26) 检查答案……
(15:47:26) 正确！
(15:47:26) 得分：2
(15:47:26) 测试点10(vector10.in)：
(15:47:26) 检查答案……
(15:47:26) 正确！
(15:47:26) 得分：2
(15:47:26) vector总得分：42
(15:47:26) 选手“林星宇”最终得分：92

(15:47:26) 开始评测选手“柏钧文”
(15:47:26) brick:
(15:47:26) 找到brick.pas
(15:47:26) 开始编译……
(15:47:26) 编译成功。
(15:47:26) 测试点1(brick1.in)：
(15:47:26) 开始运行……
(15:47:27) 运行结束。耗时0.140秒，最大内存占用1584KB。
(15:47:27) 检查答案……
(15:47:27) 正确！
(15:47:27) 得分：10
(15:47:27) 测试点2(brick2.in)：
(15:47:27) 开始运行……
(15:47:28) 运行结束。耗时1.047秒，最大内存占用1576KB。
(15:47:28) 运行超时。
(15:47:28) 得分：0
(15:47:28) 测试点3(brick3.in)：
(15:47:28) 开始运行……
(15:47:28) 运行结束。耗时0.046秒，最大内存占用1612KB。
(15:47:28) 检查答案……
(15:47:28) 正确！
(15:47:28) 得分：10
(15:47:28) 测试点4(brick4.in)：
(15:47:28) 开始运行……
(15:47:28) 运行结束。耗时0.047秒，最大内存占用1784KB。
(15:47:28) 检查答案……
(15:47:28) 正确！
(15:47:28) 得分：10
(15:47:28) 测试点5(brick5.in)：
(15:47:28) 开始运行……
(15:47:28) 运行结束。耗时0.063秒，最大内存占用1996KB。
(15:47:28) 检查答案……
(15:47:28) 正确！
(15:47:28) 得分：10
(15:47:28) 测试点6(brick6.in)：
(15:47:28) 开始运行……
(15:47:29) 运行结束。耗时1.047秒，最大内存占用4148KB。
(15:47:29) 运行超时。
(15:47:29) 得分：0
(15:47:29) 测试点7(brick7.in)：
(15:47:29) 开始运行……
(15:47:30) 运行结束。耗时1.031秒，最大内存占用3824KB。
(15:47:30) 运行超时。
(15:47:30) 得分：0
(15:47:30) 测试点8(brick8.in)：
(15:47:30) 开始运行……
(15:47:31) 运行结束。耗时1.031秒，最大内存占用1784KB。
(15:47:31) 运行超时。
(15:47:31) 得分：0
(15:47:31) 测试点9(brick9.in)：
(15:47:31) 开始运行……
(15:47:32) 运行结束。耗时1.031秒，最大内存占用1584KB。
(15:47:32) 运行超时。
(15:47:32) 得分：0
(15:47:32) 测试点10(brick10.in)：
(15:47:32) 开始运行……
(15:47:33) 运行结束。耗时1.031秒，最大内存占用1576KB。
(15:47:33) 运行超时。
(15:47:33) 得分：0
(15:47:33) brick总得分：40
(15:47:33) shape:
(15:47:33) 找到shape.pas
(15:47:33) 开始编译……
(15:47:33) 编译成功。
(15:47:33) 测试点1(shape1.in)：
(15:47:33) 开始运行……
(15:47:33) 运行结束。耗时0.094秒，最大内存占用7856KB。
(15:47:33) 检查答案……
(15:47:33) 正确！
(15:47:33) 得分：10
(15:47:33) 测试点2(shape2.in)：
(15:47:33) 开始运行……
(15:47:34) 运行结束。耗时0.234秒，最大内存占用10204KB。
(15:47:34) 检查答案……
(15:47:34) 正确！
(15:47:34) 得分：10
(15:47:34) 测试点3(shape3.in)：
(15:47:34) 开始运行……
(15:47:34) 运行结束。耗时0.047秒，最大内存占用7856KB。
(15:47:34) 检查答案……
(15:47:34) 正确！
(15:47:34) 得分：10
(15:47:34) 测试点4(shape4.in)：
(15:47:34) 开始运行……
(15:47:34) 运行结束。耗时0.047秒，最大内存占用7864KB。
(15:47:34) 检查答案……
(15:47:34) 正确！
(15:47:34) 得分：10
(15:47:34) 测试点5(shape5.in)：
(15:47:34) 开始运行……
(15:47:34) 运行结束。耗时0.062秒，最大内存占用7880KB。
(15:47:34) 检查答案……
(15:47:34) 正确！
(15:47:34) 得分：10
(15:47:34) 测试点6(shape6.in)：
(15:47:34) 开始运行……
(15:47:34) 运行结束。耗时0.062秒，最大内存占用7928KB。
(15:47:34) 检查答案……
(15:47:34) 正确！
(15:47:34) 得分：10
(15:47:34) 测试点7(shape7.in)：
(15:47:34) 开始运行……
(15:47:34) 运行结束。耗时0.062秒，最大内存占用7976KB。
(15:47:34) 检查答案……
(15:47:34) 正确！
(15:47:34) 得分：10
(15:47:34) 测试点8(shape8.in)：
(15:47:34) 开始运行……
(15:47:34) 运行结束。耗时0.078秒，最大内存占用8328KB。
(15:47:34) 检查答案……
(15:47:34) 正确！
(15:47:34) 得分：10
(15:47:34) 测试点9(shape9.in)：
(15:47:34) 开始运行……
(15:47:34) 运行结束。耗时0.125秒，最大内存占用9036KB。
(15:47:34) 检查答案……
(15:47:35) 正确！
(15:47:35) 得分：10
(15:47:35) 测试点10(shape10.in)：
(15:47:35) 开始运行……
(15:47:35) 运行结束。耗时0.219秒，最大内存占用10204KB。
(15:47:35) 检查答案……
(15:47:35) 正确！
(15:47:35) 得分：10
(15:47:35) shape总得分：100
(15:47:35) vector:
(15:47:35) 测试点1(vector1.in)：
(15:47:35) 检查答案……
(15:47:35) 正确！
(15:47:35) 得分：10
(15:47:35) 测试点2(vector2.in)：
(15:47:35) 检查答案……
(15:47:35) 正确！
(15:47:35) 得分：10
(15:47:35) 测试点3(vector3.in)：
(15:47:35) 检查答案……
(15:47:35) 正确！
(15:47:35) 得分：2
(15:47:35) 测试点4(vector4.in)：
(15:47:35) 检查答案……
(15:47:35) 正确！
(15:47:35) 得分：2
(15:47:35) 测试点5(vector5.in)：
(15:47:35) 检查答案……
(15:47:35) 正确！
(15:47:35) 得分：2
(15:47:35) 测试点6(vector6.in)：
(15:47:35) 检查答案……
(15:47:36) 正确！
(15:47:36) 得分：2
(15:47:36) 测试点7(vector7.in)：
(15:47:36) 检查答案……
(15:47:36) 正确！
(15:47:36) 得分：2
(15:47:36) 测试点8(vector8.in)：
(15:47:36) 检查答案……
(15:47:36) 正确！
(15:47:36) 得分：2
(15:47:36) 测试点9(vector9.in)：
(15:47:36) 检查答案……
(15:47:36) 正确！
(15:47:36) 得分：2
(15:47:36) 测试点10(vector10.in)：
(15:47:36) 检查答案……
(15:47:36) 正确！
(15:47:36) 得分：2
(15:47:36) vector总得分：36
(15:47:36) 选手“柏钧文”最终得分：176

(15:47:36) 开始评测选手“梁露”
(15:47:36) brick:
(15:47:36) 找到brick.cpp
(15:47:36) 开始编译……
(15:47:37) 编译成功。
(15:47:37) 测试点1(brick1.in)：
(15:47:37) 开始运行……
(15:47:37) 运行结束。耗时0.110秒，最大内存占用1100KB。
(15:47:37) 检查答案……
(15:47:37) 正确！
(15:47:37) 得分：10
(15:47:37) 测试点2(brick2.in)：
(15:47:37) 开始运行……
(15:47:37) 运行结束。耗时0.078秒，最大内存占用1080KB。
(15:47:37) Runtime-Error:-1073741819
(15:47:37) 得分：0
(15:47:37) 测试点3(brick3.in)：
(15:47:37) 开始运行……
(15:47:37) 运行结束。耗时0.078秒，最大内存占用1100KB。
(15:47:37) 检查答案……
(15:47:37) 正确！
(15:47:37) 得分：10
(15:47:37) 测试点4(brick4.in)：
(15:47:37) 开始运行……
(15:47:37) 运行结束。耗时0.078秒，最大内存占用1100KB。
(15:47:37) 检查答案……
(15:47:37) 答案错误。
(15:47:37) 得分：0
(15:47:37) 测试点5(brick5.in)：
(15:47:37) 开始运行……
(15:47:37) 运行结束。耗时0.078秒，最大内存占用1100KB。
(15:47:37) 检查答案……
(15:47:37) 答案错误。
(15:47:37) 得分：0
(15:47:37) 测试点6(brick6.in)：
(15:47:37) 开始运行……
(15:47:38) 运行结束。耗时0.125秒，最大内存占用1080KB。
(15:47:38) Runtime-Error:-1073741819
(15:47:38) 得分：0
(15:47:38) 测试点7(brick7.in)：
(15:47:38) 开始运行……
(15:47:38) 运行结束。耗时0.078秒，最大内存占用1084KB。
(15:47:38) Runtime-Error:-1073741819
(15:47:38) 得分：0
(15:47:38) 测试点8(brick8.in)：
(15:47:38) 开始运行……
(15:47:38) 运行结束。耗时0.078秒，最大内存占用1080KB。
(15:47:38) Runtime-Error:-1073741819
(15:47:38) 得分：0
(15:47:38) 测试点9(brick9.in)：
(15:47:38) 开始运行……
(15:47:38) 运行结束。耗时0.094秒，最大内存占用1080KB。
(15:47:38) Runtime-Error:-1073741819
(15:47:38) 得分：0
(15:47:38) 测试点10(brick10.in)：
(15:47:38) 开始运行……
(15:47:38) 运行结束。耗时0.094秒，最大内存占用1080KB。
(15:47:38) Runtime-Error:-1073741819
(15:47:38) 得分：0
(15:47:38) brick总得分：20
(15:47:38) shape:
(15:47:38) 未找到有效的源文件。
(15:47:38) shape总得分：0
(15:47:38) vector:
(15:47:38) 测试点1(vector1.in)：
(15:47:38) 检查答案……
(15:47:38) 正确！
(15:47:38) 得分：10
(15:47:38) 测试点2(vector2.in)：
(15:47:38) 检查答案……
(15:47:38) 正确！
(15:47:38) 得分：10
(15:47:38) 测试点3(vector3.in)：
(15:47:38) 检查答案……
(15:47:38) 正确！
(15:47:38) 得分：2
(15:47:38) 测试点4(vector4.in)：
(15:47:38) 检查答案……
(15:47:38) 正确！
(15:47:38) 得分：2
(15:47:39) 测试点5(vector5.in)：
(15:47:39) 检查答案……
(15:47:39) 正确！
(15:47:39) 得分：2
(15:47:39) 测试点6(vector6.in)：
(15:47:39) 检查答案……
(15:47:39) 正确！
(15:47:39) 得分：2
(15:47:39) 测试点7(vector7.in)：
(15:47:39) 找不到相应答案。
(15:47:39) 得分：0
(15:47:39) 测试点8(vector8.in)：
(15:47:39) 找不到相应答案。
(15:47:39) 得分：0
(15:47:39) 测试点9(vector9.in)：
(15:47:39) 检查答案……
(15:47:39) 正确！
(15:47:39) 得分：2
(15:47:39) 测试点10(vector10.in)：
(15:47:39) 检查答案……
(15:47:39) 正确！
(15:47:39) 得分：2
(15:47:39) vector总得分：32
(15:47:39) 选手“梁露”最终得分：52

(15:47:39) 开始评测选手“汪弘洋”
(15:47:39) brick:
(15:47:39) 找到brick.cpp
(15:47:39) 开始编译……
(15:47:40) 编译成功。
(15:47:40) 测试点1(brick1.in)：
(15:47:40) 开始运行……
(15:47:40) 运行结束。耗时0.157秒，最大内存占用1128KB。
(15:47:40) 检查答案……
(15:47:40) 正确！
(15:47:40) 得分：10
(15:47:40) 测试点2(brick2.in)：
(15:47:40) 开始运行……
(15:47:40) 运行结束。耗时0.109秒，最大内存占用1424KB。
(15:47:40) Runtime-Error:-1073741819
(15:47:40) 得分：0
(15:47:40) 测试点3(brick3.in)：
(15:47:40) 开始运行……
(15:47:40) 运行结束。耗时0.078秒，最大内存占用1152KB。
(15:47:40) 检查答案……
(15:47:40) 正确！
(15:47:40) 得分：10
(15:47:40) 测试点4(brick4.in)：
(15:47:40) 开始运行……
(15:47:41) 运行结束。耗时0.094秒，最大内存占用1280KB。
(15:47:41) 检查答案……
(15:47:41) 正确！
(15:47:41) 得分：10
(15:47:41) 测试点5(brick5.in)：
(15:47:41) 开始运行……
(15:47:41) 运行结束。耗时0.218秒，最大内存占用1432KB。
(15:47:41) 检查答案……
(15:47:41) 正确！
(15:47:41) 得分：10
(15:47:41) 测试点6(brick6.in)：
(15:47:41) 开始运行……
(15:47:41) 运行结束。耗时0.109秒，最大内存占用1424KB。
(15:47:41) Runtime-Error:-1073741819
(15:47:41) 得分：0
(15:47:41) 测试点7(brick7.in)：
(15:47:41) 开始运行……
(15:47:41) 运行结束。耗时0.109秒，最大内存占用1424KB。
(15:47:41) Runtime-Error:-1073741819
(15:47:41) 得分：0
(15:47:41) 测试点8(brick8.in)：
(15:47:41) 开始运行……
(15:47:41) 运行结束。耗时0.109秒，最大内存占用1424KB。
(15:47:41) Runtime-Error:-1073741819
(15:47:41) 得分：0
(15:47:41) 测试点9(brick9.in)：
(15:47:41) 开始运行……
(15:47:41) 运行结束。耗时0.110秒，最大内存占用1424KB。
(15:47:41) Runtime-Error:-1073741819
(15:47:41) 得分：0
(15:47:41) 测试点10(brick10.in)：
(15:47:41) 开始运行……
(15:47:42) 运行结束。耗时0.109秒，最大内存占用1424KB。
(15:47:42) Runtime-Error:-1073741819
(15:47:42) 得分：0
(15:47:42) brick总得分：40
(15:47:42) shape:
(15:47:42) 找到shape.cpp
(15:47:42) 开始编译……
(15:47:43) 编译成功。
(15:47:43) 测试点1(shape1.in)：
(15:47:43) 开始运行……
(15:47:43) 运行结束。耗时0.172秒，最大内存占用1888KB。
(15:47:43) 检查答案……
(15:47:43) 正确！
(15:47:43) 得分：10
(15:47:43) 测试点2(shape2.in)：
(15:47:43) 开始运行……
(15:47:44) 运行结束。耗时1.109秒，最大内存占用3396KB。
(15:47:44) 运行超时。
(15:47:44) 得分：0
(15:47:44) 测试点3(shape3.in)：
(15:47:44) 开始运行……
(15:47:44) 运行结束。耗时0.109秒，最大内存占用1892KB。
(15:47:44) 检查答案……
(15:47:44) 正确！
(15:47:44) 得分：10
(15:47:44) 测试点4(shape4.in)：
(15:47:44) 开始运行……
(15:47:44) 运行结束。耗时0.125秒，最大内存占用1892KB。
(15:47:44) 检查答案……
(15:47:44) 正确！
(15:47:44) 得分：10
(15:47:44) 测试点5(shape5.in)：
(15:47:44) 开始运行……
(15:47:44) 运行结束。耗时0.187秒，最大内存占用1908KB。
(15:47:44) 检查答案……
(15:47:44) 正确！
(15:47:44) 得分：10
(15:47:44) 测试点6(shape6.in)：
(15:47:44) 开始运行……
(15:47:45) 运行结束。耗时0.656秒，最大内存占用1948KB。
(15:47:45) 检查答案……
(15:47:45) 正确！
(15:47:45) 得分：10
(15:47:45) 测试点7(shape7.in)：
(15:47:45) 开始运行……
(15:47:46) 运行结束。耗时1.109秒，最大内存占用1944KB。
(15:47:46) 运行超时。
(15:47:46) 得分：0
(15:47:46) 测试点8(shape8.in)：
(15:47:46) 开始运行……
(15:47:47) 运行结束。耗时1.109秒，最大内存占用2156KB。
(15:47:47) 运行超时。
(15:47:47) 得分：0
(15:47:47) 测试点9(shape9.in)：
(15:47:47) 开始运行……
(15:47:48) 运行结束。耗时1.109秒，最大内存占用2632KB。
(15:47:48) 运行超时。
(15:47:48) 得分：0
(15:47:48) 测试点10(shape10.in)：
(15:47:48) 开始运行……
(15:47:50) 运行结束。耗时1.109秒，最大内存占用3396KB。
(15:47:50) 运行超时。
(15:47:50) 得分：0
(15:47:50) shape总得分：50
(15:47:50) vector:
(15:47:50) 测试点1(vector1.in)：
(15:47:50) 检查答案……
(15:47:50) 正确！
(15:47:50) 得分：10
(15:47:50) 测试点2(vector2.in)：
(15:47:50) 检查答案……
(15:47:50) 正确！
(15:47:50) 得分：2
(15:47:50) 测试点3(vector3.in)：
(15:47:50) 检查答案……
(15:47:50) 正确！
(15:47:50) 得分：2
(15:47:50) 测试点4(vector4.in)：
(15:47:50) 检查答案……
(15:47:50) 正确！
(15:47:50) 得分：2
(15:47:50) 测试点5(vector5.in)：
(15:47:50) 检查答案……
(15:47:50) 正确！
(15:47:50) 得分：5
(15:47:50) 测试点6(vector6.in)：
(15:47:50) 检查答案……
(15:47:50) 正确！
(15:47:50) 得分：2
(15:47:50) 测试点7(vector7.in)：
(15:47:50) 检查答案……
(15:47:50) 正确！
(15:47:50) 得分：2
(15:47:50) 测试点8(vector8.in)：
(15:47:50) 检查答案……
(15:47:51) 正确！
(15:47:51) 得分：5
(15:47:51) 测试点9(vector9.in)：
(15:47:51) 检查答案……
(15:47:51) 正确！
(15:47:51) 得分：2
(15:47:51) 测试点10(vector10.in)：
(15:47:51) 检查答案……
(15:47:51) 正确！
(15:47:51) 得分：5
(15:47:51) vector总得分：37
(15:47:51) 选手“汪弘洋”最终得分：127

(15:47:51) 开始评测选手“沈匡济”
(15:47:51) brick:
(15:47:51) 找到brick.cpp
(15:47:51) 开始编译……
(15:47:52) 编译成功。
(15:47:52) 测试点1(brick1.in)：
(15:47:52) 开始运行……
(15:47:53) 运行结束。耗时0.500秒，最大内存占用1108KB。
(15:47:53) 检查答案……
(15:47:53) 正确！
(15:47:53) 得分：10
(15:47:53) 测试点2(brick2.in)：
(15:47:53) 开始运行……
(15:47:54) 运行结束。耗时1.078秒，最大内存占用5632KB。
(15:47:54) 运行超时。
(15:47:54) 得分：0
(15:47:54) 测试点3(brick3.in)：
(15:47:54) 开始运行……
(15:47:54) 运行结束。耗时0.078秒，最大内存占用1176KB。
(15:47:54) 检查答案……
(15:47:54) 正确！
(15:47:54) 得分：10
(15:47:54) 测试点4(brick4.in)：
(15:47:54) 开始运行……
(15:47:54) 运行结束。耗时0.125秒，最大内存占用2364KB。
(15:47:54) 检查答案……
(15:47:54) 正确！
(15:47:54) 得分：10
(15:47:54) 测试点5(brick5.in)：
(15:47:54) 开始运行……
(15:47:55) 运行结束。耗时0.984秒，最大内存占用5544KB。
(15:47:55) 检查答案……
(15:47:55) 正确！
(15:47:55) 得分：10
(15:47:55) 测试点6(brick6.in)：
(15:47:55) 开始运行……
(15:47:56) 运行结束。耗时1.078秒，最大内存占用5688KB。
(15:47:56) 运行超时。
(15:47:56) 得分：0
(15:47:56) 测试点7(brick7.in)：
(15:47:56) 开始运行……
(15:47:57) 运行结束。耗时1.078秒，最大内存占用5704KB。
(15:47:57) 运行超时。
(15:47:57) 得分：0
(15:47:57) 测试点8(brick8.in)：
(15:47:57) 开始运行……
(15:47:58) 运行结束。耗时1.078秒，最大内存占用5696KB。
(15:47:58) 运行超时。
(15:47:58) 得分：0
(15:47:58) 测试点9(brick9.in)：
(15:47:58) 开始运行……
(15:47:59) 运行结束。耗时1.078秒，最大内存占用5700KB。
(15:47:59) 运行超时。
(15:47:59) 得分：0
(15:47:59) 测试点10(brick10.in)：
(15:47:59) 开始运行……
(15:48:00) 运行结束。耗时1.078秒，最大内存占用5716KB。
(15:48:00) 运行超时。
(15:48:00) 得分：0
(15:48:00) brick总得分：40
(15:48:00) shape:
(15:48:00) 找到shape.cpp
(15:48:00) 开始编译……
(15:48:01) 编译成功。
(15:48:01) 测试点1(shape1.in)：
(15:48:01) 开始运行……
(15:48:01) 运行结束。耗时0.203秒，最大内存占用1064KB。
(15:48:01) 检查答案……
(15:48:01) 正确！
(15:48:01) 得分：10
(15:48:01) 测试点2(shape2.in)：
(15:48:01) 开始运行……
(15:48:03) 运行结束。耗时1.109秒，最大内存占用1428KB。
(15:48:03) 运行超时。
(15:48:03) 得分：0
(15:48:03) 测试点3(shape3.in)：
(15:48:03) 开始运行……
(15:48:03) 运行结束。耗时0.109秒，最大内存占用1064KB。
(15:48:03) 检查答案……
(15:48:03) 正确！
(15:48:03) 得分：10
(15:48:03) 测试点4(shape4.in)：
(15:48:03) 开始运行……
(15:48:03) 运行结束。耗时0.125秒，最大内存占用1064KB。
(15:48:03) 检查答案……
(15:48:03) 正确！
(15:48:03) 得分：10
(15:48:03) 测试点5(shape5.in)：
(15:48:03) 开始运行……
(15:48:04) 运行结束。耗时1.047秒，最大内存占用1068KB。
(15:48:04) 检查答案……
(15:48:04) 正确！
(15:48:04) 得分：10
(15:48:04) 测试点6(shape6.in)：
(15:48:04) 开始运行……
(15:48:05) 运行结束。耗时1.109秒，最大内存占用1048KB。
(15:48:05) 运行超时。
(15:48:05) 得分：0
(15:48:05) 测试点7(shape7.in)：
(15:48:05) 开始运行……
(15:48:06) 运行结束。耗时1.109秒，最大内存占用1056KB。
(15:48:06) 运行超时。
(15:48:06) 得分：0
(15:48:06) 测试点8(shape8.in)：
(15:48:06) 开始运行……
(15:48:07) 运行结束。耗时1.109秒，最大内存占用1116KB。
(15:48:07) 运行超时。
(15:48:07) 得分：0
(15:48:07) 测试点9(shape9.in)：
(15:48:07) 开始运行……
(15:48:08) 运行结束。耗时1.109秒，最大内存占用1232KB。
(15:48:08) 运行超时。
(15:48:08) 得分：0
(15:48:08) 测试点10(shape10.in)：
(15:48:08) 开始运行……
(15:48:10) 运行结束。耗时1.109秒，最大内存占用1428KB。
(15:48:10) 运行超时。
(15:48:10) 得分：0
(15:48:10) shape总得分：40
(15:48:10) vector:
(15:48:10) 测试点1(vector1.in)：
(15:48:10) 检查答案……
(15:48:10) 正确！
(15:48:10) 得分：7
(15:48:10) 测试点2(vector2.in)：
(15:48:10) 检查答案……
(15:48:10) 正确！
(15:48:10) 得分：2
(15:48:10) 测试点3(vector3.in)：
(15:48:10) 检查答案……
(15:48:10) 正确！
(15:48:10) 得分：2
(15:48:10) 测试点4(vector4.in)：
(15:48:10) 检查答案……
(15:48:10) 正确！
(15:48:10) 得分：2
(15:48:10) 测试点5(vector5.in)：
(15:48:10) 检查答案……
(15:48:10) 正确！
(15:48:10) 得分：2
(15:48:10) 测试点6(vector6.in)：
(15:48:10) 检查答案……
(15:48:10) 正确！
(15:48:10) 得分：2
(15:48:10) 测试点7(vector7.in)：
(15:48:10) 检查答案……
(15:48:10) 正确！
(15:48:10) 得分：2
(15:48:10) 测试点8(vector8.in)：
(15:48:10) 检查答案……
(15:48:11) 正确！
(15:48:11) 得分：2
(15:48:11) 测试点9(vector9.in)：
(15:48:11) 检查答案……
(15:48:11) 正确！
(15:48:11) 得分：2
(15:48:11) 测试点10(vector10.in)：
(15:48:11) 检查答案……
(15:48:11) 正确！
(15:48:11) 得分：2
(15:48:11) vector总得分：25
(15:48:11) 选手“沈匡济”最终得分：105

(15:48:11) 开始评测选手“田菁曳”
(15:48:11) brick:
(15:48:11) 找到brick.pas
(15:48:11) 开始编译……
(15:48:11) 编译成功。
(15:48:11) 测试点1(brick1.in)：
(15:48:11) 开始运行……
(15:48:11) 运行结束。耗时0.078秒，最大内存占用1556KB。
(15:48:11) 检查答案……
(15:48:11) 正确！
(15:48:11) 得分：10
(15:48:11) 测试点2(brick2.in)：
(15:48:11) 开始运行……
(15:48:11) 运行结束。耗时0.046秒，最大内存占用1556KB。
(15:48:11) 检查答案……
(15:48:11) 正确！
(15:48:11) 得分：10
(15:48:11) 测试点3(brick3.in)：
(15:48:11) 开始运行……
(15:48:11) 运行结束。耗时0.047秒，最大内存占用1556KB。
(15:48:11) 检查答案……
(15:48:11) 正确！
(15:48:11) 得分：10
(15:48:11) 测试点4(brick4.in)：
(15:48:11) 开始运行……
(15:48:11) 运行结束。耗时0.047秒，最大内存占用1556KB。
(15:48:11) 检查答案……
(15:48:11) 正确！
(15:48:11) 得分：10
(15:48:11) 测试点5(brick5.in)：
(15:48:12) 开始运行……
(15:48:12) 运行结束。耗时0.047秒，最大内存占用1556KB。
(15:48:12) 检查答案……
(15:48:12) 正确！
(15:48:12) 得分：10
(15:48:12) 测试点6(brick6.in)：
(15:48:12) 开始运行……
(15:48:12) 运行结束。耗时0.046秒，最大内存占用1556KB。
(15:48:12) 检查答案……
(15:48:12) 正确！
(15:48:12) 得分：10
(15:48:12) 测试点7(brick7.in)：
(15:48:12) 开始运行……
(15:48:12) 运行结束。耗时0.047秒，最大内存占用1556KB。
(15:48:12) 检查答案……
(15:48:12) 正确！
(15:48:12) 得分：10
(15:48:12) 测试点8(brick8.in)：
(15:48:12) 开始运行……
(15:48:12) 运行结束。耗时0.062秒，最大内存占用1556KB。
(15:48:12) 检查答案……
(15:48:12) 正确！
(15:48:12) 得分：10
(15:48:12) 测试点9(brick9.in)：
(15:48:12) 开始运行……
(15:48:12) 运行结束。耗时0.047秒，最大内存占用1556KB。
(15:48:12) 检查答案……
(15:48:12) 正确！
(15:48:12) 得分：10
(15:48:12) 测试点10(brick10.in)：
(15:48:12) 开始运行……
(15:48:12) 运行结束。耗时0.047秒，最大内存占用1552KB。
(15:48:12) 检查答案……
(15:48:12) 正确！
(15:48:12) 得分：10
(15:48:12) brick总得分：100
(15:48:12) shape:
(15:48:12) 找到shape.pas
(15:48:12) 开始编译……
(15:48:12) 编译成功。
(15:48:12) 测试点1(shape1.in)：
(15:48:12) 开始运行……
(15:48:12) 运行结束。耗时0.047秒，最大内存占用1564KB。
(15:48:12) 检查答案……
(15:48:12) 正确！
(15:48:12) 得分：10
(15:48:12) 测试点2(shape2.in)：
(15:48:12) 开始运行……
(15:48:13) 运行结束。耗时1.047秒，最大内存占用7928KB。
(15:48:13) 运行超时。
(15:48:13) 得分：0
(15:48:13) 测试点3(shape3.in)：
(15:48:13) 开始运行……
(15:48:14) 运行结束。耗时0.047秒，最大内存占用1564KB。
(15:48:14) 检查答案……
(15:48:14) 正确！
(15:48:14) 得分：10
(15:48:14) 测试点4(shape4.in)：
(15:48:14) 开始运行……
(15:48:14) 运行结束。耗时0.078秒，最大内存占用1560KB。
(15:48:14) 检查答案……
(15:48:14) 正确！
(15:48:14) 得分：10
(15:48:14) 测试点5(shape5.in)：
(15:48:14) 开始运行……
(15:48:15) 运行结束。耗时1.047秒，最大内存占用1568KB。
(15:48:15) 运行超时。
(15:48:15) 得分：0
(15:48:15) 测试点6(shape6.in)：
(15:48:15) 开始运行……
(15:48:16) 运行结束。耗时1.031秒，最大内存占用1572KB。
(15:48:16) 运行超时。
(15:48:16) 得分：0
(15:48:16) 测试点7(shape7.in)：
(15:48:16) 开始运行……
(15:48:17) 运行结束。耗时1.031秒，最大内存占用1572KB。
(15:48:17) 运行超时。
(15:48:17) 得分：0
(15:48:17) 测试点8(shape8.in)：
(15:48:17) 开始运行……
(15:48:18) 运行结束。耗时1.031秒，最大内存占用7916KB。
(15:48:18) 运行超时。
(15:48:18) 得分：0
(15:48:18) 测试点9(shape9.in)：
(15:48:18) 开始运行……
(15:48:19) 运行结束。耗时1.031秒，最大内存占用7992KB。
(15:48:19) 运行超时。
(15:48:19) 得分：0
(15:48:19) 测试点10(shape10.in)：
(15:48:19) 开始运行……
(15:48:20) 运行结束。耗时1.032秒，最大内存占用7968KB。
(15:48:20) 运行超时。
(15:48:20) 得分：0
(15:48:20) shape总得分：30
(15:48:20) vector:
(15:48:20) 测试点1(vector1.in)：
(15:48:20) 检查答案……
(15:48:20) 正确！
(15:48:20) 得分：10
(15:48:20) 测试点2(vector2.in)：
(15:48:20) 检查答案……
(15:48:20) 正确！
(15:48:20) 得分：10
(15:48:20) 测试点3(vector3.in)：
(15:48:20) 检查答案……
(15:48:20) 正确！
(15:48:20) 得分：2
(15:48:20) 测试点4(vector4.in)：
(15:48:20) 检查答案……
(15:48:20) 正确！
(15:48:20) 得分：2
(15:48:20) 测试点5(vector5.in)：
(15:48:20) 检查答案……
(15:48:21) 正确！
(15:48:21) 得分：5
(15:48:21) 测试点6(vector6.in)：
(15:48:21) 检查答案……
(15:48:21) 正确！
(15:48:21) 得分：2
(15:48:21) 测试点7(vector7.in)：
(15:48:21) 检查答案……
(15:48:21) 正确！
(15:48:21) 得分：2
(15:48:21) 测试点8(vector8.in)：
(15:48:21) 检查答案……
(15:48:21) 正确！
(15:48:21) 得分：2
(15:48:21) 测试点9(vector9.in)：
(15:48:21) 检查答案……
(15:48:21) 正确！
(15:48:21) 得分：2
(15:48:21) 测试点10(vector10.in)：
(15:48:21) 检查答案……
(15:48:21) 正确！
(15:48:21) 得分：5
(15:48:21) vector总得分：42
(15:48:21) 选手“田菁曳”最终得分：172

(15:48:21) 开始评测选手“翁健”
(15:48:21) brick:
(15:48:21) 未找到有效的源文件。
(15:48:21) brick总得分：0
(15:48:21) shape:
(15:48:21) 找到shape.cpp
(15:48:21) 开始编译……
(15:48:22) 编译成功。
(15:48:22) 测试点1(shape1.in)：
(15:48:22) 开始运行……
(15:48:22) 运行结束。耗时0.078秒，最大内存占用944KB。
(15:48:22) 检查答案……
(15:48:22) 正确！
(15:48:22) 得分：10
(15:48:22) 测试点2(shape2.in)：
(15:48:22) 开始运行……
(15:48:22) 运行结束。耗时0.109秒，最大内存占用2556KB。
(15:48:22) 检查答案……
(15:48:22) 答案错误。
(15:48:22) 得分：0
(15:48:22) 测试点3(shape3.in)：
(15:48:22) 开始运行……
(15:48:22) 运行结束。耗时0.047秒，最大内存占用944KB。
(15:48:22) 检查答案……
(15:48:22) 正确！
(15:48:22) 得分：10
(15:48:22) 测试点4(shape4.in)：
(15:48:22) 开始运行……
(15:48:22) 运行结束。耗时0.063秒，最大内存占用944KB。
(15:48:22) 检查答案……
(15:48:22) 正确！
(15:48:22) 得分：10
(15:48:22) 测试点5(shape5.in)：
(15:48:22) 开始运行……
(15:48:23) 运行结束。耗时0.046秒，最大内存占用1012KB。
(15:48:23) 检查答案……
(15:48:23) 答案错误。
(15:48:23) 得分：0
(15:48:23) 测试点6(shape6.in)：
(15:48:23) 开始运行……
(15:48:23) 运行结束。耗时0.062秒，最大内存占用1056KB。
(15:48:23) 检查答案……
(15:48:23) 答案错误。
(15:48:23) 得分：0
(15:48:23) 测试点7(shape7.in)：
(15:48:23) 开始运行……
(15:48:23) 运行结束。耗时0.063秒，最大内存占用1088KB。
(15:48:23) 检查答案……
(15:48:23) 答案错误。
(15:48:23) 得分：0
(15:48:23) 测试点8(shape8.in)：
(15:48:23) 开始运行……
(15:48:23) 运行结束。耗时0.062秒，最大内存占用1320KB。
(15:48:23) 检查答案……
(15:48:23) 答案错误。
(15:48:23) 得分：0
(15:48:23) 测试点9(shape9.in)：
(15:48:23) 开始运行……
(15:48:23) 运行结束。耗时0.078秒，最大内存占用1788KB。
(15:48:23) 检查答案……
(15:48:23) 答案错误。
(15:48:23) 得分：0
(15:48:23) 测试点10(shape10.in)：
(15:48:23) 开始运行……
(15:48:23) 运行结束。耗时0.110秒，最大内存占用2556KB。
(15:48:23) 检查答案……
(15:48:23) 答案错误。
(15:48:23) 得分：0
(15:48:23) shape总得分：30
(15:48:23) vector:
(15:48:23) 测试点1(vector1.in)：
(15:48:23) 检查答案……
(15:48:23) 正确！
(15:48:23) 得分：10
(15:48:23) 测试点2(vector2.in)：
(15:48:23) 检查答案……
(15:48:24) 正确！
(15:48:24) 得分：10
(15:48:24) 测试点3(vector3.in)：
(15:48:24) 检查答案……
(15:48:24) 正确！
(15:48:24) 得分：2
(15:48:24) 测试点4(vector4.in)：
(15:48:24) 检查答案……
(15:48:24) 正确！
(15:48:24) 得分：2
(15:48:24) 测试点5(vector5.in)：
(15:48:24) 检查答案……
(15:48:24) 正确！
(15:48:24) 得分：5
(15:48:24) 测试点6(vector6.in)：
(15:48:24) 检查答案……
(15:48:24) 正确！
(15:48:24) 得分：2
(15:48:24) 测试点7(vector7.in)：
(15:48:24) 检查答案……
(15:48:24) 正确！
(15:48:24) 得分：2
(15:48:24) 测试点8(vector8.in)：
(15:48:24) 检查答案……
(15:48:24) 正确！
(15:48:24) 得分：10
(15:48:24) 测试点9(vector9.in)：
(15:48:24) 检查答案……
(15:48:24) 正确！
(15:48:25) 得分：10
(15:48:25) 测试点10(vector10.in)：
(15:48:25) 检查答案……
(15:48:25) 正确！
(15:48:25) 得分：10
(15:48:25) vector总得分：63
(15:48:25) 选手“翁健”最终得分：93

(15:48:25) 开始评测选手“赵亮”
(15:48:25) brick:
(15:48:25) 找到brick.cpp
(15:48:25) 开始编译……
(15:48:25) 编译成功。
(15:48:25) 测试点1(brick1.in)：
(15:48:25) 开始运行……
(15:48:25) 运行结束。耗时0.078秒，最大内存占用988KB。
(15:48:25) 检查答案……
(15:48:25) 正确！
(15:48:25) 得分：10
(15:48:25) 测试点2(brick2.in)：
(15:48:25) 开始运行……
(15:48:25) 运行结束。耗时0.047秒，最大内存占用980KB。
(15:48:25) Runtime-Error:-1073741819
(15:48:25) 得分：0
(15:48:25) 测试点3(brick3.in)：
(15:48:25) 开始运行……
(15:48:25) 运行结束。耗时0.047秒，最大内存占用1072KB。
(15:48:25) 检查答案……
(15:48:25) 正确！
(15:48:25) 得分：10
(15:48:25) 测试点4(brick4.in)：
(15:48:25) 开始运行……
(15:48:25) 运行结束。耗时0.047秒，最大内存占用1588KB。
(15:48:25) 检查答案……
(15:48:25) 正确！
(15:48:25) 得分：10
(15:48:25) 测试点5(brick5.in)：
(15:48:25) 开始运行……
(15:48:26) 运行结束。耗时0.046秒，最大内存占用2236KB。
(15:48:26) 检查答案……
(15:48:26) 正确！
(15:48:26) 得分：10
(15:48:26) 测试点6(brick6.in)：
(15:48:26) 开始运行……
(15:48:26) 运行结束。耗时0.093秒，最大内存占用24772KB。
(15:48:26) 检查答案……
(15:48:26) 正确！
(15:48:26) 得分：10
(15:48:26) 测试点7(brick7.in)：
(15:48:26) 开始运行……
(15:48:26) 运行结束。耗时0.094秒，最大内存占用980KB。
(15:48:26) Runtime-Error:-1073741819
(15:48:26) 得分：0
(15:48:26) 测试点8(brick8.in)：
(15:48:26) 开始运行……
(15:48:26) 运行结束。耗时0.047秒，最大内存占用980KB。
(15:48:26) Runtime-Error:-1073741819
(15:48:26) 得分：0
(15:48:26) 测试点9(brick9.in)：
(15:48:26) 开始运行……
(15:48:26) 运行结束。耗时0.047秒，最大内存占用980KB。
(15:48:26) Runtime-Error:-1073741819
(15:48:26) 得分：0
(15:48:26) 测试点10(brick10.in)：
(15:48:26) 开始运行……
(15:48:26) 运行结束。耗时0.047秒，最大内存占用980KB。
(15:48:26) Runtime-Error:-1073741819
(15:48:26) 得分：0
(15:48:26) brick总得分：50
(15:48:26) shape:
(15:48:26) 找到shape.cpp
(15:48:26) 开始编译……
(15:48:27) 编译成功。
(15:48:27) 测试点1(shape1.in)：
(15:48:27) 开始运行……
(15:48:27) 运行结束。耗时0.063秒，最大内存占用1752KB。
(15:48:27) 检查答案……
(15:48:27) 正确！
(15:48:27) 得分：10
(15:48:27) 测试点2(shape2.in)：
(15:48:27) 开始运行……
(15:48:28) 运行结束。耗时1.078秒，最大内存占用1768KB。
(15:48:28) 运行超时。
(15:48:28) 得分：0
(15:48:28) 测试点3(shape3.in)：
(15:48:28) 开始运行……
(15:48:28) 运行结束。耗时0.047秒，最大内存占用1752KB。
(15:48:28) 检查答案……
(15:48:28) 正确！
(15:48:28) 得分：10
(15:48:28) 测试点4(shape4.in)：
(15:48:28) 开始运行……
(15:48:28) 运行结束。耗时0.047秒，最大内存占用1756KB。
(15:48:28) 检查答案……
(15:48:28) 正确！
(15:48:28) 得分：10
(15:48:28) 测试点5(shape5.in)：
(15:48:28) 开始运行……
(15:48:28) 运行结束。耗时0.062秒，最大内存占用1772KB。
(15:48:28) 检查答案……
(15:48:28) 正确！
(15:48:28) 得分：10
(15:48:28) 测试点6(shape6.in)：
(15:48:28) 开始运行……
(15:48:28) 运行结束。耗时0.078秒，最大内存占用1784KB。
(15:48:28) 检查答案……
(15:48:28) 正确！
(15:48:28) 得分：10
(15:48:28) 测试点7(shape7.in)：
(15:48:28) 开始运行……
(15:48:28) 运行结束。耗时0.125秒，最大内存占用1788KB。
(15:48:28) 检查答案……
(15:48:29) 正确！
(15:48:29) 得分：10
(15:48:29) 测试点8(shape8.in)：
(15:48:29) 开始运行……
(15:48:30) 运行结束。耗时1.047秒，最大内存占用1768KB。
(15:48:30) 运行超时。
(15:48:30) 得分：0
(15:48:30) 测试点9(shape9.in)：
(15:48:30) 开始运行……
(15:48:31) 运行结束。耗时1.046秒，最大内存占用1768KB。
(15:48:31) 运行超时。
(15:48:31) 得分：0
(15:48:31) 测试点10(shape10.in)：
(15:48:31) 开始运行……
(15:48:32) 运行结束。耗时1.047秒，最大内存占用1768KB。
(15:48:32) 运行超时。
(15:48:32) 得分：0
(15:48:32) shape总得分：60
(15:48:32) vector:
(15:48:32) 测试点1(vector1.in)：
(15:48:32) 检查答案……
(15:48:32) 正确！
(15:48:32) 得分：10
(15:48:32) 测试点2(vector2.in)：
(15:48:32) 检查答案……
(15:48:32) 正确！
(15:48:32) 得分：2
(15:48:32) 测试点3(vector3.in)：
(15:48:32) 检查答案……
(15:48:32) 正确！
(15:48:32) 得分：2
(15:48:32) 测试点4(vector4.in)：
(15:48:32) 检查答案……
(15:48:32) 正确！
(15:48:32) 得分：5
(15:48:32) 测试点5(vector5.in)：
(15:48:32) 检查答案……
(15:48:32) 正确！
(15:48:32) 得分：5
(15:48:32) 测试点6(vector6.in)：
(15:48:32) 检查答案……
(15:48:32) 正确！
(15:48:32) 得分：2
(15:48:32) 测试点7(vector7.in)：
(15:48:33) 检查答案……
(15:48:33) 正确！
(15:48:33) 得分：10
(15:48:33) 测试点8(vector8.in)：
(15:48:33) 检查答案……
(15:48:33) 正确！
(15:48:33) 得分：2
(15:48:33) 测试点9(vector9.in)：
(15:48:33) 检查答案……
(15:48:33) 正确！
(15:48:33) 得分：2
(15:48:33) 测试点10(vector10.in)：
(15:48:33) 检查答案……
(15:48:33) 正确！
(15:48:33) 得分：2
(15:48:33) vector总得分：42
(15:48:33) 选手“赵亮”最终得分：152

(15:48:33) 开始评测选手“邵俊儒”
(15:48:33) brick:
(15:48:33) 找到brick.cpp
(15:48:33) 开始编译……
(15:48:34) 编译成功。
(15:48:34) 测试点1(brick1.in)：
(15:48:34) 开始运行……
(15:48:34) 运行结束。耗时0.093秒，最大内存占用1060KB。
(15:48:34) 检查答案……
(15:48:34) 正确！
(15:48:34) 得分：10
(15:48:34) 测试点2(brick2.in)：
(15:48:34) 开始运行……
(15:48:34) 运行结束。耗时0.125秒，最大内存占用1060KB。
(15:48:34) 检查答案……
(15:48:34) 正确！
(15:48:34) 得分：10
(15:48:34) 测试点3(brick3.in)：
(15:48:34) 开始运行……
(15:48:34) 运行结束。耗时0.078秒，最大内存占用1060KB。
(15:48:34) 检查答案……
(15:48:34) 正确！
(15:48:34) 得分：10
(15:48:34) 测试点4(brick4.in)：
(15:48:34) 开始运行……
(15:48:34) 运行结束。耗时0.078秒，最大内存占用1060KB。
(15:48:34) 检查答案……
(15:48:34) 正确！
(15:48:34) 得分：10
(15:48:34) 测试点5(brick5.in)：
(15:48:34) 开始运行……
(15:48:34) 运行结束。耗时0.078秒，最大内存占用1060KB。
(15:48:34) 检查答案……
(15:48:34) 正确！
(15:48:34) 得分：10
(15:48:34) 测试点6(brick6.in)：
(15:48:35) 开始运行……
(15:48:35) 运行结束。耗时0.078秒，最大内存占用1060KB。
(15:48:35) 检查答案……
(15:48:35) 正确！
(15:48:35) 得分：10
(15:48:35) 测试点7(brick7.in)：
(15:48:35) 开始运行……
(15:48:35) 运行结束。耗时0.079秒，最大内存占用1060KB。
(15:48:35) 检查答案……
(15:48:35) 正确！
(15:48:35) 得分：10
(15:48:35) 测试点8(brick8.in)：
(15:48:35) 开始运行……
(15:48:35) 运行结束。耗时0.079秒，最大内存占用1060KB。
(15:48:35) 检查答案……
(15:48:35) 正确！
(15:48:35) 得分：10
(15:48:35) 测试点9(brick9.in)：
(15:48:35) 开始运行……
(15:48:35) 运行结束。耗时0.079秒，最大内存占用1060KB。
(15:48:35) 检查答案……
(15:48:35) 正确！
(15:48:35) 得分：10
(15:48:35) 测试点10(brick10.in)：
(15:48:35) 开始运行……
(15:48:35) 运行结束。耗时0.094秒，最大内存占用1060KB。
(15:48:35) 检查答案……
(15:48:35) 正确！
(15:48:35) 得分：10
(15:48:35) brick总得分：100
(15:48:35) shape:
(15:48:35) 找到shape.cpp
(15:48:35) 开始编译……
(15:48:36) 编译成功。
(15:48:36) 测试点1(shape1.in)：
(15:48:36) 开始运行……
(15:48:36) 运行结束。耗时0.218秒，最大内存占用1876KB。
(15:48:36) 检查答案……
(15:48:36) 正确！
(15:48:37) 得分：10
(15:48:37) 测试点2(shape2.in)：
(15:48:37) 开始运行……
(15:48:38) 运行结束。耗时1.109秒，最大内存占用3564KB。
(15:48:38) 运行超时。
(15:48:38) 得分：0
(15:48:38) 测试点3(shape3.in)：
(15:48:38) 开始运行……
(15:48:38) 运行结束。耗时0.109秒，最大内存占用1876KB。
(15:48:38) 检查答案……
(15:48:38) 正确！
(15:48:38) 得分：10
(15:48:38) 测试点4(shape4.in)：
(15:48:38) 开始运行……
(15:48:38) 运行结束。耗时0.109秒，最大内存占用1876KB。
(15:48:38) 检查答案……
(15:48:38) 正确！
(15:48:38) 得分：10
(15:48:38) 测试点5(shape5.in)：
(15:48:38) 开始运行……
(15:48:38) 运行结束。耗时0.125秒，最大内存占用1908KB。
(15:48:38) 检查答案……
(15:48:38) 正确！
(15:48:38) 得分：10
(15:48:38) 测试点6(shape6.in)：
(15:48:38) 开始运行……
(15:48:38) 运行结束。耗时0.187秒，最大内存占用1964KB。
(15:48:38) 检查答案……
(15:48:38) 正确！
(15:48:38) 得分：10
(15:48:38) 测试点7(shape7.in)：
(15:48:38) 开始运行……
(15:48:39) 运行结束。耗时0.328秒，最大内存占用2024KB。
(15:48:39) 检查答案……
(15:48:39) 正确！
(15:48:39) 得分：10
(15:48:39) 测试点8(shape8.in)：
(15:48:39) 开始运行……
(15:48:40) 运行结束。耗时1.109秒，最大内存占用2312KB。
(15:48:40) 运行超时。
(15:48:40) 得分：0
(15:48:40) 测试点9(shape9.in)：
(15:48:40) 开始运行……
(15:48:41) 运行结束。耗时1.109秒，最大内存占用2796KB。
(15:48:41) 运行超时。
(15:48:41) 得分：0
(15:48:41) 测试点10(shape10.in)：
(15:48:41) 开始运行……
(15:48:42) 运行结束。耗时1.109秒，最大内存占用3564KB。
(15:48:42) 运行超时。
(15:48:42) 得分：0
(15:48:42) shape总得分：60
(15:48:42) vector:
(15:48:42) 测试点1(vector1.in)：
(15:48:42) 检查答案……
(15:48:42) 正确！
(15:48:42) 得分：10
(15:48:42) 测试点2(vector2.in)：
(15:48:42) 检查答案……
(15:48:42) 正确！
(15:48:42) 得分：10
(15:48:42) 测试点3(vector3.in)：
(15:48:42) 检查答案……
(15:48:42) 正确！
(15:48:42) 得分：10
(15:48:42) 测试点4(vector4.in)：
(15:48:42) 检查答案……
(15:48:42) 正确！
(15:48:42) 得分：10
(15:48:42) 测试点5(vector5.in)：
(15:48:43) 检查答案……
(15:48:43) 正确！
(15:48:43) 得分：2
(15:48:43) 测试点6(vector6.in)：
(15:48:43) 检查答案……
(15:48:43) 正确！
(15:48:43) 得分：10
(15:48:43) 测试点7(vector7.in)：
(15:48:43) 检查答案……
(15:48:43) 正确！
(15:48:43) 得分：2
(15:48:43) 测试点8(vector8.in)：
(15:48:43) 检查答案……
(15:48:43) 正确！
(15:48:43) 得分：10
(15:48:43) 测试点9(vector9.in)：
(15:48:43) 检查答案……
(15:48:43) 正确！
(15:48:43) 得分：10
(15:48:43) 测试点10(vector10.in)：
(15:48:43) 检查答案……
(15:48:43) 正确！
(15:48:43) 得分：10
(15:48:43) vector总得分：84
(15:48:43) 选手“邵俊儒”最终得分：244

(15:48:43) 开始评测选手“钱雨杰”
(15:48:43) brick:
(15:48:43) 找到brick.cpp
(15:48:43) 开始编译……
(15:48:44) 编译成功。
(15:48:44) 测试点1(brick1.in)：
(15:48:44) 开始运行……
(15:48:44) 运行结束。耗时0.078秒，最大内存占用920KB。
(15:48:44) 检查答案……
(15:48:44) 正确！
(15:48:44) 得分：10
(15:48:44) 测试点2(brick2.in)：
(15:48:44) 开始运行……
(15:48:44) 运行结束。耗时0.047秒，最大内存占用920KB。
(15:48:44) 检查答案……
(15:48:44) 答案错误。
(15:48:44) 得分：0
(15:48:44) 测试点3(brick3.in)：
(15:48:44) 开始运行……
(15:48:44) 运行结束。耗时0.047秒，最大内存占用920KB。
(15:48:44) 检查答案……
(15:48:44) 正确！
(15:48:44) 得分：10
(15:48:44) 测试点4(brick4.in)：
(15:48:44) 开始运行……
(15:48:44) 运行结束。耗时0.047秒，最大内存占用920KB。
(15:48:44) 检查答案……
(15:48:44) 答案错误。
(15:48:44) 得分：0
(15:48:44) 测试点5(brick5.in)：
(15:48:44) 开始运行……
(15:48:44) 运行结束。耗时0.125秒，最大内存占用920KB。
(15:48:44) 检查答案……
(15:48:44) 答案错误。
(15:48:44) 得分：0
(15:48:44) 测试点6(brick6.in)：
(15:48:44) 开始运行……
(15:48:44) 运行结束。耗时0.047秒，最大内存占用920KB。
(15:48:44) 检查答案……
(15:48:44) 答案错误。
(15:48:44) 得分：0
(15:48:44) 测试点7(brick7.in)：
(15:48:44) 开始运行……
(15:48:44) 运行结束。耗时0.047秒，最大内存占用920KB。
(15:48:44) 检查答案……
(15:48:44) 答案错误。
(15:48:44) 得分：0
(15:48:44) 测试点8(brick8.in)：
(15:48:44) 开始运行……
(15:48:44) 运行结束。耗时0.047秒，最大内存占用920KB。
(15:48:44) 检查答案……
(15:48:44) 答案错误。
(15:48:44) 得分：0
(15:48:44) 测试点9(brick9.in)：
(15:48:44) 开始运行……
(15:48:44) 运行结束。耗时0.047秒，最大内存占用920KB。
(15:48:44) 检查答案……
(15:48:44) 答案错误。
(15:48:44) 得分：0
(15:48:45) 测试点10(brick10.in)：
(15:48:45) 开始运行……
(15:48:45) 运行结束。耗时0.047秒，最大内存占用920KB。
(15:48:45) 检查答案……
(15:48:45) 答案错误。
(15:48:45) 得分：0
(15:48:45) brick总得分：20
(15:48:45) shape:
(15:48:45) 找到shape.cpp
(15:48:45) 开始编译……
(15:48:46) 编译成功。
(15:48:46) 测试点1(shape1.in)：
(15:48:46) 开始运行……
(15:48:46) 运行结束。耗时0.125秒，最大内存占用980KB。
(15:48:46) 检查答案……
(15:48:46) 正确！
(15:48:46) 得分：10
(15:48:46) 测试点2(shape2.in)：
(15:48:46) 开始运行……
(15:48:47) 运行结束。耗时0.390秒，最大内存占用2328KB。
(15:48:47) 检查答案……
(15:48:47) 正确！
(15:48:47) 得分：10
(15:48:47) 测试点3(shape3.in)：
(15:48:47) 开始运行……
(15:48:47) 运行结束。耗时0.047秒，最大内存占用988KB。
(15:48:47) 检查答案……
(15:48:47) 正确！
(15:48:47) 得分：10
(15:48:47) 测试点4(shape4.in)：
(15:48:47) 开始运行……
(15:48:47) 运行结束。耗时0.031秒，最大内存占用1016KB。
(15:48:47) 检查答案……
(15:48:47) 正确！
(15:48:47) 得分：10
(15:48:47) 测试点5(shape5.in)：
(15:48:47) 开始运行……
(15:48:47) 运行结束。耗时0.047秒，最大内存占用1108KB。
(15:48:47) 检查答案……
(15:48:47) 正确！
(15:48:47) 得分：10
(15:48:47) 测试点6(shape6.in)：
(15:48:47) 开始运行……
(15:48:47) 运行结束。耗时0.062秒，最大内存占用1192KB。
(15:48:47) 检查答案……
(15:48:47) 正确！
(15:48:47) 得分：10
(15:48:47) 测试点7(shape7.in)：
(15:48:47) 开始运行……
(15:48:47) 运行结束。耗时0.078秒，最大内存占用1220KB。
(15:48:47) 检查答案……
(15:48:47) 正确！
(15:48:47) 得分：10
(15:48:47) 测试点8(shape8.in)：
(15:48:47) 开始运行……
(15:48:47) 运行结束。耗时0.109秒，最大内存占用1392KB。
(15:48:47) 检查答案……
(15:48:47) 正确！
(15:48:47) 得分：10
(15:48:47) 测试点9(shape9.in)：
(15:48:48) 开始运行……
(15:48:48) 运行结束。耗时0.219秒，最大内存占用1744KB。
(15:48:48) 检查答案……
(15:48:48) 正确！
(15:48:48) 得分：10
(15:48:48) 测试点10(shape10.in)：
(15:48:48) 开始运行……
(15:48:48) 运行结束。耗时0.391秒，最大内存占用2328KB。
(15:48:48) 检查答案……
(15:48:48) 正确！
(15:48:48) 得分：10
(15:48:48) shape总得分：100
(15:48:48) vector:
(15:48:48) 测试点1(vector1.in)：
(15:48:48) 检查答案……
(15:48:48) 正确！
(15:48:48) 得分：10
(15:48:48) 测试点2(vector2.in)：
(15:48:48) 检查答案……
(15:48:48) 正确！
(15:48:48) 得分：2
(15:48:48) 测试点3(vector3.in)：
(15:48:48) 检查答案……
(15:48:48) 正确！
(15:48:48) 得分：2
(15:48:48) 测试点4(vector4.in)：
(15:48:49) 检查答案……
(15:48:49) 正确！
(15:48:49) 得分：2
(15:48:49) 测试点5(vector5.in)：
(15:48:49) 检查答案……
(15:48:49) 正确！
(15:48:49) 得分：2
(15:48:49) 测试点6(vector6.in)：
(15:48:49) 检查答案……
(15:48:49) 正确！
(15:48:49) 得分：2
(15:48:49) 测试点7(vector7.in)：
(15:48:49) 检查答案……
(15:48:49) 正确！
(15:48:49) 得分：2
(15:48:49) 测试点8(vector8.in)：
(15:48:49) 检查答案……
(15:48:49) 正确！
(15:48:49) 得分：2
(15:48:49) 测试点9(vector9.in)：
(15:48:49) 检查答案……
(15:48:49) 正确！
(15:48:49) 得分：2
(15:48:49) 测试点10(vector10.in)：
(15:48:49) 检查答案……
(15:48:49) 正确！
(15:48:49) 得分：2
(15:48:49) vector总得分：28
(15:48:49) 选手“钱雨杰”最终得分：148

(15:48:49) 开始评测选手“陈子D”
(15:48:49) brick:
(15:48:49) 找到brick.cpp
(15:48:49) 开始编译……
(15:48:50) 编译成功。
(15:48:50) 测试点1(brick1.in)：
(15:48:50) 开始运行……
(15:48:50) 运行结束。耗时0.156秒，最大内存占用1104KB。
(15:48:50) 检查答案……
(15:48:50) 正确！
(15:48:50) 得分：10
(15:48:50) 测试点2(brick2.in)：
(15:48:50) 开始运行……
(15:48:50) 运行结束。耗时0.094秒，最大内存占用1132KB。
(15:48:50) 检查答案……
(15:48:50) 正确！
(15:48:50) 得分：10
(15:48:50) 测试点3(brick3.in)：
(15:48:50) 开始运行……
(15:48:51) 运行结束。耗时0.078秒，最大内存占用1104KB。
(15:48:51) 检查答案……
(15:48:51) 正确！
(15:48:51) 得分：10
(15:48:51) 测试点4(brick4.in)：
(15:48:51) 开始运行……
(15:48:51) 运行结束。耗时0.078秒，最大内存占用1104KB。
(15:48:51) 检查答案……
(15:48:51) 正确！
(15:48:51) 得分：10
(15:48:51) 测试点5(brick5.in)：
(15:48:51) 开始运行……
(15:48:51) 运行结束。耗时0.094秒，最大内存占用1108KB。
(15:48:51) 检查答案……
(15:48:51) 正确！
(15:48:51) 得分：10
(15:48:51) 测试点6(brick6.in)：
(15:48:51) 开始运行……
(15:48:51) 运行结束。耗时0.094秒，最大内存占用1108KB。
(15:48:51) 检查答案……
(15:48:51) 正确！
(15:48:51) 得分：10
(15:48:51) 测试点7(brick7.in)：
(15:48:51) 开始运行……
(15:48:51) 运行结束。耗时0.093秒，最大内存占用1116KB。
(15:48:51) 检查答案……
(15:48:51) 正确！
(15:48:51) 得分：10
(15:48:51) 测试点8(brick8.in)：
(15:48:51) 开始运行……
(15:48:51) 运行结束。耗时0.078秒，最大内存占用1124KB。
(15:48:51) 检查答案……
(15:48:51) 正确！
(15:48:51) 得分：10
(15:48:51) 测试点9(brick9.in)：
(15:48:51) 开始运行……
(15:48:51) 运行结束。耗时0.078秒，最大内存占用1128KB。
(15:48:51) 检查答案……
(15:48:51) 正确！
(15:48:51) 得分：10
(15:48:51) 测试点10(brick10.in)：
(15:48:51) 开始运行……
(15:48:52) 运行结束。耗时0.094秒，最大内存占用1132KB。
(15:48:52) 检查答案……
(15:48:52) 正确！
(15:48:52) 得分：10
(15:48:52) brick总得分：100
(15:48:52) shape:
(15:48:52) 找到shape.cpp
(15:48:52) 开始编译……
(15:48:52) 编译成功。
(15:48:52) 测试点1(shape1.in)：
(15:48:52) 开始运行……
(15:48:52) 运行结束。耗时0.078秒，最大内存占用928KB。
(15:48:52) 检查答案……
(15:48:52) 正确！
(15:48:52) 得分：10
(15:48:52) 测试点2(shape2.in)：
(15:48:52) 开始运行……
(15:48:53) 运行结束。耗时1.047秒，最大内存占用1300KB。
(15:48:53) 运行超时。
(15:48:53) 得分：0
(15:48:53) 测试点3(shape3.in)：
(15:48:53) 开始运行……
(15:48:53) 运行结束。耗时0.047秒，最大内存占用928KB。
(15:48:53) 检查答案……
(15:48:53) 正确！
(15:48:53) 得分：10
(15:48:53) 测试点4(shape4.in)：
(15:48:53) 开始运行……
(15:48:53) 运行结束。耗时0.047秒，最大内存占用928KB。
(15:48:53) 检查答案……
(15:48:53) 正确！
(15:48:53) 得分：10
(15:48:53) 测试点5(shape5.in)：
(15:48:53) 开始运行……
(15:48:53) 运行结束。耗时0.062秒，最大内存占用932KB。
(15:48:53) 检查答案……
(15:48:53) 正确！
(15:48:53) 得分：10
(15:48:53) 测试点6(shape6.in)：
(15:48:53) 开始运行……
(15:48:54) 运行结束。耗时0.125秒，最大内存占用936KB。
(15:48:54) 检查答案……
(15:48:54) 正确！
(15:48:54) 得分：10
(15:48:54) 测试点7(shape7.in)：
(15:48:54) 开始运行……
(15:48:54) 运行结束。耗时0.313秒，最大内存占用944KB。
(15:48:54) 检查答案……
(15:48:54) 正确！
(15:48:54) 得分：10
(15:48:54) 测试点8(shape8.in)：
(15:48:54) 开始运行……
(15:48:55) 运行结束。耗时1.031秒，最大内存占用988KB。
(15:48:55) 运行超时。
(15:48:55) 得分：0
(15:48:55) 测试点9(shape9.in)：
(15:48:55) 开始运行……
(15:48:56) 运行结束。耗时1.031秒，最大内存占用1104KB。
(15:48:56) 运行超时。
(15:48:56) 得分：0
(15:48:56) 测试点10(shape10.in)：
(15:48:56) 开始运行……
(15:48:57) 运行结束。耗时1.046秒，最大内存占用1300KB。
(15:48:57) 运行超时。
(15:48:57) 得分：0
(15:48:57) shape总得分：60
(15:48:57) vector:
(15:48:57) 测试点1(vector1.in)：
(15:48:57) 检查答案……
(15:48:57) 正确！
(15:48:57) 得分：10
(15:48:57) 测试点2(vector2.in)：
(15:48:57) 检查答案……
(15:48:57) 正确！
(15:48:57) 得分：10
(15:48:57) 测试点3(vector3.in)：
(15:48:57) 检查答案……
(15:48:57) 正确！
(15:48:57) 得分：10
(15:48:57) 测试点4(vector4.in)：
(15:48:57) 检查答案……
(15:48:57) 正确！
(15:48:57) 得分：10
(15:48:57) 测试点5(vector5.in)：
(15:48:57) 检查答案……
(15:48:58) 正确！
(15:48:58) 得分：7
(15:48:58) 测试点6(vector6.in)：
(15:48:58) 检查答案……
(15:48:58) 正确！
(15:48:58) 得分：10
(15:48:58) 测试点7(vector7.in)：
(15:48:58) 检查答案……
(15:48:58) 正确！
(15:48:58) 得分：2
(15:48:58) 测试点8(vector8.in)：
(15:48:58) 检查答案……
(15:48:58) 正确！
(15:48:58) 得分：5
(15:48:58) 测试点9(vector9.in)：
(15:48:58) 检查答案……
(15:48:58) 正确！
(15:48:58) 得分：5
(15:48:58) 测试点10(vector10.in)：
(15:48:58) 检查答案……
(15:48:58) 正确！
(15:48:58) 得分：5
(15:48:58) vector总得分：74
(15:48:58) 选手“陈子D”最终得分：234

(15:48:58) 开始评测选手“顾逸宏”
(15:48:58) brick:
(15:48:58) 未找到有效的源文件。
(15:48:58) brick总得分：0
(15:48:58) shape:
(15:48:58) 未找到有效的源文件。
(15:48:58) shape总得分：0
(15:48:58) vector:
(15:48:58) 测试点1(vector1.in)：
(15:48:58) 找不到相应答案。
(15:48:58) 得分：0
(15:48:58) 测试点2(vector2.in)：
(15:48:58) 找不到相应答案。
(15:48:58) 得分：0
(15:48:58) 测试点3(vector3.in)：
(15:48:58) 找不到相应答案。
(15:48:58) 得分：0
(15:48:58) 测试点4(vector4.in)：
(15:48:58) 找不到相应答案。
(15:48:58) 得分：0
(15:48:58) 测试点5(vector5.in)：
(15:48:58) 找不到相应答案。
(15:48:58) 得分：0
(15:48:58) 测试点6(vector6.in)：
(15:48:58) 找不到相应答案。
(15:48:58) 得分：0
(15:48:58) 测试点7(vector7.in)：
(15:48:58) 找不到相应答案。
(15:48:58) 得分：0
(15:48:58) 测试点8(vector8.in)：
(15:48:58) 找不到相应答案。
(15:48:58) 得分：0
(15:48:58) 测试点9(vector9.in)：
(15:48:58) 找不到相应答案。
(15:48:58) 得分：0
(15:48:58) 测试点10(vector10.in)：
(15:48:58) 找不到相应答案。
(15:48:58) 得分：0
(15:48:58) vector总得分：0
(15:48:58) 选手“顾逸宏”最终得分：0

(15:48:58) 开始评测选手“高胜寒”
(15:48:58) brick:
(15:48:58) 找到brick.cpp
(15:48:58) 开始编译……
(15:48:59) 编译成功。
(15:48:59) 测试点1(brick1.in)：
(15:48:59) 开始运行……
(15:48:59) 运行结束。耗时0.047秒，最大内存占用5764KB。
(15:48:59) 检查答案……
(15:48:59) 正确！
(15:48:59) 得分：10
(15:48:59) 测试点2(brick2.in)：
(15:48:59) 开始运行……
(15:48:59) 运行结束。耗时0.047秒，最大内存占用944KB。
(15:48:59) Runtime-Error:-1073741819
(15:48:59) 得分：0
(15:48:59) 测试点3(brick3.in)：
(15:48:59) 开始运行……
(15:48:59) 运行结束。耗时0.046秒，最大内存占用5764KB。
(15:48:59) 检查答案……
(15:48:59) 正确！
(15:48:59) 得分：10
(15:48:59) 测试点4(brick4.in)：
(15:48:59) 开始运行……
(15:48:59) 运行结束。耗时0.047秒，最大内存占用5764KB。
(15:48:59) 检查答案……
(15:48:59) 正确！
(15:48:59) 得分：10
(15:48:59) 测试点5(brick5.in)：
(15:48:59) 开始运行……
(15:48:59) 运行结束。耗时0.063秒，最大内存占用5764KB。
(15:48:59) 检查答案……
(15:48:59) 正确！
(15:48:59) 得分：10
(15:48:59) 测试点6(brick6.in)：
(15:48:59) 开始运行……
(15:49:00) 运行结束。耗时1.047秒，最大内存占用5748KB。
(15:49:00) 运行超时。
(15:49:00) 得分：0
(15:49:00) 测试点7(brick7.in)：
(15:49:00) 开始运行……
(15:49:00) 运行结束。耗时0.047秒，最大内存占用944KB。
(15:49:00) Runtime-Error:-1073741819
(15:49:00) 得分：0
(15:49:00) 测试点8(brick8.in)：
(15:49:00) 开始运行……
(15:49:01) 运行结束。耗时0.047秒，最大内存占用944KB。
(15:49:01) Runtime-Error:-1073741819
(15:49:01) 得分：0
(15:49:01) 测试点9(brick9.in)：
(15:49:01) 开始运行……
(15:49:01) 运行结束。耗时0.063秒，最大内存占用944KB。
(15:49:01) Runtime-Error:-1073741819
(15:49:01) 得分：0
(15:49:01) 测试点10(brick10.in)：
(15:49:01) 开始运行……
(15:49:01) 运行结束。耗时0.047秒，最大内存占用944KB。
(15:49:01) Runtime-Error:-1073741819
(15:49:01) 得分：0
(15:49:01) brick总得分：40
(15:49:01) shape:
(15:49:01) 找到shape.cpp
(15:49:01) 开始编译……
(15:49:01) 编译成功。
(15:49:01) 测试点1(shape1.in)：
(15:49:01) 开始运行……
(15:49:01) 运行结束。耗时0.094秒，最大内存占用976KB。
(15:49:01) 检查答案……
(15:49:02) 正确！
(15:49:02) 得分：10
(15:49:02) 测试点2(shape2.in)：
(15:49:02) 开始运行……
(15:49:02) 运行结束。耗时0.094秒，最大内存占用3712KB。
(15:49:02) 检查答案……
(15:49:02) 答案错误。
(15:49:02) 得分：0
(15:49:02) 测试点3(shape3.in)：
(15:49:02) 开始运行……
(15:49:02) 运行结束。耗时0.047秒，最大内存占用976KB。
(15:49:02) 检查答案……
(15:49:02) 正确！
(15:49:02) 得分：10
(15:49:02) 测试点4(shape4.in)：
(15:49:02) 开始运行……
(15:49:02) 运行结束。耗时0.125秒，最大内存占用976KB。
(15:49:02) 检查答案……
(15:49:02) 正确！
(15:49:02) 得分：10
(15:49:02) 测试点5(shape5.in)：
(15:49:02) 开始运行……
(15:49:02) 运行结束。耗时0.047秒，最大内存占用1012KB。
(15:49:02) 检查答案……
(15:49:02) 正确！
(15:49:02) 得分：10
(15:49:02) 测试点6(shape6.in)：
(15:49:02) 开始运行……
(15:49:02) 运行结束。耗时0.047秒，最大内存占用1060KB。
(15:49:02) 检查答案……
(15:49:02) 答案错误。
(15:49:02) 得分：0
(15:49:02) 测试点7(shape7.in)：
(15:49:02) 开始运行……
(15:49:02) 运行结束。耗时0.047秒，最大内存占用1112KB。
(15:49:02) 检查答案……
(15:49:02) 答案错误。
(15:49:02) 得分：0
(15:49:02) 测试点8(shape8.in)：
(15:49:02) 开始运行……
(15:49:02) 运行结束。耗时0.063秒，最大内存占用1528KB。
(15:49:02) 检查答案……
(15:49:02) 答案错误。
(15:49:02) 得分：0
(15:49:02) 测试点9(shape9.in)：
(15:49:02) 开始运行……
(15:49:03) 运行结束。耗时0.078秒，最大内存占用2340KB。
(15:49:03) 检查答案……
(15:49:03) 答案错误。
(15:49:03) 得分：0
(15:49:03) 测试点10(shape10.in)：
(15:49:03) 开始运行……
(15:49:03) 运行结束。耗时0.093秒，最大内存占用3712KB。
(15:49:03) 检查答案……
(15:49:03) 答案错误。
(15:49:03) 得分：0
(15:49:03) shape总得分：40
(15:49:03) vector:
(15:49:03) 测试点1(vector1.in)：
(15:49:03) 检查答案……
(15:49:03) 正确！
(15:49:03) 得分：10
(15:49:03) 测试点2(vector2.in)：
(15:49:03) 检查答案……
(15:49:03) 正确！
(15:49:03) 得分：10
(15:49:03) 测试点3(vector3.in)：
(15:49:03) 检查答案……
(15:49:03) 正确！
(15:49:03) 得分：10
(15:49:03) 测试点4(vector4.in)：
(15:49:03) 检查答案……
(15:49:03) 正确！
(15:49:03) 得分：10
(15:49:03) 测试点5(vector5.in)：
(15:49:03) 检查答案……
(15:49:03) 正确！
(15:49:03) 得分：10
(15:49:03) 测试点6(vector6.in)：
(15:49:03) 检查答案……
(15:49:03) 正确！
(15:49:03) 得分：10
(15:49:03) 测试点7(vector7.in)：
(15:49:04) 检查答案……
(15:49:04) 正确！
(15:49:04) 得分：10
(15:49:04) 测试点8(vector8.in)：
(15:49:04) 检查答案……
(15:49:04) 正确！
(15:49:04) 得分：10
(15:49:04) 测试点9(vector9.in)：
(15:49:04) 检查答案……
(15:49:04) 正确！
(15:49:04) 得分：10
(15:49:04) 测试点10(vector10.in)：
(15:49:04) 检查答案……
(15:49:04) 正确！
(15:49:04) 得分：10
(15:49:04) vector总得分：100
(15:49:04) 选手“高胜寒”最终得分：180
(15:49:04) 测试结束。
