
(2012-6-22 15:46:09) 测试组被打开。

(15:46:12) 调用编译器fpc，源文件="F:\已整理A\brick.pas"
(15:46:13) 编译器返回值：0
(15:46:13) 编译器返回信息：
Free Pascal Compiler version 2.4.0 [2009/12/18] for i386
Copyright (c) 1993-2009 by Florian Klaempfl
Target OS: Win32 for i386
Compiling F:\已整理A\brick.pas
Linking F:\已整理A\brick.exe
33 lines compiled, 0.0 sec , 31040 bytes code, 1592 bytes data


(15:46:13) 监控式启动程序 Command=F:\已整理A\brick.exe
(15:46:13) 运行程序返回值：0
(15:46:13) 运行程序返回信息：


(15:46:13) 请求文件比较 File1="F:\已整理A\brick.out" File2="F:\已整理A\brick.ans"
(15:46:13) 比较结果：相同

(15:46:13) 监控式启动程序 Command=F:\已整理A\brick.exe
(15:46:13) 运行程序返回值：-1073741819
(15:46:13) 运行程序返回信息：


(15:46:13) 监控式启动程序 Command=F:\已整理A\brick.exe
(15:46:13) 运行程序返回值：0
(15:46:13) 运行程序返回信息：


(15:46:13) 请求文件比较 File1="F:\已整理A\brick.out" File2="F:\已整理A\brick.ans"
(15:46:13) 比较结果：相同

(15:46:13) 监控式启动程序 Command=F:\已整理A\brick.exe
(15:46:13) 运行程序返回值：0
(15:46:13) 运行程序返回信息：


(15:46:13) 请求文件比较 File1="F:\已整理A\brick.out" File2="F:\已整理A\brick.ans"
(15:46:13) 比较结果：相同

(15:46:13) 监控式启动程序 Command=F:\已整理A\brick.exe
(15:46:13) 运行程序返回值：0
(15:46:13) 运行程序返回信息：


(15:46:13) 请求文件比较 File1="F:\已整理A\brick.out" File2="F:\已整理A\brick.ans"
(15:46:13) 比较结果：相同

(15:46:13) 监控式启动程序 Command=F:\已整理A\brick.exe
(15:46:14) 运行程序返回值：259
(15:46:14) 运行程序返回信息：
运行超时。


(15:46:14) 监控式启动程序 Command=F:\已整理A\brick.exe
(15:46:14) 运行程序返回值：-1073741819
(15:46:14) 运行程序返回信息：


(15:46:14) 监控式启动程序 Command=F:\已整理A\brick.exe
(15:46:15) 运行程序返回值：-1073741819
(15:46:15) 运行程序返回信息：


(15:46:15) 监控式启动程序 Command=F:\已整理A\brick.exe
(15:46:15) 运行程序返回值：-1073741819
(15:46:15) 运行程序返回信息：


(15:46:15) 监控式启动程序 Command=F:\已整理A\brick.exe
(15:46:15) 运行程序返回值：-1073741819
(15:46:15) 运行程序返回信息：


(15:46:15) 调用编译器fpc，源文件="F:\已整理A\shape.pas"
(15:46:15) 编译器返回值：0
(15:46:15) 编译器返回信息：
Free Pascal Compiler version 2.4.0 [2009/12/18] for i386
Copyright (c) 1993-2009 by Florian Klaempfl
Target OS: Win32 for i386
Compiling F:\已整理A\shape.pas
Linking F:\已整理A\shape.exe
109 lines compiled, 0.0 sec , 31520 bytes code, 1592 bytes data


(15:46:15) 监控式启动程序 Command=F:\已整理A\shape.exe
(15:46:15) 运行程序返回值：0
(15:46:15) 运行程序返回信息：


(15:46:15) 请求文件比较 File1="F:\已整理A\shape.out" File2="F:\已整理A\shape.ans"
(15:46:15) 比较结果：相同

(15:46:15) 监控式启动程序 Command=F:\已整理A\shape.exe
(15:46:16) 运行程序返回值：259
(15:46:16) 运行程序返回信息：
运行超时。


(15:46:16) 监控式启动程序 Command=F:\已整理A\shape.exe
(15:46:16) 运行程序返回值：0
(15:46:16) 运行程序返回信息：


(15:46:16) 请求文件比较 File1="F:\已整理A\shape.out" File2="F:\已整理A\shape.ans"
(15:46:16) 比较结果：相同

(15:46:16) 监控式启动程序 Command=F:\已整理A\shape.exe
(15:46:16) 运行程序返回值：0
(15:46:16) 运行程序返回信息：


(15:46:16) 请求文件比较 File1="F:\已整理A\shape.out" File2="F:\已整理A\shape.ans"
(15:46:16) 比较结果：相同

(15:46:16) 监控式启动程序 Command=F:\已整理A\shape.exe
(15:46:16) 运行程序返回值：0
(15:46:16) 运行程序返回信息：


(15:46:17) 请求文件比较 File1="F:\已整理A\shape.out" File2="F:\已整理A\shape.ans"
(15:46:17) 比较结果：相同

(15:46:17) 监控式启动程序 Command=F:\已整理A\shape.exe
(15:46:17) 运行程序返回值：0
(15:46:17) 运行程序返回信息：


(15:46:17) 请求文件比较 File1="F:\已整理A\shape.out" File2="F:\已整理A\shape.ans"
(15:46:17) 比较结果：相同

(15:46:17) 监控式启动程序 Command=F:\已整理A\shape.exe
(15:46:18) 运行程序返回值：259
(15:46:18) 运行程序返回信息：
运行超时。


(15:46:18) 监控式启动程序 Command=F:\已整理A\shape.exe
(15:46:19) 运行程序返回值：259
(15:46:19) 运行程序返回信息：
运行超时。


(15:46:19) 监控式启动程序 Command=F:\已整理A\shape.exe
(15:46:20) 运行程序返回值：259
(15:46:20) 运行程序返回信息：
运行超时。


(15:46:20) 监控式启动程序 Command=F:\已整理A\shape.exe
(15:46:22) 运行程序返回值：259
(15:46:22) 运行程序返回信息：
运行超时。


(15:46:22) 监控式启动程序 Command="F:\已整理A\checkv.exe"
(15:46:22) 运行程序返回值：0
(15:46:22) 运行程序返回信息：


(15:46:22) 监控式启动程序 Command="F:\已整理A\checkv.exe"
(15:46:22) 运行程序返回值：0
(15:46:22) 运行程序返回信息：


(15:46:22) 监控式启动程序 Command="F:\已整理A\checkv.exe"
(15:46:22) 运行程序返回值：0
(15:46:22) 运行程序返回信息：


(15:46:22) 监控式启动程序 Command="F:\已整理A\checkv.exe"
(15:46:22) 运行程序返回值：0
(15:46:22) 运行程序返回信息：


(15:46:22) 监控式启动程序 Command="F:\已整理A\checkv.exe"
(15:46:22) 运行程序返回值：0
(15:46:22) 运行程序返回信息：


(15:46:22) 监控式启动程序 Command="F:\已整理A\checkv.exe"
(15:46:22) 运行程序返回值：0
(15:46:22) 运行程序返回信息：


(15:46:22) 监控式启动程序 Command="F:\已整理A\checkv.exe"
(15:46:22) 运行程序返回值：0
(15:46:22) 运行程序返回信息：


(15:46:22) 监控式启动程序 Command="F:\已整理A\checkv.exe"
(15:46:23) 运行程序返回值：0
(15:46:23) 运行程序返回信息：


(15:46:23) 监控式启动程序 Command="F:\已整理A\checkv.exe"
(15:46:23) 运行程序返回值：0
(15:46:23) 运行程序返回信息：


(15:46:23) 监控式启动程序 Command="F:\已整理A\checkv.exe"
(15:46:23) 运行程序返回值：0
(15:46:23) 运行程序返回信息：


(15:46:23) 调用编译器g++，源文件="F:\已整理A\brick.cpp"
(15:46:23) 编译器返回值：0
(15:46:23) 编译器返回信息：


(15:46:23) 监控式启动程序 Command=F:\已整理A\brick.exe
(15:46:23) 运行程序返回值：0
(15:46:23) 运行程序返回信息：


(15:46:23) 请求文件比较 File1="F:\已整理A\brick.out" File2="F:\已整理A\brick.ans"
(15:46:23) 比较结果：相同

(15:46:23) 监控式启动程序 Command=F:\已整理A\brick.exe
(15:46:23) 运行程序返回值：0
(15:46:23) 运行程序返回信息：


(15:46:23) 请求文件比较 File1="F:\已整理A\brick.out" File2="F:\已整理A\brick.ans"
(15:46:24) 比较结果：不同
(15:46:24) 说明：
发现不同：
****brick.out
...41
...
****brick.ans
...2692484
...
****

(15:46:24) 监控式启动程序 Command=F:\已整理A\brick.exe
(15:46:24) 运行程序返回值：0
(15:46:24) 运行程序返回信息：


(15:46:24) 请求文件比较 File1="F:\已整理A\brick.out" File2="F:\已整理A\brick.ans"
(15:46:24) 比较结果：相同

(15:46:24) 监控式启动程序 Command=F:\已整理A\brick.exe
(15:46:24) 运行程序返回值：0
(15:46:24) 运行程序返回信息：


(15:46:24) 请求文件比较 File1="F:\已整理A\brick.out" File2="F:\已整理A\brick.ans"
(15:46:24) 比较结果：不同
(15:46:24) 说明：
发现不同：
****brick.out
...41
...
****brick.ans
...625684
...
****

(15:46:24) 监控式启动程序 Command=F:\已整理A\brick.exe
(15:46:24) 运行程序返回值：0
(15:46:24) 运行程序返回信息：


(15:46:24) 请求文件比较 File1="F:\已整理A\brick.out" File2="F:\已整理A\brick.ans"
(15:46:24) 比较结果：不同
(15:46:24) 说明：
发现不同：
****brick.out
...41
...
****brick.ans
...105561
...
****

(15:46:24) 监控式启动程序 Command=F:\已整理A\brick.exe
(15:46:24) 运行程序返回值：0
(15:46:24) 运行程序返回信息：


(15:46:24) 请求文件比较 File1="F:\已整理A\brick.out" File2="F:\已整理A\brick.ans"
(15:46:24) 比较结果：不同
(15:46:24) 说明：
发现不同：
****brick.out
...41
...
****brick.ans
...6683530
...
****

(15:46:24) 监控式启动程序 Command=F:\已整理A\brick.exe
(15:46:24) 运行程序返回值：0
(15:46:24) 运行程序返回信息：


(15:46:24) 请求文件比较 File1="F:\已整理A\brick.out" File2="F:\已整理A\brick.ans"
(15:46:24) 比较结果：不同
(15:46:24) 说明：
发现不同：
****brick.out
...41
...
****brick.ans
...365743
...
****

(15:46:24) 监控式启动程序 Command=F:\已整理A\brick.exe
(15:46:24) 运行程序返回值：0
(15:46:24) 运行程序返回信息：


(15:46:24) 请求文件比较 File1="F:\已整理A\brick.out" File2="F:\已整理A\brick.ans"
(15:46:24) 比较结果：不同
(15:46:24) 说明：
发现不同：
****brick.out
...41
...
****brick.ans
...8666386
...
****

(15:46:24) 监控式启动程序 Command=F:\已整理A\brick.exe
(15:46:24) 运行程序返回值：0
(15:46:24) 运行程序返回信息：


(15:46:24) 请求文件比较 File1="F:\已整理A\brick.out" File2="F:\已整理A\brick.ans"
(15:46:24) 比较结果：不同
(15:46:24) 说明：
发现不同：
****brick.out
...41
...
****brick.ans
...4659533
...
****

(15:46:24) 监控式启动程序 Command=F:\已整理A\brick.exe
(15:46:24) 运行程序返回值：0
(15:46:24) 运行程序返回信息：


(15:46:24) 请求文件比较 File1="F:\已整理A\brick.out" File2="F:\已整理A\brick.ans"
(15:46:24) 比较结果：不同
(15:46:24) 说明：
发现不同：
****brick.out
...41
...
****brick.ans
...9167828
...
****

(15:46:24) 调用编译器g++，源文件="F:\已整理A\shape.cpp"
(15:46:25) 编译器返回值：0
(15:46:25) 编译器返回信息：


(15:46:25) 监控式启动程序 Command=F:\已整理A\shape.exe
(15:46:25) 运行程序返回值：0
(15:46:25) 运行程序返回信息：


(15:46:25) 请求文件比较 File1="F:\已整理A\shape.out" File2="F:\已整理A\shape.ans"
(15:46:25) 比较结果：不同
(15:46:25) 说明：
发现不同：
****shape.out
...0.300000
0.108333
0.125000
...
****shape.ans
...0.30000000000000000000
0.1083...
****

(15:46:25) 监控式启动程序 Command=F:\已整理A\shape.exe
(15:46:26) 运行程序返回值：259
(15:46:26) 运行程序返回信息：
运行超时。


(15:46:26) 监控式启动程序 Command=F:\已整理A\shape.exe
(15:46:26) 运行程序返回值：0
(15:46:26) 运行程序返回信息：


(15:46:26) 请求文件比较 File1="F:\已整理A\shape.out" File2="F:\已整理A\shape.ans"
(15:46:26) 比较结果：不同
(15:46:26) 说明：
发现不同：
****shape.out
...0.185147
0.180288
0.200235
...
****shape.ans
...0.18514729950900163666
0.1802...
****

(15:46:27) 监控式启动程序 Command=F:\已整理A\shape.exe
(15:46:27) 运行程序返回值：0
(15:46:27) 运行程序返回信息：


(15:46:27) 请求文件比较 File1="F:\已整理A\shape.out" File2="F:\已整理A\shape.ans"
(15:46:27) 比较结果：不同
(15:46:27) 说明：
发现不同：
****shape.out
...0.195743
0.187199
0.175632
...
****shape.ans
...0.19574271241400999667
0.1871...
****

(15:46:27) 监控式启动程序 Command=F:\已整理A\shape.exe
(15:46:28) 运行程序返回值：259
(15:46:28) 运行程序返回信息：
运行超时。


(15:46:28) 监控式启动程序 Command=F:\已整理A\shape.exe
(15:46:29) 运行程序返回值：259
(15:46:29) 运行程序返回信息：
运行超时。


(15:46:29) 监控式启动程序 Command=F:\已整理A\shape.exe
(15:46:30) 运行程序返回值：259
(15:46:30) 运行程序返回信息：
运行超时。


(15:46:30) 监控式启动程序 Command=F:\已整理A\shape.exe
(15:46:31) 运行程序返回值：259
(15:46:31) 运行程序返回信息：
运行超时。


(15:46:31) 监控式启动程序 Command=F:\已整理A\shape.exe
(15:46:32) 运行程序返回值：259
(15:46:32) 运行程序返回信息：
运行超时。


(15:46:32) 监控式启动程序 Command=F:\已整理A\shape.exe
(15:46:33) 运行程序返回值：259
(15:46:33) 运行程序返回信息：
运行超时。


(15:46:33) 监控式启动程序 Command="F:\已整理A\checkv.exe"
(15:46:33) 运行程序返回值：0
(15:46:33) 运行程序返回信息：


(15:46:33) 监控式启动程序 Command="F:\已整理A\checkv.exe"
(15:46:33) 运行程序返回值：0
(15:46:33) 运行程序返回信息：


(15:46:33) 监控式启动程序 Command="F:\已整理A\checkv.exe"
(15:46:34) 运行程序返回值：0
(15:46:34) 运行程序返回信息：


(15:46:34) 监控式启动程序 Command="F:\已整理A\checkv.exe"
(15:46:34) 运行程序返回值：0
(15:46:34) 运行程序返回信息：


(15:46:34) 监控式启动程序 Command="F:\已整理A\checkv.exe"
(15:46:34) 运行程序返回值：0
(15:46:34) 运行程序返回信息：


(15:46:34) 监控式启动程序 Command="F:\已整理A\checkv.exe"
(15:46:34) 运行程序返回值：0
(15:46:34) 运行程序返回信息：


(15:46:34) 监控式启动程序 Command="F:\已整理A\checkv.exe"
(15:46:34) 运行程序返回值：0
(15:46:34) 运行程序返回信息：


(15:46:34) 监控式启动程序 Command="F:\已整理A\checkv.exe"
(15:46:34) 运行程序返回值：0
(15:46:34) 运行程序返回信息：


(15:46:34) 监控式启动程序 Command="F:\已整理A\checkv.exe"
(15:46:34) 运行程序返回值：0
(15:46:34) 运行程序返回信息：


(15:46:34) 监控式启动程序 Command="F:\已整理A\checkv.exe"
(15:46:34) 运行程序返回值：0
(15:46:34) 运行程序返回信息：


(15:46:34) 调用编译器fpc，源文件="F:\已整理A\shape.pas"
(15:46:35) 编译器返回值：0
(15:46:35) 编译器返回信息：
Free Pascal Compiler version 2.4.0 [2009/12/18] for i386
Copyright (c) 1993-2009 by Florian Klaempfl
Target OS: Win32 for i386
Compiling F:\已整理A\shape.pas
shape.pas(57,26) Note: Local variable "i2" not used
Linking F:\已整理A\shape.exe
83 lines compiled, 0.0 sec , 35088 bytes code, 1592 bytes data
1 note(s) issued


(15:46:35) 监控式启动程序 Command=F:\已整理A\shape.exe
(15:46:35) 运行程序返回值：0
(15:46:35) 运行程序返回信息：


(15:46:35) 请求文件比较 File1="F:\已整理A\shape.out" File2="F:\已整理A\shape.ans"
(15:46:35) 比较结果：相同

(15:46:35) 监控式启动程序 Command=F:\已整理A\shape.exe
(15:46:36) 运行程序返回值：259
(15:46:36) 运行程序返回信息：
运行超时。


(15:46:36) 监控式启动程序 Command=F:\已整理A\shape.exe
(15:46:36) 运行程序返回值：0
(15:46:36) 运行程序返回信息：


(15:46:36) 请求文件比较 File1="F:\已整理A\shape.out" File2="F:\已整理A\shape.ans"
(15:46:36) 比较结果：相同

(15:46:36) 监控式启动程序 Command=F:\已整理A\shape.exe
(15:46:36) 运行程序返回值：0
(15:46:36) 运行程序返回信息：


(15:46:36) 请求文件比较 File1="F:\已整理A\shape.out" File2="F:\已整理A\shape.ans"
(15:46:36) 比较结果：相同

(15:46:36) 监控式启动程序 Command=F:\已整理A\shape.exe
(15:46:37) 运行程序返回值：259
(15:46:37) 运行程序返回信息：
运行超时。


(15:46:37) 监控式启动程序 Command=F:\已整理A\shape.exe
(15:46:38) 运行程序返回值：259
(15:46:38) 运行程序返回信息：
运行超时。


(15:46:38) 监控式启动程序 Command=F:\已整理A\shape.exe
(15:46:39) 运行程序返回值：259
(15:46:39) 运行程序返回信息：
运行超时。


(15:46:39) 监控式启动程序 Command=F:\已整理A\shape.exe
(15:46:40) 运行程序返回值：259
(15:46:40) 运行程序返回信息：
运行超时。


(15:46:40) 监控式启动程序 Command=F:\已整理A\shape.exe
(15:46:41) 运行程序返回值：259
(15:46:41) 运行程序返回信息：
运行超时。


(15:46:41) 监控式启动程序 Command=F:\已整理A\shape.exe
(15:46:42) 运行程序返回值：259
(15:46:42) 运行程序返回信息：
运行超时。


(15:46:42) 监控式启动程序 Command="F:\已整理A\checkv.exe"
(15:46:43) 运行程序返回值：0
(15:46:43) 运行程序返回信息：


(15:46:43) 监控式启动程序 Command="F:\已整理A\checkv.exe"
(15:46:43) 运行程序返回值：0
(15:46:43) 运行程序返回信息：


(15:46:43) 监控式启动程序 Command="F:\已整理A\checkv.exe"
(15:46:43) 运行程序返回值：0
(15:46:43) 运行程序返回信息：


(15:46:43) 监控式启动程序 Command="F:\已整理A\checkv.exe"
(15:46:43) 运行程序返回值：0
(15:46:43) 运行程序返回信息：


(15:46:43) 监控式启动程序 Command="F:\已整理A\checkv.exe"
(15:46:43) 运行程序返回值：0
(15:46:43) 运行程序返回信息：


(15:46:43) 监控式启动程序 Command="F:\已整理A\checkv.exe"
(15:46:43) 运行程序返回值：0
(15:46:43) 运行程序返回信息：


(15:46:43) 监控式启动程序 Command="F:\已整理A\checkv.exe"
(15:46:43) 运行程序返回值：0
(15:46:43) 运行程序返回信息：


(15:46:43) 监控式启动程序 Command="F:\已整理A\checkv.exe"
(15:46:43) 运行程序返回值：0
(15:46:43) 运行程序返回信息：


(15:46:43) 监控式启动程序 Command="F:\已整理A\checkv.exe"
(15:46:44) 运行程序返回值：0
(15:46:44) 运行程序返回信息：


(15:46:44) 监控式启动程序 Command="F:\已整理A\checkv.exe"
(15:46:44) 运行程序返回值：0
(15:46:44) 运行程序返回信息：


(15:46:44) 调用编译器g++，源文件="F:\已整理A\brick.cpp"
(15:46:44) 编译器返回值：0
(15:46:44) 编译器返回信息：


(15:46:44) 监控式启动程序 Command=F:\已整理A\brick.exe
(15:46:45) 运行程序返回值：0
(15:46:45) 运行程序返回信息：


(15:46:45) 请求文件比较 File1="F:\已整理A\brick.out" File2="F:\已整理A\brick.ans"
(15:46:45) 比较结果：相同

(15:46:45) 监控式启动程序 Command=F:\已整理A\brick.exe
(15:46:45) 运行程序返回值：0
(15:46:45) 运行程序返回信息：


(15:46:45) 请求文件比较 File1="F:\已整理A\brick.out" File2="F:\已整理A\brick.ans"
(15:46:45) 比较结果：相同

(15:46:45) 监控式启动程序 Command=F:\已整理A\brick.exe
(15:46:45) 运行程序返回值：0
(15:46:45) 运行程序返回信息：


(15:46:45) 请求文件比较 File1="F:\已整理A\brick.out" File2="F:\已整理A\brick.ans"
(15:46:45) 比较结果：相同

(15:46:45) 监控式启动程序 Command=F:\已整理A\brick.exe
(15:46:45) 运行程序返回值：0
(15:46:45) 运行程序返回信息：


(15:46:45) 请求文件比较 File1="F:\已整理A\brick.out" File2="F:\已整理A\brick.ans"
(15:46:45) 比较结果：相同

(15:46:45) 监控式启动程序 Command=F:\已整理A\brick.exe
(15:46:45) 运行程序返回值：0
(15:46:45) 运行程序返回信息：


(15:46:45) 请求文件比较 File1="F:\已整理A\brick.out" File2="F:\已整理A\brick.ans"
(15:46:45) 比较结果：相同

(15:46:45) 监控式启动程序 Command=F:\已整理A\brick.exe
(15:46:45) 运行程序返回值：0
(15:46:45) 运行程序返回信息：


(15:46:45) 请求文件比较 File1="F:\已整理A\brick.out" File2="F:\已整理A\brick.ans"
(15:46:45) 比较结果：相同

(15:46:45) 监控式启动程序 Command=F:\已整理A\brick.exe
(15:46:46) 运行程序返回值：0
(15:46:46) 运行程序返回信息：


(15:46:46) 请求文件比较 File1="F:\已整理A\brick.out" File2="F:\已整理A\brick.ans"
(15:46:46) 比较结果：相同

(15:46:46) 监控式启动程序 Command=F:\已整理A\brick.exe
(15:46:46) 运行程序返回值：0
(15:46:46) 运行程序返回信息：


(15:46:46) 请求文件比较 File1="F:\已整理A\brick.out" File2="F:\已整理A\brick.ans"
(15:46:46) 比较结果：相同

(15:46:46) 监控式启动程序 Command=F:\已整理A\brick.exe
(15:46:46) 运行程序返回值：0
(15:46:46) 运行程序返回信息：


(15:46:46) 请求文件比较 File1="F:\已整理A\brick.out" File2="F:\已整理A\brick.ans"
(15:46:46) 比较结果：相同

(15:46:46) 监控式启动程序 Command=F:\已整理A\brick.exe
(15:46:46) 运行程序返回值：0
(15:46:46) 运行程序返回信息：


(15:46:46) 请求文件比较 File1="F:\已整理A\brick.out" File2="F:\已整理A\brick.ans"
(15:46:46) 比较结果：相同

(15:46:46) 调用编译器g++，源文件="F:\已整理A\shape.cpp"
(15:46:47) 编译器返回值：0
(15:46:47) 编译器返回信息：


(15:46:47) 监控式启动程序 Command=F:\已整理A\shape.exe
(15:46:47) 运行程序返回值：0
(15:46:47) 运行程序返回信息：


(15:46:47) 请求文件比较 File1="F:\已整理A\shape.out" File2="F:\已整理A\shape.ans"
(15:46:47) 比较结果：相同

(15:46:47) 监控式启动程序 Command=F:\已整理A\shape.exe
(15:46:48) 运行程序返回值：-1073741819
(15:46:48) 运行程序返回信息：


(15:46:48) 监控式启动程序 Command=F:\已整理A\shape.exe
(15:46:48) 运行程序返回值：0
(15:46:48) 运行程序返回信息：


(15:46:48) 请求文件比较 File1="F:\已整理A\shape.out" File2="F:\已整理A\shape.ans"
(15:46:48) 比较结果：相同

(15:46:48) 监控式启动程序 Command=F:\已整理A\shape.exe
(15:46:48) 运行程序返回值：0
(15:46:48) 运行程序返回信息：


(15:46:48) 请求文件比较 File1="F:\已整理A\shape.out" File2="F:\已整理A\shape.ans"
(15:46:48) 比较结果：相同

(15:46:48) 监控式启动程序 Command=F:\已整理A\shape.exe
(15:46:48) 运行程序返回值：0
(15:46:48) 运行程序返回信息：


(15:46:48) 请求文件比较 File1="F:\已整理A\shape.out" File2="F:\已整理A\shape.ans"
(15:46:48) 比较结果：相同

(15:46:48) 监控式启动程序 Command=F:\已整理A\shape.exe
(15:46:48) 运行程序返回值：0
(15:46:48) 运行程序返回信息：


(15:46:48) 请求文件比较 File1="F:\已整理A\shape.out" File2="F:\已整理A\shape.ans"
(15:46:48) 比较结果：相同

(15:46:48) 监控式启动程序 Command=F:\已整理A\shape.exe
(15:46:49) 运行程序返回值：0
(15:46:49) 运行程序返回信息：


(15:46:49) 请求文件比较 File1="F:\已整理A\shape.out" File2="F:\已整理A\shape.ans"
(15:46:49) 比较结果：相同

(15:46:49) 监控式启动程序 Command=F:\已整理A\shape.exe
(15:46:49) 运行程序返回值：-1073741819
(15:46:49) 运行程序返回信息：


(15:46:49) 监控式启动程序 Command=F:\已整理A\shape.exe
(15:46:49) 运行程序返回值：-1073741819
(15:46:49) 运行程序返回信息：


(15:46:49) 监控式启动程序 Command=F:\已整理A\shape.exe
(15:46:49) 运行程序返回值：-1073741819
(15:46:49) 运行程序返回信息：


(15:46:49) 调用编译器fpc，源文件="F:\已整理A\brick.pas"
(15:46:50) 编译器返回值：0
(15:46:50) 编译器返回信息：
Free Pascal Compiler version 2.4.0 [2009/12/18] for i386
Copyright (c) 1993-2009 by Florian Klaempfl
Target OS: Win32 for i386
Compiling F:\已整理A\brick.pas
brick.pas(6,11) Note: Local variable "j" not used
Linking F:\已整理A\brick.exe
54 lines compiled, 0.0 sec , 31632 bytes code, 1592 bytes data
1 note(s) issued


(15:46:50) 监控式启动程序 Command=F:\已整理A\brick.exe
(15:46:50) 运行程序返回值：0
(15:46:50) 运行程序返回信息：


(15:46:50) 请求文件比较 File1="F:\已整理A\brick.out" File2="F:\已整理A\brick.ans"
(15:46:50) 比较结果：相同

(15:46:50) 监控式启动程序 Command=F:\已整理A\brick.exe
(15:46:50) 运行程序返回值：0
(15:46:50) 运行程序返回信息：


(15:46:50) 请求文件比较 File1="F:\已整理A\brick.out" File2="F:\已整理A\brick.ans"
(15:46:50) 比较结果：相同

(15:46:50) 监控式启动程序 Command=F:\已整理A\brick.exe
(15:46:50) 运行程序返回值：0
(15:46:50) 运行程序返回信息：


(15:46:50) 请求文件比较 File1="F:\已整理A\brick.out" File2="F:\已整理A\brick.ans"
(15:46:50) 比较结果：相同

(15:46:50) 监控式启动程序 Command=F:\已整理A\brick.exe
(15:46:50) 运行程序返回值：0
(15:46:50) 运行程序返回信息：


(15:46:50) 请求文件比较 File1="F:\已整理A\brick.out" File2="F:\已整理A\brick.ans"
(15:46:50) 比较结果：相同

(15:46:50) 监控式启动程序 Command=F:\已整理A\brick.exe
(15:46:50) 运行程序返回值：0
(15:46:50) 运行程序返回信息：


(15:46:50) 请求文件比较 File1="F:\已整理A\brick.out" File2="F:\已整理A\brick.ans"
(15:46:50) 比较结果：相同

(15:46:50) 监控式启动程序 Command=F:\已整理A\brick.exe
(15:46:50) 运行程序返回值：0
(15:46:50) 运行程序返回信息：


(15:46:50) 请求文件比较 File1="F:\已整理A\brick.out" File2="F:\已整理A\brick.ans"
(15:46:50) 比较结果：相同

(15:46:50) 监控式启动程序 Command=F:\已整理A\brick.exe
(15:46:50) 运行程序返回值：0
(15:46:50) 运行程序返回信息：


(15:46:50) 请求文件比较 File1="F:\已整理A\brick.out" File2="F:\已整理A\brick.ans"
(15:46:50) 比较结果：相同

(15:46:50) 监控式启动程序 Command=F:\已整理A\brick.exe
(15:46:50) 运行程序返回值：0
(15:46:50) 运行程序返回信息：


(15:46:50) 请求文件比较 File1="F:\已整理A\brick.out" File2="F:\已整理A\brick.ans"
(15:46:50) 比较结果：相同

(15:46:50) 监控式启动程序 Command=F:\已整理A\brick.exe
(15:46:50) 运行程序返回值：0
(15:46:50) 运行程序返回信息：


(15:46:50) 请求文件比较 File1="F:\已整理A\brick.out" File2="F:\已整理A\brick.ans"
(15:46:50) 比较结果：相同

(15:46:51) 监控式启动程序 Command=F:\已整理A\brick.exe
(15:46:51) 运行程序返回值：0
(15:46:51) 运行程序返回信息：


(15:46:51) 请求文件比较 File1="F:\已整理A\brick.out" File2="F:\已整理A\brick.ans"
(15:46:51) 比较结果：相同

(15:46:51) 调用编译器fpc，源文件="F:\已整理A\shape.pas"
(15:46:51) 编译器返回值：0
(15:46:51) 编译器返回信息：
Free Pascal Compiler version 2.4.0 [2009/12/18] for i386
Copyright (c) 1993-2009 by Florian Klaempfl
Target OS: Win32 for i386
Compiling F:\已整理A\shape.pas
shape.pas(26,55) Warning: Variable "s123" does not seem to be initialized
shape.pas(27,55) Warning: Variable "s132" does not seem to be initialized
shape.pas(28,55) Warning: Variable "s213" does not seem to be initialized
shape.pas(29,55) Warning: Variable "s231" does not seem to be initialized
shape.pas(30,55) Warning: Variable "s312" does not seem to be initialized
shape.pas(31,55) Warning: Variable "s321" does not seem to be initialized
Linking F:\已整理A\shape.exe
43 lines compiled, 0.0 sec , 30064 bytes code, 1592 bytes data
6 warning(s) issued


(15:46:51) 监控式启动程序 Command=F:\已整理A\shape.exe
(15:46:51) 运行程序返回值：0
(15:46:51) 运行程序返回信息：


(15:46:51) 请求文件比较 File1="F:\已整理A\shape.out" File2="F:\已整理A\shape.ans"
(15:46:51) 比较结果：相同

(15:46:51) 监控式启动程序 Command=F:\已整理A\shape.exe
(15:46:52) 运行程序返回值：259
(15:46:52) 运行程序返回信息：
运行超时。


(15:46:52) 监控式启动程序 Command=F:\已整理A\shape.exe
(15:46:52) 运行程序返回值：0
(15:46:52) 运行程序返回信息：


(15:46:52) 请求文件比较 File1="F:\已整理A\shape.out" File2="F:\已整理A\shape.ans"
(15:46:52) 比较结果：相同

(15:46:52) 监控式启动程序 Command=F:\已整理A\shape.exe
(15:46:52) 运行程序返回值：0
(15:46:52) 运行程序返回信息：


(15:46:52) 请求文件比较 File1="F:\已整理A\shape.out" File2="F:\已整理A\shape.ans"
(15:46:52) 比较结果：相同

(15:46:52) 监控式启动程序 Command=F:\已整理A\shape.exe
(15:46:53) 运行程序返回值：259
(15:46:53) 运行程序返回信息：
运行超时。


(15:46:53) 监控式启动程序 Command=F:\已整理A\shape.exe
(15:46:54) 运行程序返回值：259
(15:46:54) 运行程序返回信息：
运行超时。


(15:46:54) 监控式启动程序 Command=F:\已整理A\shape.exe
(15:46:55) 运行程序返回值：259
(15:46:55) 运行程序返回信息：
运行超时。


(15:46:55) 监控式启动程序 Command=F:\已整理A\shape.exe
(15:46:56) 运行程序返回值：259
(15:46:56) 运行程序返回信息：
运行超时。


(15:46:56) 监控式启动程序 Command=F:\已整理A\shape.exe
(15:46:57) 运行程序返回值：259
(15:46:57) 运行程序返回信息：
运行超时。


(15:46:57) 监控式启动程序 Command=F:\已整理A\shape.exe
(15:46:58) 运行程序返回值：259
(15:46:58) 运行程序返回信息：
运行超时。


(15:46:58) 监控式启动程序 Command="F:\已整理A\checkv.exe"
(15:46:59) 运行程序返回值：0
(15:46:59) 运行程序返回信息：


(15:46:59) 监控式启动程序 Command="F:\已整理A\checkv.exe"
(15:46:59) 运行程序返回值：0
(15:46:59) 运行程序返回信息：


(15:46:59) 监控式启动程序 Command="F:\已整理A\checkv.exe"
(15:46:59) 运行程序返回值：0
(15:46:59) 运行程序返回信息：


(15:46:59) 监控式启动程序 Command="F:\已整理A\checkv.exe"
(15:46:59) 运行程序返回值：0
(15:46:59) 运行程序返回信息：


(15:46:59) 监控式启动程序 Command="F:\已整理A\checkv.exe"
(15:46:59) 运行程序返回值：0
(15:46:59) 运行程序返回信息：


(15:46:59) 监控式启动程序 Command="F:\已整理A\checkv.exe"
(15:46:59) 运行程序返回值：0
(15:46:59) 运行程序返回信息：


(15:46:59) 监控式启动程序 Command="F:\已整理A\checkv.exe"
(15:46:59) 运行程序返回值：0
(15:46:59) 运行程序返回信息：


(15:46:59) 监控式启动程序 Command="F:\已整理A\checkv.exe"
(15:46:59) 运行程序返回值：0
(15:46:59) 运行程序返回信息：


(15:46:59) 监控式启动程序 Command="F:\已整理A\checkv.exe"
(15:46:59) 运行程序返回值：0
(15:46:59) 运行程序返回信息：


(15:47:00) 监控式启动程序 Command="F:\已整理A\checkv.exe"
(15:47:00) 运行程序返回值：0
(15:47:00) 运行程序返回信息：


(15:47:00) 调用编译器g++，源文件="F:\已整理A\brick.cpp"
(15:47:00) 编译器返回值：1
(15:47:00) 编译器返回信息：
F:\已整理A\brick.cpp: In function 'int main()':
F:\已整理A\brick.cpp:35:52: warning: extended initializer lists only available with -std=c++0x or -std=gnu++0x [enabled by default]
F:\已整理A\brick.cpp:35:52: error: assigning to an array from an initializer list


(15:47:00) 调用编译器g++，源文件="F:\已整理A\shape.cpp"
(15:47:00) 编译器返回值：0
(15:47:00) 编译器返回信息：


(15:47:00) 监控式启动程序 Command=F:\已整理A\shape.exe
(15:47:00) 运行程序返回值：0
(15:47:00) 运行程序返回信息：


(15:47:00) 请求文件比较 File1="F:\已整理A\shape.out" File2="F:\已整理A\shape.ans"
(15:47:00) 比较结果：不同
(15:47:00) 说明：
发现不同：
****shape.out
...0.29999999999999999000
0.1083...
****shape.ans
...0.30000000000000000000
0.1083...
****

(15:47:00) 监控式启动程序 Command=F:\已整理A\shape.exe
(15:47:01) 运行程序返回值：0
(15:47:01) 运行程序返回信息：


(15:47:01) 请求文件比较 File1="F:\已整理A\shape.out" File2="F:\已整理A\shape.ans"
(15:47:01) 比较结果：不同
(15:47:01) 说明：
发现不同：
****shape.out
...0.15953468546189792000
0.1658...
****shape.ans
...0.16860844130300575858
0.1663...
****

(15:47:01) 监控式启动程序 Command=F:\已整理A\shape.exe
(15:47:01) 运行程序返回值：0
(15:47:01) 运行程序返回信息：


(15:47:01) 请求文件比较 File1="F:\已整理A\shape.out" File2="F:\已整理A\shape.ans"
(15:47:01) 比较结果：不同
(15:47:01) 说明：
发现不同：
****shape.out
...0.18514729950900163000
0.1802...
****shape.ans
...0.18514729950900163666
0.1802...
****

(15:47:01) 监控式启动程序 Command=F:\已整理A\shape.exe
(15:47:01) 运行程序返回值：0
(15:47:01) 运行程序返回信息：


(15:47:01) 请求文件比较 File1="F:\已整理A\shape.out" File2="F:\已整理A\shape.ans"
(15:47:01) 比较结果：不同
(15:47:01) 说明：
发现不同：
****shape.out
...0.19574271241401001000
0.1871...
****shape.ans
...0.19574271241400999667
0.1871...
****

(15:47:01) 监控式启动程序 Command=F:\已整理A\shape.exe
(15:47:02) 运行程序返回值：259
(15:47:02) 运行程序返回信息：
运行超时。


(15:47:02) 监控式启动程序 Command=F:\已整理A\shape.exe
(15:47:03) 运行程序返回值：259
(15:47:03) 运行程序返回信息：
运行超时。


(15:47:03) 监控式启动程序 Command=F:\已整理A\shape.exe
(15:47:04) 运行程序返回值：259
(15:47:04) 运行程序返回信息：
运行超时。


(15:47:04) 监控式启动程序 Command=F:\已整理A\shape.exe
(15:47:05) 运行程序返回值：259
(15:47:05) 运行程序返回信息：
运行超时。


(15:47:05) 监控式启动程序 Command=F:\已整理A\shape.exe
(15:47:06) 运行程序返回值：0
(15:47:06) 运行程序返回信息：


(15:47:06) 请求文件比较 File1="F:\已整理A\shape.out" File2="F:\已整理A\shape.ans"
(15:47:06) 比较结果：不同
(15:47:06) 说明：
发现不同：
****shape.out
...0.17618584229399289000
0.1717...
****shape.ans
...0.16472324102769661367
0.1658...
****

(15:47:06) 监控式启动程序 Command=F:\已整理A\shape.exe
(15:47:07) 运行程序返回值：259
(15:47:07) 运行程序返回信息：
运行超时。


(15:47:07) 监控式启动程序 Command="F:\已整理A\checkv.exe"
(15:47:07) 运行程序返回值：0
(15:47:07) 运行程序返回信息：


(15:47:07) 监控式启动程序 Command="F:\已整理A\checkv.exe"
(15:47:07) 运行程序返回值：0
(15:47:07) 运行程序返回信息：


(15:47:07) 监控式启动程序 Command="F:\已整理A\checkv.exe"
(15:47:07) 运行程序返回值：0
(15:47:07) 运行程序返回信息：


(15:47:07) 监控式启动程序 Command="F:\已整理A\checkv.exe"
(15:47:07) 运行程序返回值：0
(15:47:07) 运行程序返回信息：


(15:47:07) 监控式启动程序 Command="F:\已整理A\checkv.exe"
(15:47:08) 运行程序返回值：0
(15:47:08) 运行程序返回信息：


(15:47:08) 监控式启动程序 Command="F:\已整理A\checkv.exe"
(15:47:08) 运行程序返回值：0
(15:47:08) 运行程序返回信息：


(15:47:08) 监控式启动程序 Command="F:\已整理A\checkv.exe"
(15:47:08) 运行程序返回值：0
(15:47:08) 运行程序返回信息：


(15:47:08) 监控式启动程序 Command="F:\已整理A\checkv.exe"
(15:47:08) 运行程序返回值：0
(15:47:08) 运行程序返回信息：


(15:47:08) 监控式启动程序 Command="F:\已整理A\checkv.exe"
(15:47:08) 运行程序返回值：0
(15:47:08) 运行程序返回信息：


(15:47:08) 监控式启动程序 Command="F:\已整理A\checkv.exe"
(15:47:08) 运行程序返回值：0
(15:47:08) 运行程序返回信息：


(15:47:08) 调用编译器g++，源文件="F:\已整理A\shape.cpp"
(15:47:09) 编译器返回值：0
(15:47:09) 编译器返回信息：


(15:47:09) 监控式启动程序 Command=F:\已整理A\shape.exe
(15:47:10) 运行程序返回值：0
(15:47:10) 运行程序返回信息：


(15:47:10) 请求文件比较 File1="F:\已整理A\shape.out" File2="F:\已整理A\shape.ans"
(15:47:10) 比较结果：相同

(15:47:10) 监控式启动程序 Command=F:\已整理A\shape.exe
(15:47:10) 运行程序返回值：0
(15:47:10) 运行程序返回信息：


(15:47:10) 请求文件比较 File1="F:\已整理A\shape.out" File2="F:\已整理A\shape.ans"
(15:47:10) 比较结果：相同

(15:47:10) 监控式启动程序 Command=F:\已整理A\shape.exe
(15:47:10) 运行程序返回值：0
(15:47:10) 运行程序返回信息：


(15:47:10) 请求文件比较 File1="F:\已整理A\shape.out" File2="F:\已整理A\shape.ans"
(15:47:10) 比较结果：相同

(15:47:10) 监控式启动程序 Command=F:\已整理A\shape.exe
(15:47:10) 运行程序返回值：0
(15:47:10) 运行程序返回信息：


(15:47:10) 请求文件比较 File1="F:\已整理A\shape.out" File2="F:\已整理A\shape.ans"
(15:47:10) 比较结果：相同

(15:47:10) 监控式启动程序 Command=F:\已整理A\shape.exe
(15:47:10) 运行程序返回值：0
(15:47:10) 运行程序返回信息：


(15:47:10) 请求文件比较 File1="F:\已整理A\shape.out" File2="F:\已整理A\shape.ans"
(15:47:10) 比较结果：相同

(15:47:10) 监控式启动程序 Command=F:\已整理A\shape.exe
(15:47:11) 运行程序返回值：0
(15:47:11) 运行程序返回信息：


(15:47:11) 请求文件比较 File1="F:\已整理A\shape.out" File2="F:\已整理A\shape.ans"
(15:47:11) 比较结果：相同

(15:47:11) 监控式启动程序 Command=F:\已整理A\shape.exe
(15:47:11) 运行程序返回值：0
(15:47:11) 运行程序返回信息：


(15:47:11) 请求文件比较 File1="F:\已整理A\shape.out" File2="F:\已整理A\shape.ans"
(15:47:11) 比较结果：相同

(15:47:11) 监控式启动程序 Command=F:\已整理A\shape.exe
(15:47:11) 运行程序返回值：0
(15:47:11) 运行程序返回信息：


(15:47:11) 请求文件比较 File1="F:\已整理A\shape.out" File2="F:\已整理A\shape.ans"
(15:47:11) 比较结果：相同

(15:47:11) 监控式启动程序 Command=F:\已整理A\shape.exe
(15:47:11) 运行程序返回值：0
(15:47:11) 运行程序返回信息：


(15:47:11) 请求文件比较 File1="F:\已整理A\shape.out" File2="F:\已整理A\shape.ans"
(15:47:11) 比较结果：相同

(15:47:11) 监控式启动程序 Command=F:\已整理A\shape.exe
(15:47:11) 运行程序返回值：0
(15:47:11) 运行程序返回信息：


(15:47:11) 请求文件比较 File1="F:\已整理A\shape.out" File2="F:\已整理A\shape.ans"
(15:47:11) 比较结果：相同

(15:47:11) 监控式启动程序 Command="F:\已整理A\checkv.exe"
(15:47:12) 运行程序返回值：0
(15:47:12) 运行程序返回信息：


(15:47:12) 监控式启动程序 Command="F:\已整理A\checkv.exe"
(15:47:12) 运行程序返回值：0
(15:47:12) 运行程序返回信息：


(15:47:12) 监控式启动程序 Command="F:\已整理A\checkv.exe"
(15:47:12) 运行程序返回值：0
(15:47:12) 运行程序返回信息：


(15:47:12) 监控式启动程序 Command="F:\已整理A\checkv.exe"
(15:47:12) 运行程序返回值：0
(15:47:12) 运行程序返回信息：


(15:47:12) 监控式启动程序 Command="F:\已整理A\checkv.exe"
(15:47:12) 运行程序返回值：0
(15:47:12) 运行程序返回信息：


(15:47:12) 监控式启动程序 Command="F:\已整理A\checkv.exe"
(15:47:12) 运行程序返回值：0
(15:47:12) 运行程序返回信息：


(15:47:12) 监控式启动程序 Command="F:\已整理A\checkv.exe"
(15:47:12) 运行程序返回值：0
(15:47:12) 运行程序返回信息：


(15:47:12) 监控式启动程序 Command="F:\已整理A\checkv.exe"
(15:47:12) 运行程序返回值：0
(15:47:12) 运行程序返回信息：


(15:47:12) 监控式启动程序 Command="F:\已整理A\checkv.exe"
(15:47:13) 运行程序返回值：0
(15:47:13) 运行程序返回信息：


(15:47:13) 监控式启动程序 Command="F:\已整理A\checkv.exe"
(15:47:13) 运行程序返回值：0
(15:47:13) 运行程序返回信息：


(15:47:13) 调用编译器fpc，源文件="F:\已整理A\shape.pas"
(15:47:13) 编译器返回值：0
(15:47:13) 编译器返回信息：
Free Pascal Compiler version 2.4.0 [2009/12/18] for i386
Copyright (c) 1993-2009 by Florian Klaempfl
Target OS: Win32 for i386
Compiling F:\已整理A\shape.pas
shape.pas(18,37) Warning: Variable "big" does not seem to be initialized
shape.pas(20,37) Warning: Variable "sma" does not seem to be initialized
Linking F:\已整理A\shape.exe
55 lines compiled, 0.0 sec , 31728 bytes code, 1592 bytes data
2 warning(s) issued


(15:47:13) 监控式启动程序 Command=F:\已整理A\shape.exe
(15:47:13) 运行程序返回值：0
(15:47:13) 运行程序返回信息：


(15:47:13) 请求文件比较 File1="F:\已整理A\shape.out" File2="F:\已整理A\shape.ans"
(15:47:13) 比较结果：相同

(15:47:13) 监控式启动程序 Command=F:\已整理A\shape.exe
(15:47:14) 运行程序返回值：259
(15:47:14) 运行程序返回信息：
运行超时。


(15:47:14) 监控式启动程序 Command=F:\已整理A\shape.exe
(15:47:14) 运行程序返回值：0
(15:47:14) 运行程序返回信息：


(15:47:14) 请求文件比较 File1="F:\已整理A\shape.out" File2="F:\已整理A\shape.ans"
(15:47:14) 比较结果：不同
(15:47:14) 说明：
发现不同：
****shape.out
...0.18512836248337935972
0.1802...
****shape.ans
...0.18514729950900163666
0.1802...
****

(15:47:14) 监控式启动程序 Command=F:\已整理A\shape.exe
(15:47:14) 运行程序返回值：0
(15:47:14) 运行程序返回信息：


(15:47:14) 请求文件比较 File1="F:\已整理A\shape.out" File2="F:\已整理A\shape.ans"
(15:47:14) 比较结果：不同
(15:47:14) 说明：
发现不同：
****shape.out
...0.19558773951737277987
0.1876...
****shape.ans
...0.19574271241400999667
0.1871...
****

(15:47:14) 监控式启动程序 Command=F:\已整理A\shape.exe
(15:47:14) 运行程序返回值：0
(15:47:14) 运行程序返回信息：


(15:47:14) 请求文件比较 File1="F:\已整理A\shape.out" File2="F:\已整理A\shape.ans"
(15:47:14) 比较结果：不同
(15:47:14) 说明：
发现不同：
****shape.out
...0.16034034625439365171
0.1663...
****shape.ans
...0.16050689684815832485
0.1659...
****

(15:47:14) 监控式启动程序 Command=F:\已整理A\shape.exe
(15:47:15) 运行程序返回值：0
(15:47:15) 运行程序返回信息：


(15:47:15) 请求文件比较 File1="F:\已整理A\shape.out" File2="F:\已整理A\shape.ans"
(15:47:15) 比较结果：不同
(15:47:15) 说明：
发现不同：
****shape.out
...0.16388755450863498908
0.1655...
****shape.ans
...0.16405489351455144772
0.1651...
****

(15:47:15) 监控式启动程序 Command=F:\已整理A\shape.exe
(15:47:15) 运行程序返回值：0
(15:47:15) 运行程序返回信息：


(15:47:15) 请求文件比较 File1="F:\已整理A\shape.out" File2="F:\已整理A\shape.ans"
(15:47:15) 比较结果：不同
(15:47:15) 说明：
发现不同：
****shape.out
...0.16598999385498669297
0.1699...
****shape.ans
...0.16615762137137892250
0.1696...
****

(15:47:15) 监控式启动程序 Command=F:\已整理A\shape.exe
(15:47:16) 运行程序返回值：259
(15:47:16) 运行程序返回信息：
运行超时。


(15:47:16) 监控式启动程序 Command=F:\已整理A\shape.exe
(15:47:17) 运行程序返回值：259
(15:47:17) 运行程序返回信息：
运行超时。


(15:47:17) 监控式启动程序 Command=F:\已整理A\shape.exe
(15:47:18) 运行程序返回值：259
(15:47:18) 运行程序返回信息：
运行超时。


(15:47:18) 监控式启动程序 Command="F:\已整理A\checkv.exe"
(15:47:18) 运行程序返回值：0
(15:47:18) 运行程序返回信息：


(15:47:18) 监控式启动程序 Command="F:\已整理A\checkv.exe"
(15:47:18) 运行程序返回值：0
(15:47:18) 运行程序返回信息：


(15:47:19) 监控式启动程序 Command="F:\已整理A\checkv.exe"
(15:47:19) 运行程序返回值：0
(15:47:19) 运行程序返回信息：


(15:47:19) 监控式启动程序 Command="F:\已整理A\checkv.exe"
(15:47:19) 运行程序返回值：0
(15:47:19) 运行程序返回信息：


(15:47:19) 监控式启动程序 Command="F:\已整理A\checkv.exe"
(15:47:19) 运行程序返回值：0
(15:47:19) 运行程序返回信息：


(15:47:19) 监控式启动程序 Command="F:\已整理A\checkv.exe"
(15:47:19) 运行程序返回值：0
(15:47:19) 运行程序返回信息：


(15:47:19) 监控式启动程序 Command="F:\已整理A\checkv.exe"
(15:47:19) 运行程序返回值：0
(15:47:19) 运行程序返回信息：


(15:47:19) 监控式启动程序 Command="F:\已整理A\checkv.exe"
(15:47:19) 运行程序返回值：0
(15:47:19) 运行程序返回信息：


(15:47:19) 监控式启动程序 Command="F:\已整理A\checkv.exe"
(15:47:19) 运行程序返回值：0
(15:47:19) 运行程序返回信息：


(15:47:19) 监控式启动程序 Command="F:\已整理A\checkv.exe"
(15:47:19) 运行程序返回值：0
(15:47:19) 运行程序返回信息：


(15:47:20) 调用编译器fpc，源文件="F:\已整理A\shape.pas"
(15:47:20) 编译器返回值：0
(15:47:20) 编译器返回信息：
Free Pascal Compiler version 2.4.0 [2009/12/18] for i386
Copyright (c) 1993-2009 by Florian Klaempfl
Target OS: Win32 for i386
Compiling F:\已整理A\shape.pas
Linking F:\已整理A\shape.exe
151 lines compiled, 0.0 sec , 34144 bytes code, 1592 bytes data


(15:47:20) 监控式启动程序 Command=F:\已整理A\shape.exe
(15:47:20) 运行程序返回值：0
(15:47:20) 运行程序返回信息：


(15:47:20) 请求文件比较 File1="F:\已整理A\shape.out" File2="F:\已整理A\shape.ans"
(15:47:20) 比较结果：不同
(15:47:20) 说明：
发现不同：
****shape.out
...0.29999999999999999999
0.1083...
****shape.ans
...0.30000000000000000000
0.1083...
****

(15:47:20) 监控式启动程序 Command=F:\已整理A\shape.exe
(15:47:21) 运行程序返回值：259
(15:47:21) 运行程序返回信息：
运行超时。


(15:47:21) 监控式启动程序 Command=F:\已整理A\shape.exe
(15:47:21) 运行程序返回值：0
(15:47:21) 运行程序返回信息：


(15:47:21) 请求文件比较 File1="F:\已整理A\shape.out" File2="F:\已整理A\shape.ans"
(15:47:21) 比较结果：相同

(15:47:21) 监控式启动程序 Command=F:\已整理A\shape.exe
(15:47:21) 运行程序返回值：0
(15:47:21) 运行程序返回信息：


(15:47:21) 请求文件比较 File1="F:\已整理A\shape.out" File2="F:\已整理A\shape.ans"
(15:47:21) 比较结果：相同

(15:47:21) 监控式启动程序 Command=F:\已整理A\shape.exe
(15:47:21) 运行程序返回值：0
(15:47:21) 运行程序返回信息：


(15:47:21) 请求文件比较 File1="F:\已整理A\shape.out" File2="F:\已整理A\shape.ans"
(15:47:21) 比较结果：相同

(15:47:21) 监控式启动程序 Command=F:\已整理A\shape.exe
(15:47:21) 运行程序返回值：0
(15:47:21) 运行程序返回信息：


(15:47:21) 请求文件比较 File1="F:\已整理A\shape.out" File2="F:\已整理A\shape.ans"
(15:47:21) 比较结果：相同

(15:47:21) 监控式启动程序 Command=F:\已整理A\shape.exe
(15:47:22) 运行程序返回值：0
(15:47:22) 运行程序返回信息：


(15:47:22) 请求文件比较 File1="F:\已整理A\shape.out" File2="F:\已整理A\shape.ans"
(15:47:22) 比较结果：相同

(15:47:22) 监控式启动程序 Command=F:\已整理A\shape.exe
(15:47:23) 运行程序返回值：259
(15:47:23) 运行程序返回信息：
运行超时。


(15:47:23) 监控式启动程序 Command=F:\已整理A\shape.exe
(15:47:24) 运行程序返回值：259
(15:47:24) 运行程序返回信息：
运行超时。


(15:47:24) 监控式启动程序 Command=F:\已整理A\shape.exe
(15:47:25) 运行程序返回值：259
(15:47:25) 运行程序返回信息：
运行超时。


(15:47:25) 监控式启动程序 Command="F:\已整理A\checkv.exe"
(15:47:25) 运行程序返回值：0
(15:47:25) 运行程序返回信息：


(15:47:25) 监控式启动程序 Command="F:\已整理A\checkv.exe"
(15:47:25) 运行程序返回值：0
(15:47:25) 运行程序返回信息：


(15:47:25) 监控式启动程序 Command="F:\已整理A\checkv.exe"
(15:47:25) 运行程序返回值：0
(15:47:25) 运行程序返回信息：


(15:47:25) 监控式启动程序 Command="F:\已整理A\checkv.exe"
(15:47:25) 运行程序返回值：0
(15:47:25) 运行程序返回信息：


(15:47:25) 监控式启动程序 Command="F:\已整理A\checkv.exe"
(15:47:26) 运行程序返回值：0
(15:47:26) 运行程序返回信息：


(15:47:26) 监控式启动程序 Command="F:\已整理A\checkv.exe"
(15:47:26) 运行程序返回值：0
(15:47:26) 运行程序返回信息：


(15:47:26) 监控式启动程序 Command="F:\已整理A\checkv.exe"
(15:47:26) 运行程序返回值：0
(15:47:26) 运行程序返回信息：


(15:47:26) 监控式启动程序 Command="F:\已整理A\checkv.exe"
(15:47:26) 运行程序返回值：0
(15:47:26) 运行程序返回信息：


(15:47:26) 监控式启动程序 Command="F:\已整理A\checkv.exe"
(15:47:26) 运行程序返回值：0
(15:47:26) 运行程序返回信息：


(15:47:26) 监控式启动程序 Command="F:\已整理A\checkv.exe"
(15:47:26) 运行程序返回值：0
(15:47:26) 运行程序返回信息：


(15:47:26) 调用编译器fpc，源文件="F:\已整理A\brick.pas"
(15:47:26) 编译器返回值：0
(15:47:26) 编译器返回信息：
Free Pascal Compiler version 2.4.0 [2009/12/18] for i386
Copyright (c) 1993-2009 by Florian Klaempfl
Target OS: Win32 for i386
Compiling F:\已整理A\brick.pas
brick.pas(4,5) Note: Local variable "xie" not used
brick.pas(4,9) Note: Local variable "sum" is assigned but never used
brick.pas(4,13) Note: Local variable "sum2" not used
Linking F:\已整理A\brick.exe
35 lines compiled, 0.0 sec , 30896 bytes code, 1592 bytes data
3 note(s) issued


(15:47:26) 监控式启动程序 Command=F:\已整理A\brick.exe
(15:47:27) 运行程序返回值：0
(15:47:27) 运行程序返回信息：


(15:47:27) 请求文件比较 File1="F:\已整理A\brick.out" File2="F:\已整理A\brick.ans"
(15:47:27) 比较结果：相同

(15:47:27) 监控式启动程序 Command=F:\已整理A\brick.exe
(15:47:28) 运行程序返回值：259
(15:47:28) 运行程序返回信息：
运行超时。


(15:47:28) 监控式启动程序 Command=F:\已整理A\brick.exe
(15:47:28) 运行程序返回值：0
(15:47:28) 运行程序返回信息：


(15:47:28) 请求文件比较 File1="F:\已整理A\brick.out" File2="F:\已整理A\brick.ans"
(15:47:28) 比较结果：相同

(15:47:28) 监控式启动程序 Command=F:\已整理A\brick.exe
(15:47:28) 运行程序返回值：0
(15:47:28) 运行程序返回信息：


(15:47:28) 请求文件比较 File1="F:\已整理A\brick.out" File2="F:\已整理A\brick.ans"
(15:47:28) 比较结果：相同

(15:47:28) 监控式启动程序 Command=F:\已整理A\brick.exe
(15:47:28) 运行程序返回值：0
(15:47:28) 运行程序返回信息：


(15:47:28) 请求文件比较 File1="F:\已整理A\brick.out" File2="F:\已整理A\brick.ans"
(15:47:28) 比较结果：相同

(15:47:28) 监控式启动程序 Command=F:\已整理A\brick.exe
(15:47:29) 运行程序返回值：259
(15:47:29) 运行程序返回信息：
运行超时。


(15:47:29) 监控式启动程序 Command=F:\已整理A\brick.exe
(15:47:30) 运行程序返回值：259
(15:47:30) 运行程序返回信息：
运行超时。


(15:47:30) 监控式启动程序 Command=F:\已整理A\brick.exe
(15:47:31) 运行程序返回值：259
(15:47:31) 运行程序返回信息：
运行超时。


(15:47:31) 监控式启动程序 Command=F:\已整理A\brick.exe
(15:47:32) 运行程序返回值：259
(15:47:32) 运行程序返回信息：
运行超时。


(15:47:32) 监控式启动程序 Command=F:\已整理A\brick.exe
(15:47:33) 运行程序返回值：259
(15:47:33) 运行程序返回信息：
运行超时。


(15:47:33) 调用编译器fpc，源文件="F:\已整理A\shape.pas"
(15:47:33) 编译器返回值：0
(15:47:33) 编译器返回信息：
Free Pascal Compiler version 2.4.0 [2009/12/18] for i386
Copyright (c) 1993-2009 by Florian Klaempfl
Target OS: Win32 for i386
Compiling F:\已整理A\shape.pas
shape.pas(131,13) Warning: Variable "ans" does not seem to be initialized
shape.pas(2,9) Note: Local variable "j" not used
Linking F:\已整理A\shape.exe
190 lines compiled, 0.0 sec , 34080 bytes code, 1592 bytes data
1 warning(s) issued
1 note(s) issued


(15:47:33) 监控式启动程序 Command=F:\已整理A\shape.exe
(15:47:33) 运行程序返回值：0
(15:47:33) 运行程序返回信息：


(15:47:33) 请求文件比较 File1="F:\已整理A\shape.out" File2="F:\已整理A\shape.ans"
(15:47:33) 比较结果：相同

(15:47:33) 监控式启动程序 Command=F:\已整理A\shape.exe
(15:47:34) 运行程序返回值：0
(15:47:34) 运行程序返回信息：


(15:47:34) 请求文件比较 File1="F:\已整理A\shape.out" File2="F:\已整理A\shape.ans"
(15:47:34) 比较结果：相同

(15:47:34) 监控式启动程序 Command=F:\已整理A\shape.exe
(15:47:34) 运行程序返回值：0
(15:47:34) 运行程序返回信息：


(15:47:34) 请求文件比较 File1="F:\已整理A\shape.out" File2="F:\已整理A\shape.ans"
(15:47:34) 比较结果：相同

(15:47:34) 监控式启动程序 Command=F:\已整理A\shape.exe
(15:47:34) 运行程序返回值：0
(15:47:34) 运行程序返回信息：


(15:47:34) 请求文件比较 File1="F:\已整理A\shape.out" File2="F:\已整理A\shape.ans"
(15:47:34) 比较结果：相同

(15:47:34) 监控式启动程序 Command=F:\已整理A\shape.exe
(15:47:34) 运行程序返回值：0
(15:47:34) 运行程序返回信息：


(15:47:34) 请求文件比较 File1="F:\已整理A\shape.out" File2="F:\已整理A\shape.ans"
(15:47:34) 比较结果：相同

(15:47:34) 监控式启动程序 Command=F:\已整理A\shape.exe
(15:47:34) 运行程序返回值：0
(15:47:34) 运行程序返回信息：


(15:47:34) 请求文件比较 File1="F:\已整理A\shape.out" File2="F:\已整理A\shape.ans"
(15:47:34) 比较结果：相同

(15:47:34) 监控式启动程序 Command=F:\已整理A\shape.exe
(15:47:34) 运行程序返回值：0
(15:47:34) 运行程序返回信息：


(15:47:34) 请求文件比较 File1="F:\已整理A\shape.out" File2="F:\已整理A\shape.ans"
(15:47:34) 比较结果：相同

(15:47:34) 监控式启动程序 Command=F:\已整理A\shape.exe
(15:47:34) 运行程序返回值：0
(15:47:34) 运行程序返回信息：


(15:47:34) 请求文件比较 File1="F:\已整理A\shape.out" File2="F:\已整理A\shape.ans"
(15:47:34) 比较结果：相同

(15:47:34) 监控式启动程序 Command=F:\已整理A\shape.exe
(15:47:34) 运行程序返回值：0
(15:47:34) 运行程序返回信息：


(15:47:34) 请求文件比较 File1="F:\已整理A\shape.out" File2="F:\已整理A\shape.ans"
(15:47:35) 比较结果：相同

(15:47:35) 监控式启动程序 Command=F:\已整理A\shape.exe
(15:47:35) 运行程序返回值：0
(15:47:35) 运行程序返回信息：


(15:47:35) 请求文件比较 File1="F:\已整理A\shape.out" File2="F:\已整理A\shape.ans"
(15:47:35) 比较结果：相同

(15:47:35) 监控式启动程序 Command="F:\已整理A\checkv.exe"
(15:47:35) 运行程序返回值：0
(15:47:35) 运行程序返回信息：


(15:47:35) 监控式启动程序 Command="F:\已整理A\checkv.exe"
(15:47:35) 运行程序返回值：0
(15:47:35) 运行程序返回信息：


(15:47:35) 监控式启动程序 Command="F:\已整理A\checkv.exe"
(15:47:35) 运行程序返回值：0
(15:47:35) 运行程序返回信息：


(15:47:35) 监控式启动程序 Command="F:\已整理A\checkv.exe"
(15:47:35) 运行程序返回值：0
(15:47:35) 运行程序返回信息：


(15:47:35) 监控式启动程序 Command="F:\已整理A\checkv.exe"
(15:47:35) 运行程序返回值：0
(15:47:35) 运行程序返回信息：


(15:47:35) 监控式启动程序 Command="F:\已整理A\checkv.exe"
(15:47:36) 运行程序返回值：0
(15:47:36) 运行程序返回信息：


(15:47:36) 监控式启动程序 Command="F:\已整理A\checkv.exe"
(15:47:36) 运行程序返回值：0
(15:47:36) 运行程序返回信息：


(15:47:36) 监控式启动程序 Command="F:\已整理A\checkv.exe"
(15:47:36) 运行程序返回值：0
(15:47:36) 运行程序返回信息：


(15:47:36) 监控式启动程序 Command="F:\已整理A\checkv.exe"
(15:47:36) 运行程序返回值：0
(15:47:36) 运行程序返回信息：


(15:47:36) 监控式启动程序 Command="F:\已整理A\checkv.exe"
(15:47:36) 运行程序返回值：0
(15:47:36) 运行程序返回信息：


(15:47:36) 调用编译器g++，源文件="F:\已整理A\brick.cpp"
(15:47:37) 编译器返回值：0
(15:47:37) 编译器返回信息：


(15:47:37) 监控式启动程序 Command=F:\已整理A\brick.exe
(15:47:37) 运行程序返回值：0
(15:47:37) 运行程序返回信息：


(15:47:37) 请求文件比较 File1="F:\已整理A\brick.out" File2="F:\已整理A\brick.ans"
(15:47:37) 比较结果：相同

(15:47:37) 监控式启动程序 Command=F:\已整理A\brick.exe
(15:47:37) 运行程序返回值：-1073741819
(15:47:37) 运行程序返回信息：


(15:47:37) 监控式启动程序 Command=F:\已整理A\brick.exe
(15:47:37) 运行程序返回值：0
(15:47:37) 运行程序返回信息：


(15:47:37) 请求文件比较 File1="F:\已整理A\brick.out" File2="F:\已整理A\brick.ans"
(15:47:37) 比较结果：相同

(15:47:37) 监控式启动程序 Command=F:\已整理A\brick.exe
(15:47:37) 运行程序返回值：0
(15:47:37) 运行程序返回信息：


(15:47:37) 请求文件比较 File1="F:\已整理A\brick.out" File2="F:\已整理A\brick.ans"
(15:47:37) 比较结果：不同
(15:47:37) 说明：
发现不同：
****brick.out
...-374319
...
****brick.ans
...625684
...
****

(15:47:37) 监控式启动程序 Command=F:\已整理A\brick.exe
(15:47:37) 运行程序返回值：0
(15:47:37) 运行程序返回信息：


(15:47:37) 请求文件比较 File1="F:\已整理A\brick.out" File2="F:\已整理A\brick.ans"
(15:47:37) 比较结果：不同
(15:47:37) 说明：
发现不同：
****brick.out
...-894442
...
****brick.ans
...105561
...
****

(15:47:37) 监控式启动程序 Command=F:\已整理A\brick.exe
(15:47:38) 运行程序返回值：-1073741819
(15:47:38) 运行程序返回信息：


(15:47:38) 监控式启动程序 Command=F:\已整理A\brick.exe
(15:47:38) 运行程序返回值：-1073741819
(15:47:38) 运行程序返回信息：


(15:47:38) 监控式启动程序 Command=F:\已整理A\brick.exe
(15:47:38) 运行程序返回值：-1073741819
(15:47:38) 运行程序返回信息：


(15:47:38) 监控式启动程序 Command=F:\已整理A\brick.exe
(15:47:38) 运行程序返回值：-1073741819
(15:47:38) 运行程序返回信息：


(15:47:38) 监控式启动程序 Command=F:\已整理A\brick.exe
(15:47:38) 运行程序返回值：-1073741819
(15:47:38) 运行程序返回信息：


(15:47:38) 监控式启动程序 Command="F:\已整理A\checkv.exe"
(15:47:38) 运行程序返回值：0
(15:47:38) 运行程序返回信息：


(15:47:38) 监控式启动程序 Command="F:\已整理A\checkv.exe"
(15:47:38) 运行程序返回值：0
(15:47:38) 运行程序返回信息：


(15:47:38) 监控式启动程序 Command="F:\已整理A\checkv.exe"
(15:47:38) 运行程序返回值：0
(15:47:38) 运行程序返回信息：


(15:47:38) 监控式启动程序 Command="F:\已整理A\checkv.exe"
(15:47:38) 运行程序返回值：0
(15:47:38) 运行程序返回信息：


(15:47:39) 监控式启动程序 Command="F:\已整理A\checkv.exe"
(15:47:39) 运行程序返回值：0
(15:47:39) 运行程序返回信息：


(15:47:39) 监控式启动程序 Command="F:\已整理A\checkv.exe"
(15:47:39) 运行程序返回值：0
(15:47:39) 运行程序返回信息：


(15:47:39) 监控式启动程序 Command="F:\已整理A\checkv.exe"
(15:47:39) 运行程序返回值：0
(15:47:39) 运行程序返回信息：


(15:47:39) 监控式启动程序 Command="F:\已整理A\checkv.exe"
(15:47:39) 运行程序返回值：0
(15:47:39) 运行程序返回信息：


(15:47:39) 调用编译器g++，源文件="F:\已整理A\brick.cpp"
(15:47:40) 编译器返回值：0
(15:47:40) 编译器返回信息：


(15:47:40) 监控式启动程序 Command=F:\已整理A\brick.exe
(15:47:40) 运行程序返回值：0
(15:47:40) 运行程序返回信息：


(15:47:40) 请求文件比较 File1="F:\已整理A\brick.out" File2="F:\已整理A\brick.ans"
(15:47:40) 比较结果：相同

(15:47:40) 监控式启动程序 Command=F:\已整理A\brick.exe
(15:47:40) 运行程序返回值：-1073741819
(15:47:40) 运行程序返回信息：


(15:47:40) 监控式启动程序 Command=F:\已整理A\brick.exe
(15:47:40) 运行程序返回值：0
(15:47:40) 运行程序返回信息：


(15:47:40) 请求文件比较 File1="F:\已整理A\brick.out" File2="F:\已整理A\brick.ans"
(15:47:40) 比较结果：相同

(15:47:40) 监控式启动程序 Command=F:\已整理A\brick.exe
(15:47:41) 运行程序返回值：0
(15:47:41) 运行程序返回信息：


(15:47:41) 请求文件比较 File1="F:\已整理A\brick.out" File2="F:\已整理A\brick.ans"
(15:47:41) 比较结果：相同

(15:47:41) 监控式启动程序 Command=F:\已整理A\brick.exe
(15:47:41) 运行程序返回值：0
(15:47:41) 运行程序返回信息：


(15:47:41) 请求文件比较 File1="F:\已整理A\brick.out" File2="F:\已整理A\brick.ans"
(15:47:41) 比较结果：相同

(15:47:41) 监控式启动程序 Command=F:\已整理A\brick.exe
(15:47:41) 运行程序返回值：-1073741819
(15:47:41) 运行程序返回信息：


(15:47:41) 监控式启动程序 Command=F:\已整理A\brick.exe
(15:47:41) 运行程序返回值：-1073741819
(15:47:41) 运行程序返回信息：


(15:47:41) 监控式启动程序 Command=F:\已整理A\brick.exe
(15:47:41) 运行程序返回值：-1073741819
(15:47:41) 运行程序返回信息：


(15:47:41) 监控式启动程序 Command=F:\已整理A\brick.exe
(15:47:41) 运行程序返回值：-1073741819
(15:47:41) 运行程序返回信息：


(15:47:41) 监控式启动程序 Command=F:\已整理A\brick.exe
(15:47:42) 运行程序返回值：-1073741819
(15:47:42) 运行程序返回信息：


(15:47:42) 调用编译器g++，源文件="F:\已整理A\shape.cpp"
(15:47:43) 编译器返回值：0
(15:47:43) 编译器返回信息：


(15:47:43) 监控式启动程序 Command=F:\已整理A\shape.exe
(15:47:43) 运行程序返回值：0
(15:47:43) 运行程序返回信息：


(15:47:43) 请求文件比较 File1="F:\已整理A\shape.out" File2="F:\已整理A\shape.ans"
(15:47:43) 比较结果：相同

(15:47:43) 监控式启动程序 Command=F:\已整理A\shape.exe
(15:47:44) 运行程序返回值：259
(15:47:44) 运行程序返回信息：
运行超时。


(15:47:44) 监控式启动程序 Command=F:\已整理A\shape.exe
(15:47:44) 运行程序返回值：0
(15:47:44) 运行程序返回信息：


(15:47:44) 请求文件比较 File1="F:\已整理A\shape.out" File2="F:\已整理A\shape.ans"
(15:47:44) 比较结果：相同

(15:47:44) 监控式启动程序 Command=F:\已整理A\shape.exe
(15:47:44) 运行程序返回值：0
(15:47:44) 运行程序返回信息：


(15:47:44) 请求文件比较 File1="F:\已整理A\shape.out" File2="F:\已整理A\shape.ans"
(15:47:44) 比较结果：相同

(15:47:44) 监控式启动程序 Command=F:\已整理A\shape.exe
(15:47:44) 运行程序返回值：0
(15:47:44) 运行程序返回信息：


(15:47:44) 请求文件比较 File1="F:\已整理A\shape.out" File2="F:\已整理A\shape.ans"
(15:47:44) 比较结果：相同

(15:47:44) 监控式启动程序 Command=F:\已整理A\shape.exe
(15:47:45) 运行程序返回值：0
(15:47:45) 运行程序返回信息：


(15:47:45) 请求文件比较 File1="F:\已整理A\shape.out" File2="F:\已整理A\shape.ans"
(15:47:45) 比较结果：相同

(15:47:45) 监控式启动程序 Command=F:\已整理A\shape.exe
(15:47:46) 运行程序返回值：259
(15:47:46) 运行程序返回信息：
运行超时。


(15:47:46) 监控式启动程序 Command=F:\已整理A\shape.exe
(15:47:47) 运行程序返回值：259
(15:47:47) 运行程序返回信息：
运行超时。


(15:47:47) 监控式启动程序 Command=F:\已整理A\shape.exe
(15:47:48) 运行程序返回值：259
(15:47:48) 运行程序返回信息：
运行超时。


(15:47:48) 监控式启动程序 Command=F:\已整理A\shape.exe
(15:47:50) 运行程序返回值：259
(15:47:50) 运行程序返回信息：
运行超时。


(15:47:50) 监控式启动程序 Command="F:\已整理A\checkv.exe"
(15:47:50) 运行程序返回值：0
(15:47:50) 运行程序返回信息：


(15:47:50) 监控式启动程序 Command="F:\已整理A\checkv.exe"
(15:47:50) 运行程序返回值：0
(15:47:50) 运行程序返回信息：


(15:47:50) 监控式启动程序 Command="F:\已整理A\checkv.exe"
(15:47:50) 运行程序返回值：0
(15:47:50) 运行程序返回信息：


(15:47:50) 监控式启动程序 Command="F:\已整理A\checkv.exe"
(15:47:50) 运行程序返回值：0
(15:47:50) 运行程序返回信息：


(15:47:50) 监控式启动程序 Command="F:\已整理A\checkv.exe"
(15:47:50) 运行程序返回值：0
(15:47:50) 运行程序返回信息：


(15:47:50) 监控式启动程序 Command="F:\已整理A\checkv.exe"
(15:47:50) 运行程序返回值：0
(15:47:50) 运行程序返回信息：


(15:47:50) 监控式启动程序 Command="F:\已整理A\checkv.exe"
(15:47:50) 运行程序返回值：0
(15:47:50) 运行程序返回信息：


(15:47:50) 监控式启动程序 Command="F:\已整理A\checkv.exe"
(15:47:51) 运行程序返回值：0
(15:47:51) 运行程序返回信息：


(15:47:51) 监控式启动程序 Command="F:\已整理A\checkv.exe"
(15:47:51) 运行程序返回值：0
(15:47:51) 运行程序返回信息：


(15:47:51) 监控式启动程序 Command="F:\已整理A\checkv.exe"
(15:47:51) 运行程序返回值：0
(15:47:51) 运行程序返回信息：


(15:47:51) 调用编译器g++，源文件="F:\已整理A\brick.cpp"
(15:47:52) 编译器返回值：0
(15:47:52) 编译器返回信息：


(15:47:52) 监控式启动程序 Command=F:\已整理A\brick.exe
(15:47:53) 运行程序返回值：0
(15:47:53) 运行程序返回信息：


(15:47:53) 请求文件比较 File1="F:\已整理A\brick.out" File2="F:\已整理A\brick.ans"
(15:47:53) 比较结果：相同

(15:47:53) 监控式启动程序 Command=F:\已整理A\brick.exe
(15:47:54) 运行程序返回值：259
(15:47:54) 运行程序返回信息：
运行超时。


(15:47:54) 监控式启动程序 Command=F:\已整理A\brick.exe
(15:47:54) 运行程序返回值：0
(15:47:54) 运行程序返回信息：


(15:47:54) 请求文件比较 File1="F:\已整理A\brick.out" File2="F:\已整理A\brick.ans"
(15:47:54) 比较结果：相同

(15:47:54) 监控式启动程序 Command=F:\已整理A\brick.exe
(15:47:54) 运行程序返回值：0
(15:47:54) 运行程序返回信息：


(15:47:54) 请求文件比较 File1="F:\已整理A\brick.out" File2="F:\已整理A\brick.ans"
(15:47:54) 比较结果：相同

(15:47:54) 监控式启动程序 Command=F:\已整理A\brick.exe
(15:47:55) 运行程序返回值：0
(15:47:55) 运行程序返回信息：


(15:47:55) 请求文件比较 File1="F:\已整理A\brick.out" File2="F:\已整理A\brick.ans"
(15:47:55) 比较结果：相同

(15:47:55) 监控式启动程序 Command=F:\已整理A\brick.exe
(15:47:56) 运行程序返回值：259
(15:47:56) 运行程序返回信息：
运行超时。


(15:47:56) 监控式启动程序 Command=F:\已整理A\brick.exe
(15:47:57) 运行程序返回值：259
(15:47:57) 运行程序返回信息：
运行超时。


(15:47:57) 监控式启动程序 Command=F:\已整理A\brick.exe
(15:47:58) 运行程序返回值：259
(15:47:58) 运行程序返回信息：
运行超时。


(15:47:58) 监控式启动程序 Command=F:\已整理A\brick.exe
(15:47:59) 运行程序返回值：259
(15:47:59) 运行程序返回信息：
运行超时。


(15:47:59) 监控式启动程序 Command=F:\已整理A\brick.exe
(15:48:00) 运行程序返回值：259
(15:48:00) 运行程序返回信息：
运行超时。


(15:48:00) 调用编译器g++，源文件="F:\已整理A\shape.cpp"
(15:48:01) 编译器返回值：0
(15:48:01) 编译器返回信息：


(15:48:01) 监控式启动程序 Command=F:\已整理A\shape.exe
(15:48:01) 运行程序返回值：0
(15:48:01) 运行程序返回信息：


(15:48:01) 请求文件比较 File1="F:\已整理A\shape.out" File2="F:\已整理A\shape.ans"
(15:48:01) 比较结果：相同

(15:48:01) 监控式启动程序 Command=F:\已整理A\shape.exe
(15:48:03) 运行程序返回值：259
(15:48:03) 运行程序返回信息：
运行超时。


(15:48:03) 监控式启动程序 Command=F:\已整理A\shape.exe
(15:48:03) 运行程序返回值：0
(15:48:03) 运行程序返回信息：


(15:48:03) 请求文件比较 File1="F:\已整理A\shape.out" File2="F:\已整理A\shape.ans"
(15:48:03) 比较结果：相同

(15:48:03) 监控式启动程序 Command=F:\已整理A\shape.exe
(15:48:03) 运行程序返回值：0
(15:48:03) 运行程序返回信息：


(15:48:03) 请求文件比较 File1="F:\已整理A\shape.out" File2="F:\已整理A\shape.ans"
(15:48:03) 比较结果：相同

(15:48:03) 监控式启动程序 Command=F:\已整理A\shape.exe
(15:48:04) 运行程序返回值：0
(15:48:04) 运行程序返回信息：


(15:48:04) 请求文件比较 File1="F:\已整理A\shape.out" File2="F:\已整理A\shape.ans"
(15:48:04) 比较结果：相同

(15:48:04) 监控式启动程序 Command=F:\已整理A\shape.exe
(15:48:05) 运行程序返回值：259
(15:48:05) 运行程序返回信息：
运行超时。


(15:48:05) 监控式启动程序 Command=F:\已整理A\shape.exe
(15:48:06) 运行程序返回值：259
(15:48:06) 运行程序返回信息：
运行超时。


(15:48:06) 监控式启动程序 Command=F:\已整理A\shape.exe
(15:48:07) 运行程序返回值：259
(15:48:07) 运行程序返回信息：
运行超时。


(15:48:07) 监控式启动程序 Command=F:\已整理A\shape.exe
(15:48:08) 运行程序返回值：259
(15:48:08) 运行程序返回信息：
运行超时。


(15:48:08) 监控式启动程序 Command=F:\已整理A\shape.exe
(15:48:10) 运行程序返回值：259
(15:48:10) 运行程序返回信息：
运行超时。


(15:48:10) 监控式启动程序 Command="F:\已整理A\checkv.exe"
(15:48:10) 运行程序返回值：0
(15:48:10) 运行程序返回信息：


(15:48:10) 监控式启动程序 Command="F:\已整理A\checkv.exe"
(15:48:10) 运行程序返回值：0
(15:48:10) 运行程序返回信息：


(15:48:10) 监控式启动程序 Command="F:\已整理A\checkv.exe"
(15:48:10) 运行程序返回值：0
(15:48:10) 运行程序返回信息：


(15:48:10) 监控式启动程序 Command="F:\已整理A\checkv.exe"
(15:48:10) 运行程序返回值：0
(15:48:10) 运行程序返回信息：


(15:48:10) 监控式启动程序 Command="F:\已整理A\checkv.exe"
(15:48:10) 运行程序返回值：0
(15:48:10) 运行程序返回信息：


(15:48:10) 监控式启动程序 Command="F:\已整理A\checkv.exe"
(15:48:10) 运行程序返回值：0
(15:48:10) 运行程序返回信息：


(15:48:10) 监控式启动程序 Command="F:\已整理A\checkv.exe"
(15:48:10) 运行程序返回值：0
(15:48:10) 运行程序返回信息：


(15:48:10) 监控式启动程序 Command="F:\已整理A\checkv.exe"
(15:48:11) 运行程序返回值：0
(15:48:11) 运行程序返回信息：


(15:48:11) 监控式启动程序 Command="F:\已整理A\checkv.exe"
(15:48:11) 运行程序返回值：0
(15:48:11) 运行程序返回信息：


(15:48:11) 监控式启动程序 Command="F:\已整理A\checkv.exe"
(15:48:11) 运行程序返回值：0
(15:48:11) 运行程序返回信息：


(15:48:11) 调用编译器fpc，源文件="F:\已整理A\brick.pas"
(15:48:11) 编译器返回值：0
(15:48:11) 编译器返回信息：
Free Pascal Compiler version 2.4.0 [2009/12/18] for i386
Copyright (c) 1993-2009 by Florian Klaempfl
Target OS: Win32 for i386
Compiling F:\已整理A\brick.pas
Linking F:\已整理A\brick.exe
66 lines compiled, 0.0 sec , 31248 bytes code, 1592 bytes data


(15:48:11) 监控式启动程序 Command=F:\已整理A\brick.exe
(15:48:11) 运行程序返回值：0
(15:48:11) 运行程序返回信息：


(15:48:11) 请求文件比较 File1="F:\已整理A\brick.out" File2="F:\已整理A\brick.ans"
(15:48:11) 比较结果：相同

(15:48:11) 监控式启动程序 Command=F:\已整理A\brick.exe
(15:48:11) 运行程序返回值：0
(15:48:11) 运行程序返回信息：


(15:48:11) 请求文件比较 File1="F:\已整理A\brick.out" File2="F:\已整理A\brick.ans"
(15:48:11) 比较结果：相同

(15:48:11) 监控式启动程序 Command=F:\已整理A\brick.exe
(15:48:11) 运行程序返回值：0
(15:48:11) 运行程序返回信息：


(15:48:11) 请求文件比较 File1="F:\已整理A\brick.out" File2="F:\已整理A\brick.ans"
(15:48:11) 比较结果：相同

(15:48:11) 监控式启动程序 Command=F:\已整理A\brick.exe
(15:48:11) 运行程序返回值：0
(15:48:11) 运行程序返回信息：


(15:48:11) 请求文件比较 File1="F:\已整理A\brick.out" File2="F:\已整理A\brick.ans"
(15:48:11) 比较结果：相同

(15:48:12) 监控式启动程序 Command=F:\已整理A\brick.exe
(15:48:12) 运行程序返回值：0
(15:48:12) 运行程序返回信息：


(15:48:12) 请求文件比较 File1="F:\已整理A\brick.out" File2="F:\已整理A\brick.ans"
(15:48:12) 比较结果：相同

(15:48:12) 监控式启动程序 Command=F:\已整理A\brick.exe
(15:48:12) 运行程序返回值：0
(15:48:12) 运行程序返回信息：


(15:48:12) 请求文件比较 File1="F:\已整理A\brick.out" File2="F:\已整理A\brick.ans"
(15:48:12) 比较结果：相同

(15:48:12) 监控式启动程序 Command=F:\已整理A\brick.exe
(15:48:12) 运行程序返回值：0
(15:48:12) 运行程序返回信息：


(15:48:12) 请求文件比较 File1="F:\已整理A\brick.out" File2="F:\已整理A\brick.ans"
(15:48:12) 比较结果：相同

(15:48:12) 监控式启动程序 Command=F:\已整理A\brick.exe
(15:48:12) 运行程序返回值：0
(15:48:12) 运行程序返回信息：


(15:48:12) 请求文件比较 File1="F:\已整理A\brick.out" File2="F:\已整理A\brick.ans"
(15:48:12) 比较结果：相同

(15:48:12) 监控式启动程序 Command=F:\已整理A\brick.exe
(15:48:12) 运行程序返回值：0
(15:48:12) 运行程序返回信息：


(15:48:12) 请求文件比较 File1="F:\已整理A\brick.out" File2="F:\已整理A\brick.ans"
(15:48:12) 比较结果：相同

(15:48:12) 监控式启动程序 Command=F:\已整理A\brick.exe
(15:48:12) 运行程序返回值：0
(15:48:12) 运行程序返回信息：


(15:48:12) 请求文件比较 File1="F:\已整理A\brick.out" File2="F:\已整理A\brick.ans"
(15:48:12) 比较结果：相同

(15:48:12) 调用编译器fpc，源文件="F:\已整理A\shape.pas"
(15:48:12) 编译器返回值：0
(15:48:12) 编译器返回信息：
Free Pascal Compiler version 2.4.0 [2009/12/18] for i386
Copyright (c) 1993-2009 by Florian Klaempfl
Target OS: Win32 for i386
Compiling F:\已整理A\shape.pas
Linking F:\已整理A\shape.exe
75 lines compiled, 0.0 sec , 31536 bytes code, 1624 bytes data


(15:48:12) 监控式启动程序 Command=F:\已整理A\shape.exe
(15:48:12) 运行程序返回值：0
(15:48:12) 运行程序返回信息：


(15:48:12) 请求文件比较 File1="F:\已整理A\shape.out" File2="F:\已整理A\shape.ans"
(15:48:12) 比较结果：相同

(15:48:12) 监控式启动程序 Command=F:\已整理A\shape.exe
(15:48:13) 运行程序返回值：259
(15:48:13) 运行程序返回信息：
运行超时。


(15:48:13) 监控式启动程序 Command=F:\已整理A\shape.exe
(15:48:14) 运行程序返回值：0
(15:48:14) 运行程序返回信息：


(15:48:14) 请求文件比较 File1="F:\已整理A\shape.out" File2="F:\已整理A\shape.ans"
(15:48:14) 比较结果：相同

(15:48:14) 监控式启动程序 Command=F:\已整理A\shape.exe
(15:48:14) 运行程序返回值：0
(15:48:14) 运行程序返回信息：


(15:48:14) 请求文件比较 File1="F:\已整理A\shape.out" File2="F:\已整理A\shape.ans"
(15:48:14) 比较结果：相同

(15:48:14) 监控式启动程序 Command=F:\已整理A\shape.exe
(15:48:15) 运行程序返回值：259
(15:48:15) 运行程序返回信息：
运行超时。


(15:48:15) 监控式启动程序 Command=F:\已整理A\shape.exe
(15:48:16) 运行程序返回值：259
(15:48:16) 运行程序返回信息：
运行超时。


(15:48:16) 监控式启动程序 Command=F:\已整理A\shape.exe
(15:48:17) 运行程序返回值：259
(15:48:17) 运行程序返回信息：
运行超时。


(15:48:17) 监控式启动程序 Command=F:\已整理A\shape.exe
(15:48:18) 运行程序返回值：259
(15:48:18) 运行程序返回信息：
运行超时。


(15:48:18) 监控式启动程序 Command=F:\已整理A\shape.exe
(15:48:19) 运行程序返回值：259
(15:48:19) 运行程序返回信息：
运行超时。


(15:48:19) 监控式启动程序 Command=F:\已整理A\shape.exe
(15:48:20) 运行程序返回值：259
(15:48:20) 运行程序返回信息：
运行超时。


(15:48:20) 监控式启动程序 Command="F:\已整理A\checkv.exe"
(15:48:20) 运行程序返回值：0
(15:48:20) 运行程序返回信息：


(15:48:20) 监控式启动程序 Command="F:\已整理A\checkv.exe"
(15:48:20) 运行程序返回值：0
(15:48:20) 运行程序返回信息：


(15:48:20) 监控式启动程序 Command="F:\已整理A\checkv.exe"
(15:48:20) 运行程序返回值：0
(15:48:20) 运行程序返回信息：


(15:48:20) 监控式启动程序 Command="F:\已整理A\checkv.exe"
(15:48:20) 运行程序返回值：0
(15:48:20) 运行程序返回信息：


(15:48:20) 监控式启动程序 Command="F:\已整理A\checkv.exe"
(15:48:21) 运行程序返回值：0
(15:48:21) 运行程序返回信息：


(15:48:21) 监控式启动程序 Command="F:\已整理A\checkv.exe"
(15:48:21) 运行程序返回值：0
(15:48:21) 运行程序返回信息：


(15:48:21) 监控式启动程序 Command="F:\已整理A\checkv.exe"
(15:48:21) 运行程序返回值：0
(15:48:21) 运行程序返回信息：


(15:48:21) 监控式启动程序 Command="F:\已整理A\checkv.exe"
(15:48:21) 运行程序返回值：0
(15:48:21) 运行程序返回信息：


(15:48:21) 监控式启动程序 Command="F:\已整理A\checkv.exe"
(15:48:21) 运行程序返回值：0
(15:48:21) 运行程序返回信息：


(15:48:21) 监控式启动程序 Command="F:\已整理A\checkv.exe"
(15:48:21) 运行程序返回值：0
(15:48:21) 运行程序返回信息：


(15:48:21) 调用编译器g++，源文件="F:\已整理A\shape.cpp"
(15:48:22) 编译器返回值：0
(15:48:22) 编译器返回信息：


(15:48:22) 监控式启动程序 Command=F:\已整理A\shape.exe
(15:48:22) 运行程序返回值：0
(15:48:22) 运行程序返回信息：


(15:48:22) 请求文件比较 File1="F:\已整理A\shape.out" File2="F:\已整理A\shape.ans"
(15:48:22) 比较结果：相同

(15:48:22) 监控式启动程序 Command=F:\已整理A\shape.exe
(15:48:22) 运行程序返回值：0
(15:48:22) 运行程序返回信息：


(15:48:22) 请求文件比较 File1="F:\已整理A\shape.out" File2="F:\已整理A\shape.ans"
(15:48:22) 比较结果：不同
(15:48:22) 说明：
发现不同：
****shape.out
...0.16827057686806678476
0.1660...
****shape.ans
...0.16860844130300575858
0.1663...
****

(15:48:22) 监控式启动程序 Command=F:\已整理A\shape.exe
(15:48:22) 运行程序返回值：0
(15:48:22) 运行程序返回信息：


(15:48:22) 请求文件比较 File1="F:\已整理A\shape.out" File2="F:\已整理A\shape.ans"
(15:48:22) 比较结果：相同

(15:48:22) 监控式启动程序 Command=F:\已整理A\shape.exe
(15:48:22) 运行程序返回值：0
(15:48:22) 运行程序返回信息：


(15:48:22) 请求文件比较 File1="F:\已整理A\shape.out" File2="F:\已整理A\shape.ans"
(15:48:22) 比较结果：相同

(15:48:22) 监控式启动程序 Command=F:\已整理A\shape.exe
(15:48:23) 运行程序返回值：0
(15:48:23) 运行程序返回信息：


(15:48:23) 请求文件比较 File1="F:\已整理A\shape.out" File2="F:\已整理A\shape.ans"
(15:48:23) 比较结果：不同
(15:48:23) 说明：
发现不同：
****shape.out
...0.16018356200513908266
0.1656...
****shape.ans
...0.16050689684815832485
0.1659...
****

(15:48:23) 监控式启动程序 Command=F:\已整理A\shape.exe
(15:48:23) 运行程序返回值：0
(15:48:23) 运行程序返回信息：


(15:48:23) 请求文件比较 File1="F:\已整理A\shape.out" File2="F:\已整理A\shape.ans"
(15:48:23) 比较结果：不同
(15:48:23) 说明：
发现不同：
****shape.out
...0.16371984834947422640
0.1648...
****shape.ans
...0.16405489351455144772
0.1651...
****

(15:48:23) 监控式启动程序 Command=F:\已整理A\shape.exe
(15:48:23) 运行程序返回值：0
(15:48:23) 运行程序返回信息：


(15:48:23) 请求文件比较 File1="F:\已整理A\shape.out" File2="F:\已整理A\shape.ans"
(15:48:23) 比较结果：不同
(15:48:23) 说明：
发现不同：
****shape.out
...0.16582536838751083033
0.1692...
****shape.ans
...0.16615762137137892250
0.1696...
****

(15:48:23) 监控式启动程序 Command=F:\已整理A\shape.exe
(15:48:23) 运行程序返回值：0
(15:48:23) 运行程序返回信息：


(15:48:23) 请求文件比较 File1="F:\已整理A\shape.out" File2="F:\已整理A\shape.ans"
(15:48:23) 比较结果：不同
(15:48:23) 说明：
发现不同：
****shape.out
...0.16572794189041884665
0.1662...
****shape.ans
...0.16606011303303650001
0.1665...
****

(15:48:23) 监控式启动程序 Command=F:\已整理A\shape.exe
(15:48:23) 运行程序返回值：0
(15:48:23) 运行程序返回信息：


(15:48:23) 请求文件比较 File1="F:\已整理A\shape.out" File2="F:\已整理A\shape.ans"
(15:48:23) 比较结果：不同
(15:48:23) 说明：
发现不同：
****shape.out
...0.16439359127655551014
0.1655...
****shape.ans
...0.16472324102769661367
0.1658...
****

(15:48:23) 监控式启动程序 Command=F:\已整理A\shape.exe
(15:48:23) 运行程序返回值：0
(15:48:23) 运行程序返回信息：


(15:48:23) 请求文件比较 File1="F:\已整理A\shape.out" File2="F:\已整理A\shape.ans"
(15:48:23) 比较结果：不同
(15:48:23) 说明：
发现不同：
****shape.out
...0.16739384113539689578
0.1663...
****shape.ans
...0.16773013770732551741
0.1666...
****

(15:48:23) 监控式启动程序 Command="F:\已整理A\checkv.exe"
(15:48:23) 运行程序返回值：0
(15:48:23) 运行程序返回信息：


(15:48:23) 监控式启动程序 Command="F:\已整理A\checkv.exe"
(15:48:24) 运行程序返回值：0
(15:48:24) 运行程序返回信息：


(15:48:24) 监控式启动程序 Command="F:\已整理A\checkv.exe"
(15:48:24) 运行程序返回值：0
(15:48:24) 运行程序返回信息：


(15:48:24) 监控式启动程序 Command="F:\已整理A\checkv.exe"
(15:48:24) 运行程序返回值：0
(15:48:24) 运行程序返回信息：


(15:48:24) 监控式启动程序 Command="F:\已整理A\checkv.exe"
(15:48:24) 运行程序返回值：0
(15:48:24) 运行程序返回信息：


(15:48:24) 监控式启动程序 Command="F:\已整理A\checkv.exe"
(15:48:24) 运行程序返回值：0
(15:48:24) 运行程序返回信息：


(15:48:24) 监控式启动程序 Command="F:\已整理A\checkv.exe"
(15:48:24) 运行程序返回值：0
(15:48:24) 运行程序返回信息：


(15:48:24) 监控式启动程序 Command="F:\已整理A\checkv.exe"
(15:48:24) 运行程序返回值：0
(15:48:24) 运行程序返回信息：


(15:48:24) 监控式启动程序 Command="F:\已整理A\checkv.exe"
(15:48:24) 运行程序返回值：0
(15:48:24) 运行程序返回信息：


(15:48:25) 监控式启动程序 Command="F:\已整理A\checkv.exe"
(15:48:25) 运行程序返回值：0
(15:48:25) 运行程序返回信息：


(15:48:25) 调用编译器g++，源文件="F:\已整理A\brick.cpp"
(15:48:25) 编译器返回值：0
(15:48:25) 编译器返回信息：


(15:48:25) 监控式启动程序 Command=F:\已整理A\brick.exe
(15:48:25) 运行程序返回值：0
(15:48:25) 运行程序返回信息：


(15:48:25) 请求文件比较 File1="F:\已整理A\brick.out" File2="F:\已整理A\brick.ans"
(15:48:25) 比较结果：相同

(15:48:25) 监控式启动程序 Command=F:\已整理A\brick.exe
(15:48:25) 运行程序返回值：-1073741819
(15:48:25) 运行程序返回信息：


(15:48:25) 监控式启动程序 Command=F:\已整理A\brick.exe
(15:48:25) 运行程序返回值：0
(15:48:25) 运行程序返回信息：


(15:48:25) 请求文件比较 File1="F:\已整理A\brick.out" File2="F:\已整理A\brick.ans"
(15:48:25) 比较结果：相同

(15:48:25) 监控式启动程序 Command=F:\已整理A\brick.exe
(15:48:25) 运行程序返回值：0
(15:48:25) 运行程序返回信息：


(15:48:25) 请求文件比较 File1="F:\已整理A\brick.out" File2="F:\已整理A\brick.ans"
(15:48:25) 比较结果：相同

(15:48:25) 监控式启动程序 Command=F:\已整理A\brick.exe
(15:48:26) 运行程序返回值：0
(15:48:26) 运行程序返回信息：


(15:48:26) 请求文件比较 File1="F:\已整理A\brick.out" File2="F:\已整理A\brick.ans"
(15:48:26) 比较结果：相同

(15:48:26) 监控式启动程序 Command=F:\已整理A\brick.exe
(15:48:26) 运行程序返回值：0
(15:48:26) 运行程序返回信息：


(15:48:26) 请求文件比较 File1="F:\已整理A\brick.out" File2="F:\已整理A\brick.ans"
(15:48:26) 比较结果：相同

(15:48:26) 监控式启动程序 Command=F:\已整理A\brick.exe
(15:48:26) 运行程序返回值：-1073741819
(15:48:26) 运行程序返回信息：


(15:48:26) 监控式启动程序 Command=F:\已整理A\brick.exe
(15:48:26) 运行程序返回值：-1073741819
(15:48:26) 运行程序返回信息：


(15:48:26) 监控式启动程序 Command=F:\已整理A\brick.exe
(15:48:26) 运行程序返回值：-1073741819
(15:48:26) 运行程序返回信息：


(15:48:26) 监控式启动程序 Command=F:\已整理A\brick.exe
(15:48:26) 运行程序返回值：-1073741819
(15:48:26) 运行程序返回信息：


(15:48:26) 调用编译器g++，源文件="F:\已整理A\shape.cpp"
(15:48:27) 编译器返回值：0
(15:48:27) 编译器返回信息：


(15:48:27) 监控式启动程序 Command=F:\已整理A\shape.exe
(15:48:27) 运行程序返回值：0
(15:48:27) 运行程序返回信息：


(15:48:27) 请求文件比较 File1="F:\已整理A\shape.out" File2="F:\已整理A\shape.ans"
(15:48:27) 比较结果：相同

(15:48:27) 监控式启动程序 Command=F:\已整理A\shape.exe
(15:48:28) 运行程序返回值：259
(15:48:28) 运行程序返回信息：
运行超时。


(15:48:28) 监控式启动程序 Command=F:\已整理A\shape.exe
(15:48:28) 运行程序返回值：0
(15:48:28) 运行程序返回信息：


(15:48:28) 请求文件比较 File1="F:\已整理A\shape.out" File2="F:\已整理A\shape.ans"
(15:48:28) 比较结果：相同

(15:48:28) 监控式启动程序 Command=F:\已整理A\shape.exe
(15:48:28) 运行程序返回值：0
(15:48:28) 运行程序返回信息：


(15:48:28) 请求文件比较 File1="F:\已整理A\shape.out" File2="F:\已整理A\shape.ans"
(15:48:28) 比较结果：相同

(15:48:28) 监控式启动程序 Command=F:\已整理A\shape.exe
(15:48:28) 运行程序返回值：0
(15:48:28) 运行程序返回信息：


(15:48:28) 请求文件比较 File1="F:\已整理A\shape.out" File2="F:\已整理A\shape.ans"
(15:48:28) 比较结果：相同

(15:48:28) 监控式启动程序 Command=F:\已整理A\shape.exe
(15:48:28) 运行程序返回值：0
(15:48:28) 运行程序返回信息：


(15:48:28) 请求文件比较 File1="F:\已整理A\shape.out" File2="F:\已整理A\shape.ans"
(15:48:28) 比较结果：相同

(15:48:28) 监控式启动程序 Command=F:\已整理A\shape.exe
(15:48:28) 运行程序返回值：0
(15:48:28) 运行程序返回信息：


(15:48:28) 请求文件比较 File1="F:\已整理A\shape.out" File2="F:\已整理A\shape.ans"
(15:48:29) 比较结果：相同

(15:48:29) 监控式启动程序 Command=F:\已整理A\shape.exe
(15:48:30) 运行程序返回值：259
(15:48:30) 运行程序返回信息：
运行超时。


(15:48:30) 监控式启动程序 Command=F:\已整理A\shape.exe
(15:48:31) 运行程序返回值：259
(15:48:31) 运行程序返回信息：
运行超时。


(15:48:31) 监控式启动程序 Command=F:\已整理A\shape.exe
(15:48:32) 运行程序返回值：259
(15:48:32) 运行程序返回信息：
运行超时。


(15:48:32) 监控式启动程序 Command="F:\已整理A\checkv.exe"
(15:48:32) 运行程序返回值：0
(15:48:32) 运行程序返回信息：


(15:48:32) 监控式启动程序 Command="F:\已整理A\checkv.exe"
(15:48:32) 运行程序返回值：0
(15:48:32) 运行程序返回信息：


(15:48:32) 监控式启动程序 Command="F:\已整理A\checkv.exe"
(15:48:32) 运行程序返回值：0
(15:48:32) 运行程序返回信息：


(15:48:32) 监控式启动程序 Command="F:\已整理A\checkv.exe"
(15:48:32) 运行程序返回值：0
(15:48:32) 运行程序返回信息：


(15:48:32) 监控式启动程序 Command="F:\已整理A\checkv.exe"
(15:48:32) 运行程序返回值：0
(15:48:32) 运行程序返回信息：


(15:48:32) 监控式启动程序 Command="F:\已整理A\checkv.exe"
(15:48:32) 运行程序返回值：0
(15:48:32) 运行程序返回信息：


(15:48:33) 监控式启动程序 Command="F:\已整理A\checkv.exe"
(15:48:33) 运行程序返回值：0
(15:48:33) 运行程序返回信息：


(15:48:33) 监控式启动程序 Command="F:\已整理A\checkv.exe"
(15:48:33) 运行程序返回值：0
(15:48:33) 运行程序返回信息：


(15:48:33) 监控式启动程序 Command="F:\已整理A\checkv.exe"
(15:48:33) 运行程序返回值：0
(15:48:33) 运行程序返回信息：


(15:48:33) 监控式启动程序 Command="F:\已整理A\checkv.exe"
(15:48:33) 运行程序返回值：0
(15:48:33) 运行程序返回信息：


(15:48:33) 调用编译器g++，源文件="F:\已整理A\brick.cpp"
(15:48:34) 编译器返回值：0
(15:48:34) 编译器返回信息：


(15:48:34) 监控式启动程序 Command=F:\已整理A\brick.exe
(15:48:34) 运行程序返回值：0
(15:48:34) 运行程序返回信息：


(15:48:34) 请求文件比较 File1="F:\已整理A\brick.out" File2="F:\已整理A\brick.ans"
(15:48:34) 比较结果：相同

(15:48:34) 监控式启动程序 Command=F:\已整理A\brick.exe
(15:48:34) 运行程序返回值：0
(15:48:34) 运行程序返回信息：


(15:48:34) 请求文件比较 File1="F:\已整理A\brick.out" File2="F:\已整理A\brick.ans"
(15:48:34) 比较结果：相同

(15:48:34) 监控式启动程序 Command=F:\已整理A\brick.exe
(15:48:34) 运行程序返回值：0
(15:48:34) 运行程序返回信息：


(15:48:34) 请求文件比较 File1="F:\已整理A\brick.out" File2="F:\已整理A\brick.ans"
(15:48:34) 比较结果：相同

(15:48:34) 监控式启动程序 Command=F:\已整理A\brick.exe
(15:48:34) 运行程序返回值：0
(15:48:34) 运行程序返回信息：


(15:48:34) 请求文件比较 File1="F:\已整理A\brick.out" File2="F:\已整理A\brick.ans"
(15:48:34) 比较结果：相同

(15:48:34) 监控式启动程序 Command=F:\已整理A\brick.exe
(15:48:34) 运行程序返回值：0
(15:48:34) 运行程序返回信息：


(15:48:34) 请求文件比较 File1="F:\已整理A\brick.out" File2="F:\已整理A\brick.ans"
(15:48:34) 比较结果：相同

(15:48:35) 监控式启动程序 Command=F:\已整理A\brick.exe
(15:48:35) 运行程序返回值：0
(15:48:35) 运行程序返回信息：


(15:48:35) 请求文件比较 File1="F:\已整理A\brick.out" File2="F:\已整理A\brick.ans"
(15:48:35) 比较结果：相同

(15:48:35) 监控式启动程序 Command=F:\已整理A\brick.exe
(15:48:35) 运行程序返回值：0
(15:48:35) 运行程序返回信息：


(15:48:35) 请求文件比较 File1="F:\已整理A\brick.out" File2="F:\已整理A\brick.ans"
(15:48:35) 比较结果：相同

(15:48:35) 监控式启动程序 Command=F:\已整理A\brick.exe
(15:48:35) 运行程序返回值：0
(15:48:35) 运行程序返回信息：


(15:48:35) 请求文件比较 File1="F:\已整理A\brick.out" File2="F:\已整理A\brick.ans"
(15:48:35) 比较结果：相同

(15:48:35) 监控式启动程序 Command=F:\已整理A\brick.exe
(15:48:35) 运行程序返回值：0
(15:48:35) 运行程序返回信息：


(15:48:35) 请求文件比较 File1="F:\已整理A\brick.out" File2="F:\已整理A\brick.ans"
(15:48:35) 比较结果：相同

(15:48:35) 监控式启动程序 Command=F:\已整理A\brick.exe
(15:48:35) 运行程序返回值：0
(15:48:35) 运行程序返回信息：


(15:48:35) 请求文件比较 File1="F:\已整理A\brick.out" File2="F:\已整理A\brick.ans"
(15:48:35) 比较结果：相同

(15:48:35) 调用编译器g++，源文件="F:\已整理A\shape.cpp"
(15:48:36) 编译器返回值：0
(15:48:36) 编译器返回信息：


(15:48:36) 监控式启动程序 Command=F:\已整理A\shape.exe
(15:48:36) 运行程序返回值：0
(15:48:36) 运行程序返回信息：


(15:48:36) 请求文件比较 File1="F:\已整理A\shape.out" File2="F:\已整理A\shape.ans"
(15:48:36) 比较结果：相同

(15:48:37) 监控式启动程序 Command=F:\已整理A\shape.exe
(15:48:38) 运行程序返回值：259
(15:48:38) 运行程序返回信息：
运行超时。


(15:48:38) 监控式启动程序 Command=F:\已整理A\shape.exe
(15:48:38) 运行程序返回值：0
(15:48:38) 运行程序返回信息：


(15:48:38) 请求文件比较 File1="F:\已整理A\shape.out" File2="F:\已整理A\shape.ans"
(15:48:38) 比较结果：相同

(15:48:38) 监控式启动程序 Command=F:\已整理A\shape.exe
(15:48:38) 运行程序返回值：0
(15:48:38) 运行程序返回信息：


(15:48:38) 请求文件比较 File1="F:\已整理A\shape.out" File2="F:\已整理A\shape.ans"
(15:48:38) 比较结果：相同

(15:48:38) 监控式启动程序 Command=F:\已整理A\shape.exe
(15:48:38) 运行程序返回值：0
(15:48:38) 运行程序返回信息：


(15:48:38) 请求文件比较 File1="F:\已整理A\shape.out" File2="F:\已整理A\shape.ans"
(15:48:38) 比较结果：相同

(15:48:38) 监控式启动程序 Command=F:\已整理A\shape.exe
(15:48:38) 运行程序返回值：0
(15:48:38) 运行程序返回信息：


(15:48:38) 请求文件比较 File1="F:\已整理A\shape.out" File2="F:\已整理A\shape.ans"
(15:48:38) 比较结果：相同

(15:48:38) 监控式启动程序 Command=F:\已整理A\shape.exe
(15:48:39) 运行程序返回值：0
(15:48:39) 运行程序返回信息：


(15:48:39) 请求文件比较 File1="F:\已整理A\shape.out" File2="F:\已整理A\shape.ans"
(15:48:39) 比较结果：相同

(15:48:39) 监控式启动程序 Command=F:\已整理A\shape.exe
(15:48:40) 运行程序返回值：259
(15:48:40) 运行程序返回信息：
运行超时。


(15:48:40) 监控式启动程序 Command=F:\已整理A\shape.exe
(15:48:41) 运行程序返回值：259
(15:48:41) 运行程序返回信息：
运行超时。


(15:48:41) 监控式启动程序 Command=F:\已整理A\shape.exe
(15:48:42) 运行程序返回值：259
(15:48:42) 运行程序返回信息：
运行超时。


(15:48:42) 监控式启动程序 Command="F:\已整理A\checkv.exe"
(15:48:42) 运行程序返回值：0
(15:48:42) 运行程序返回信息：


(15:48:42) 监控式启动程序 Command="F:\已整理A\checkv.exe"
(15:48:42) 运行程序返回值：0
(15:48:42) 运行程序返回信息：


(15:48:42) 监控式启动程序 Command="F:\已整理A\checkv.exe"
(15:48:42) 运行程序返回值：0
(15:48:42) 运行程序返回信息：


(15:48:42) 监控式启动程序 Command="F:\已整理A\checkv.exe"
(15:48:42) 运行程序返回值：0
(15:48:42) 运行程序返回信息：


(15:48:43) 监控式启动程序 Command="F:\已整理A\checkv.exe"
(15:48:43) 运行程序返回值：0
(15:48:43) 运行程序返回信息：


(15:48:43) 监控式启动程序 Command="F:\已整理A\checkv.exe"
(15:48:43) 运行程序返回值：0
(15:48:43) 运行程序返回信息：


(15:48:43) 监控式启动程序 Command="F:\已整理A\checkv.exe"
(15:48:43) 运行程序返回值：0
(15:48:43) 运行程序返回信息：


(15:48:43) 监控式启动程序 Command="F:\已整理A\checkv.exe"
(15:48:43) 运行程序返回值：0
(15:48:43) 运行程序返回信息：


(15:48:43) 监控式启动程序 Command="F:\已整理A\checkv.exe"
(15:48:43) 运行程序返回值：0
(15:48:43) 运行程序返回信息：


(15:48:43) 监控式启动程序 Command="F:\已整理A\checkv.exe"
(15:48:43) 运行程序返回值：0
(15:48:43) 运行程序返回信息：


(15:48:43) 调用编译器g++，源文件="F:\已整理A\brick.cpp"
(15:48:44) 编译器返回值：0
(15:48:44) 编译器返回信息：


(15:48:44) 监控式启动程序 Command=F:\已整理A\brick.exe
(15:48:44) 运行程序返回值：0
(15:48:44) 运行程序返回信息：


(15:48:44) 请求文件比较 File1="F:\已整理A\brick.out" File2="F:\已整理A\brick.ans"
(15:48:44) 比较结果：相同

(15:48:44) 监控式启动程序 Command=F:\已整理A\brick.exe
(15:48:44) 运行程序返回值：0
(15:48:44) 运行程序返回信息：


(15:48:44) 请求文件比较 File1="F:\已整理A\brick.out" File2="F:\已整理A\brick.ans"
(15:48:44) 比较结果：不同
(15:48:44) 说明：
发现不同：
****brick.out
...3
...
****brick.ans
...2692484
...
****

(15:48:44) 监控式启动程序 Command=F:\已整理A\brick.exe
(15:48:44) 运行程序返回值：0
(15:48:44) 运行程序返回信息：


(15:48:44) 请求文件比较 File1="F:\已整理A\brick.out" File2="F:\已整理A\brick.ans"
(15:48:44) 比较结果：相同

(15:48:44) 监控式启动程序 Command=F:\已整理A\brick.exe
(15:48:44) 运行程序返回值：0
(15:48:44) 运行程序返回信息：


(15:48:44) 请求文件比较 File1="F:\已整理A\brick.out" File2="F:\已整理A\brick.ans"
(15:48:44) 比较结果：不同
(15:48:44) 说明：
发现不同：
****brick.out
...334088
...
****brick.ans
...625684
...
****

(15:48:44) 监控式启动程序 Command=F:\已整理A\brick.exe
(15:48:44) 运行程序返回值：0
(15:48:44) 运行程序返回信息：


(15:48:44) 请求文件比较 File1="F:\已整理A\brick.out" File2="F:\已整理A\brick.ans"
(15:48:44) 比较结果：不同
(15:48:44) 说明：
发现不同：
****brick.out
...4121
...
****brick.ans
...105561
...
****

(15:48:44) 监控式启动程序 Command=F:\已整理A\brick.exe
(15:48:44) 运行程序返回值：0
(15:48:44) 运行程序返回信息：


(15:48:44) 请求文件比较 File1="F:\已整理A\brick.out" File2="F:\已整理A\brick.ans"
(15:48:44) 比较结果：不同
(15:48:44) 说明：
发现不同：
****brick.out
...17837
...
****brick.ans
...6683530
...
****

(15:48:44) 监控式启动程序 Command=F:\已整理A\brick.exe
(15:48:44) 运行程序返回值：0
(15:48:44) 运行程序返回信息：


(15:48:44) 请求文件比较 File1="F:\已整理A\brick.out" File2="F:\已整理A\brick.ans"
(15:48:44) 比较结果：不同
(15:48:44) 说明：
发现不同：
****brick.out
...3
...
****brick.ans
...365743
...
****

(15:48:44) 监控式启动程序 Command=F:\已整理A\brick.exe
(15:48:44) 运行程序返回值：0
(15:48:44) 运行程序返回信息：


(15:48:44) 请求文件比较 File1="F:\已整理A\brick.out" File2="F:\已整理A\brick.ans"
(15:48:44) 比较结果：不同
(15:48:44) 说明：
发现不同：
****brick.out
...3
...
****brick.ans
...8666386
...
****

(15:48:44) 监控式启动程序 Command=F:\已整理A\brick.exe
(15:48:44) 运行程序返回值：0
(15:48:44) 运行程序返回信息：


(15:48:44) 请求文件比较 File1="F:\已整理A\brick.out" File2="F:\已整理A\brick.ans"
(15:48:44) 比较结果：不同
(15:48:44) 说明：
发现不同：
****brick.out
...1
...
****brick.ans
...4659533
...
****

(15:48:45) 监控式启动程序 Command=F:\已整理A\brick.exe
(15:48:45) 运行程序返回值：0
(15:48:45) 运行程序返回信息：


(15:48:45) 请求文件比较 File1="F:\已整理A\brick.out" File2="F:\已整理A\brick.ans"
(15:48:45) 比较结果：不同
(15:48:45) 说明：
发现不同：
****brick.out
...3
...
****brick.ans
...9167828
...
****

(15:48:45) 调用编译器g++，源文件="F:\已整理A\shape.cpp"
(15:48:46) 编译器返回值：0
(15:48:46) 编译器返回信息：


(15:48:46) 监控式启动程序 Command=F:\已整理A\shape.exe
(15:48:46) 运行程序返回值：0
(15:48:46) 运行程序返回信息：


(15:48:46) 请求文件比较 File1="F:\已整理A\shape.out" File2="F:\已整理A\shape.ans"
(15:48:46) 比较结果：相同

(15:48:46) 监控式启动程序 Command=F:\已整理A\shape.exe
(15:48:47) 运行程序返回值：0
(15:48:47) 运行程序返回信息：


(15:48:47) 请求文件比较 File1="F:\已整理A\shape.out" File2="F:\已整理A\shape.ans"
(15:48:47) 比较结果：相同

(15:48:47) 监控式启动程序 Command=F:\已整理A\shape.exe
(15:48:47) 运行程序返回值：0
(15:48:47) 运行程序返回信息：


(15:48:47) 请求文件比较 File1="F:\已整理A\shape.out" File2="F:\已整理A\shape.ans"
(15:48:47) 比较结果：相同

(15:48:47) 监控式启动程序 Command=F:\已整理A\shape.exe
(15:48:47) 运行程序返回值：0
(15:48:47) 运行程序返回信息：


(15:48:47) 请求文件比较 File1="F:\已整理A\shape.out" File2="F:\已整理A\shape.ans"
(15:48:47) 比较结果：相同

(15:48:47) 监控式启动程序 Command=F:\已整理A\shape.exe
(15:48:47) 运行程序返回值：0
(15:48:47) 运行程序返回信息：


(15:48:47) 请求文件比较 File1="F:\已整理A\shape.out" File2="F:\已整理A\shape.ans"
(15:48:47) 比较结果：相同

(15:48:47) 监控式启动程序 Command=F:\已整理A\shape.exe
(15:48:47) 运行程序返回值：0
(15:48:47) 运行程序返回信息：


(15:48:47) 请求文件比较 File1="F:\已整理A\shape.out" File2="F:\已整理A\shape.ans"
(15:48:47) 比较结果：相同

(15:48:47) 监控式启动程序 Command=F:\已整理A\shape.exe
(15:48:47) 运行程序返回值：0
(15:48:47) 运行程序返回信息：


(15:48:47) 请求文件比较 File1="F:\已整理A\shape.out" File2="F:\已整理A\shape.ans"
(15:48:47) 比较结果：相同

(15:48:47) 监控式启动程序 Command=F:\已整理A\shape.exe
(15:48:47) 运行程序返回值：0
(15:48:47) 运行程序返回信息：


(15:48:47) 请求文件比较 File1="F:\已整理A\shape.out" File2="F:\已整理A\shape.ans"
(15:48:47) 比较结果：相同

(15:48:48) 监控式启动程序 Command=F:\已整理A\shape.exe
(15:48:48) 运行程序返回值：0
(15:48:48) 运行程序返回信息：


(15:48:48) 请求文件比较 File1="F:\已整理A\shape.out" File2="F:\已整理A\shape.ans"
(15:48:48) 比较结果：相同

(15:48:48) 监控式启动程序 Command=F:\已整理A\shape.exe
(15:48:48) 运行程序返回值：0
(15:48:48) 运行程序返回信息：


(15:48:48) 请求文件比较 File1="F:\已整理A\shape.out" File2="F:\已整理A\shape.ans"
(15:48:48) 比较结果：相同

(15:48:48) 监控式启动程序 Command="F:\已整理A\checkv.exe"
(15:48:48) 运行程序返回值：0
(15:48:48) 运行程序返回信息：


(15:48:48) 监控式启动程序 Command="F:\已整理A\checkv.exe"
(15:48:48) 运行程序返回值：0
(15:48:48) 运行程序返回信息：


(15:48:48) 监控式启动程序 Command="F:\已整理A\checkv.exe"
(15:48:48) 运行程序返回值：0
(15:48:48) 运行程序返回信息：


(15:48:49) 监控式启动程序 Command="F:\已整理A\checkv.exe"
(15:48:49) 运行程序返回值：0
(15:48:49) 运行程序返回信息：


(15:48:49) 监控式启动程序 Command="F:\已整理A\checkv.exe"
(15:48:49) 运行程序返回值：0
(15:48:49) 运行程序返回信息：


(15:48:49) 监控式启动程序 Command="F:\已整理A\checkv.exe"
(15:48:49) 运行程序返回值：0
(15:48:49) 运行程序返回信息：


(15:48:49) 监控式启动程序 Command="F:\已整理A\checkv.exe"
(15:48:49) 运行程序返回值：0
(15:48:49) 运行程序返回信息：


(15:48:49) 监控式启动程序 Command="F:\已整理A\checkv.exe"
(15:48:49) 运行程序返回值：0
(15:48:49) 运行程序返回信息：


(15:48:49) 监控式启动程序 Command="F:\已整理A\checkv.exe"
(15:48:49) 运行程序返回值：0
(15:48:49) 运行程序返回信息：


(15:48:49) 监控式启动程序 Command="F:\已整理A\checkv.exe"
(15:48:49) 运行程序返回值：0
(15:48:49) 运行程序返回信息：


(15:48:49) 调用编译器g++，源文件="F:\已整理A\brick.cpp"
(15:48:50) 编译器返回值：0
(15:48:50) 编译器返回信息：


(15:48:50) 监控式启动程序 Command=F:\已整理A\brick.exe
(15:48:50) 运行程序返回值：0
(15:48:50) 运行程序返回信息：


(15:48:50) 请求文件比较 File1="F:\已整理A\brick.out" File2="F:\已整理A\brick.ans"
(15:48:50) 比较结果：相同

(15:48:50) 监控式启动程序 Command=F:\已整理A\brick.exe
(15:48:50) 运行程序返回值：0
(15:48:50) 运行程序返回信息：


(15:48:50) 请求文件比较 File1="F:\已整理A\brick.out" File2="F:\已整理A\brick.ans"
(15:48:50) 比较结果：相同

(15:48:50) 监控式启动程序 Command=F:\已整理A\brick.exe
(15:48:51) 运行程序返回值：0
(15:48:51) 运行程序返回信息：


(15:48:51) 请求文件比较 File1="F:\已整理A\brick.out" File2="F:\已整理A\brick.ans"
(15:48:51) 比较结果：相同

(15:48:51) 监控式启动程序 Command=F:\已整理A\brick.exe
(15:48:51) 运行程序返回值：0
(15:48:51) 运行程序返回信息：


(15:48:51) 请求文件比较 File1="F:\已整理A\brick.out" File2="F:\已整理A\brick.ans"
(15:48:51) 比较结果：相同

(15:48:51) 监控式启动程序 Command=F:\已整理A\brick.exe
(15:48:51) 运行程序返回值：0
(15:48:51) 运行程序返回信息：


(15:48:51) 请求文件比较 File1="F:\已整理A\brick.out" File2="F:\已整理A\brick.ans"
(15:48:51) 比较结果：相同

(15:48:51) 监控式启动程序 Command=F:\已整理A\brick.exe
(15:48:51) 运行程序返回值：0
(15:48:51) 运行程序返回信息：


(15:48:51) 请求文件比较 File1="F:\已整理A\brick.out" File2="F:\已整理A\brick.ans"
(15:48:51) 比较结果：相同

(15:48:51) 监控式启动程序 Command=F:\已整理A\brick.exe
(15:48:51) 运行程序返回值：0
(15:48:51) 运行程序返回信息：


(15:48:51) 请求文件比较 File1="F:\已整理A\brick.out" File2="F:\已整理A\brick.ans"
(15:48:51) 比较结果：相同

(15:48:51) 监控式启动程序 Command=F:\已整理A\brick.exe
(15:48:51) 运行程序返回值：0
(15:48:51) 运行程序返回信息：


(15:48:51) 请求文件比较 File1="F:\已整理A\brick.out" File2="F:\已整理A\brick.ans"
(15:48:51) 比较结果：相同

(15:48:51) 监控式启动程序 Command=F:\已整理A\brick.exe
(15:48:51) 运行程序返回值：0
(15:48:51) 运行程序返回信息：


(15:48:51) 请求文件比较 File1="F:\已整理A\brick.out" File2="F:\已整理A\brick.ans"
(15:48:51) 比较结果：相同

(15:48:51) 监控式启动程序 Command=F:\已整理A\brick.exe
(15:48:52) 运行程序返回值：0
(15:48:52) 运行程序返回信息：


(15:48:52) 请求文件比较 File1="F:\已整理A\brick.out" File2="F:\已整理A\brick.ans"
(15:48:52) 比较结果：相同

(15:48:52) 调用编译器g++，源文件="F:\已整理A\shape.cpp"
(15:48:52) 编译器返回值：0
(15:48:52) 编译器返回信息：


(15:48:52) 监控式启动程序 Command=F:\已整理A\shape.exe
(15:48:52) 运行程序返回值：0
(15:48:52) 运行程序返回信息：


(15:48:52) 请求文件比较 File1="F:\已整理A\shape.out" File2="F:\已整理A\shape.ans"
(15:48:52) 比较结果：相同

(15:48:52) 监控式启动程序 Command=F:\已整理A\shape.exe
(15:48:53) 运行程序返回值：259
(15:48:53) 运行程序返回信息：
运行超时。


(15:48:53) 监控式启动程序 Command=F:\已整理A\shape.exe
(15:48:53) 运行程序返回值：0
(15:48:53) 运行程序返回信息：


(15:48:53) 请求文件比较 File1="F:\已整理A\shape.out" File2="F:\已整理A\shape.ans"
(15:48:53) 比较结果：相同

(15:48:53) 监控式启动程序 Command=F:\已整理A\shape.exe
(15:48:53) 运行程序返回值：0
(15:48:53) 运行程序返回信息：


(15:48:53) 请求文件比较 File1="F:\已整理A\shape.out" File2="F:\已整理A\shape.ans"
(15:48:53) 比较结果：相同

(15:48:53) 监控式启动程序 Command=F:\已整理A\shape.exe
(15:48:53) 运行程序返回值：0
(15:48:53) 运行程序返回信息：


(15:48:53) 请求文件比较 File1="F:\已整理A\shape.out" File2="F:\已整理A\shape.ans"
(15:48:53) 比较结果：相同

(15:48:53) 监控式启动程序 Command=F:\已整理A\shape.exe
(15:48:54) 运行程序返回值：0
(15:48:54) 运行程序返回信息：


(15:48:54) 请求文件比较 File1="F:\已整理A\shape.out" File2="F:\已整理A\shape.ans"
(15:48:54) 比较结果：相同

(15:48:54) 监控式启动程序 Command=F:\已整理A\shape.exe
(15:48:54) 运行程序返回值：0
(15:48:54) 运行程序返回信息：


(15:48:54) 请求文件比较 File1="F:\已整理A\shape.out" File2="F:\已整理A\shape.ans"
(15:48:54) 比较结果：相同

(15:48:54) 监控式启动程序 Command=F:\已整理A\shape.exe
(15:48:55) 运行程序返回值：259
(15:48:55) 运行程序返回信息：
运行超时。


(15:48:55) 监控式启动程序 Command=F:\已整理A\shape.exe
(15:48:56) 运行程序返回值：259
(15:48:56) 运行程序返回信息：
运行超时。


(15:48:56) 监控式启动程序 Command=F:\已整理A\shape.exe
(15:48:57) 运行程序返回值：259
(15:48:57) 运行程序返回信息：
运行超时。


(15:48:57) 监控式启动程序 Command="F:\已整理A\checkv.exe"
(15:48:57) 运行程序返回值：0
(15:48:57) 运行程序返回信息：


(15:48:57) 监控式启动程序 Command="F:\已整理A\checkv.exe"
(15:48:57) 运行程序返回值：0
(15:48:57) 运行程序返回信息：


(15:48:57) 监控式启动程序 Command="F:\已整理A\checkv.exe"
(15:48:57) 运行程序返回值：0
(15:48:57) 运行程序返回信息：


(15:48:57) 监控式启动程序 Command="F:\已整理A\checkv.exe"
(15:48:57) 运行程序返回值：0
(15:48:57) 运行程序返回信息：


(15:48:57) 监控式启动程序 Command="F:\已整理A\checkv.exe"
(15:48:58) 运行程序返回值：0
(15:48:58) 运行程序返回信息：


(15:48:58) 监控式启动程序 Command="F:\已整理A\checkv.exe"
(15:48:58) 运行程序返回值：0
(15:48:58) 运行程序返回信息：


(15:48:58) 监控式启动程序 Command="F:\已整理A\checkv.exe"
(15:48:58) 运行程序返回值：0
(15:48:58) 运行程序返回信息：


(15:48:58) 监控式启动程序 Command="F:\已整理A\checkv.exe"
(15:48:58) 运行程序返回值：0
(15:48:58) 运行程序返回信息：


(15:48:58) 监控式启动程序 Command="F:\已整理A\checkv.exe"
(15:48:58) 运行程序返回值：0
(15:48:58) 运行程序返回信息：


(15:48:58) 监控式启动程序 Command="F:\已整理A\checkv.exe"
(15:48:58) 运行程序返回值：0
(15:48:58) 运行程序返回信息：


(15:48:58) 调用编译器g++，源文件="F:\已整理A\brick.cpp"
(15:48:59) 编译器返回值：0
(15:48:59) 编译器返回信息：


(15:48:59) 监控式启动程序 Command=F:\已整理A\brick.exe
(15:48:59) 运行程序返回值：0
(15:48:59) 运行程序返回信息：


(15:48:59) 请求文件比较 File1="F:\已整理A\brick.out" File2="F:\已整理A\brick.ans"
(15:48:59) 比较结果：相同

(15:48:59) 监控式启动程序 Command=F:\已整理A\brick.exe
(15:48:59) 运行程序返回值：-1073741819
(15:48:59) 运行程序返回信息：


(15:48:59) 监控式启动程序 Command=F:\已整理A\brick.exe
(15:48:59) 运行程序返回值：0
(15:48:59) 运行程序返回信息：


(15:48:59) 请求文件比较 File1="F:\已整理A\brick.out" File2="F:\已整理A\brick.ans"
(15:48:59) 比较结果：相同

(15:48:59) 监控式启动程序 Command=F:\已整理A\brick.exe
(15:48:59) 运行程序返回值：0
(15:48:59) 运行程序返回信息：


(15:48:59) 请求文件比较 File1="F:\已整理A\brick.out" File2="F:\已整理A\brick.ans"
(15:48:59) 比较结果：相同

(15:48:59) 监控式启动程序 Command=F:\已整理A\brick.exe
(15:48:59) 运行程序返回值：0
(15:48:59) 运行程序返回信息：


(15:48:59) 请求文件比较 File1="F:\已整理A\brick.out" File2="F:\已整理A\brick.ans"
(15:48:59) 比较结果：相同

(15:48:59) 监控式启动程序 Command=F:\已整理A\brick.exe
(15:49:00) 运行程序返回值：259
(15:49:00) 运行程序返回信息：
运行超时。


(15:49:00) 监控式启动程序 Command=F:\已整理A\brick.exe
(15:49:00) 运行程序返回值：-1073741819
(15:49:00) 运行程序返回信息：


(15:49:00) 监控式启动程序 Command=F:\已整理A\brick.exe
(15:49:01) 运行程序返回值：-1073741819
(15:49:01) 运行程序返回信息：


(15:49:01) 监控式启动程序 Command=F:\已整理A\brick.exe
(15:49:01) 运行程序返回值：-1073741819
(15:49:01) 运行程序返回信息：


(15:49:01) 监控式启动程序 Command=F:\已整理A\brick.exe
(15:49:01) 运行程序返回值：-1073741819
(15:49:01) 运行程序返回信息：


(15:49:01) 调用编译器g++，源文件="F:\已整理A\shape.cpp"
(15:49:01) 编译器返回值：0
(15:49:01) 编译器返回信息：


(15:49:01) 监控式启动程序 Command=F:\已整理A\shape.exe
(15:49:01) 运行程序返回值：0
(15:49:01) 运行程序返回信息：


(15:49:01) 请求文件比较 File1="F:\已整理A\shape.out" File2="F:\已整理A\shape.ans"
(15:49:02) 比较结果：相同

(15:49:02) 监控式启动程序 Command=F:\已整理A\shape.exe
(15:49:02) 运行程序返回值：0
(15:49:02) 运行程序返回信息：


(15:49:02) 请求文件比较 File1="F:\已整理A\shape.out" File2="F:\已整理A\shape.ans"
(15:49:02) 比较结果：不同
(15:49:02) 说明：
发现不同：
****shape.out
...0.0000000000000000010-1
0.000...
****shape.ans
...0.16860844130300575858
0.1663...
****

(15:49:02) 监控式启动程序 Command=F:\已整理A\shape.exe
(15:49:02) 运行程序返回值：0
(15:49:02) 运行程序返回信息：


(15:49:02) 请求文件比较 File1="F:\已整理A\shape.out" File2="F:\已整理A\shape.ans"
(15:49:02) 比较结果：相同

(15:49:02) 监控式启动程序 Command=F:\已整理A\shape.exe
(15:49:02) 运行程序返回值：0
(15:49:02) 运行程序返回信息：


(15:49:02) 请求文件比较 File1="F:\已整理A\shape.out" File2="F:\已整理A\shape.ans"
(15:49:02) 比较结果：相同

(15:49:02) 监控式启动程序 Command=F:\已整理A\shape.exe
(15:49:02) 运行程序返回值：0
(15:49:02) 运行程序返回信息：


(15:49:02) 请求文件比较 File1="F:\已整理A\shape.out" File2="F:\已整理A\shape.ans"
(15:49:02) 比较结果：相同

(15:49:02) 监控式启动程序 Command=F:\已整理A\shape.exe
(15:49:02) 运行程序返回值：0
(15:49:02) 运行程序返回信息：


(15:49:02) 请求文件比较 File1="F:\已整理A\shape.out" File2="F:\已整理A\shape.ans"
(15:49:02) 比较结果：不同
(15:49:02) 说明：
发现不同：
****shape.out
...3.93991464903815974579
3.9670...
****shape.ans
...0.16405489351455144772
0.1651...
****

(15:49:02) 监控式启动程序 Command=F:\已整理A\shape.exe
(15:49:02) 运行程序返回值：0
(15:49:02) 运行程序返回信息：


(15:49:02) 请求文件比较 File1="F:\已整理A\shape.out" File2="F:\已整理A\shape.ans"
(15:49:02) 比较结果：不同
(15:49:02) 说明：
发现不同：
****shape.out
...1.1200-12-2021-1-1-1-2220-2-12...
****shape.ans
...0.16615762137137892250
0.1696...
****

(15:49:02) 监控式启动程序 Command=F:\已整理A\shape.exe
(15:49:02) 运行程序返回值：0
(15:49:02) 运行程序返回信息：


(15:49:02) 请求文件比较 File1="F:\已整理A\shape.out" File2="F:\已整理A\shape.ans"
(15:49:02) 比较结果：不同
(15:49:02) 说明：
发现不同：
****shape.out
...0.00000000000-101000010
0.-10...
****shape.ans
...0.16606011303303650001
0.1665...
****

(15:49:02) 监控式启动程序 Command=F:\已整理A\shape.exe
(15:49:03) 运行程序返回值：0
(15:49:03) 运行程序返回信息：


(15:49:03) 请求文件比较 File1="F:\已整理A\shape.out" File2="F:\已整理A\shape.ans"
(15:49:03) 比较结果：不同
(15:49:03) 说明：
发现不同：
****shape.out
...2.101020-1010100-10-1-2202
0....
****shape.ans
...0.16472324102769661367
0.1658...
****

(15:49:03) 监控式启动程序 Command=F:\已整理A\shape.exe
(15:49:03) 运行程序返回值：0
(15:49:03) 运行程序返回信息：


(15:49:03) 请求文件比较 File1="F:\已整理A\shape.out" File2="F:\已整理A\shape.ans"
(15:49:03) 比较结果：不同
(15:49:03) 说明：
发现不同：
****shape.out
...0.10000-100000000000-100
0.01...
****shape.ans
...0.16773013770732551741
0.1666...
****

(15:49:03) 监控式启动程序 Command="F:\已整理A\checkv.exe"
(15:49:03) 运行程序返回值：0
(15:49:03) 运行程序返回信息：


(15:49:03) 监控式启动程序 Command="F:\已整理A\checkv.exe"
(15:49:03) 运行程序返回值：0
(15:49:03) 运行程序返回信息：


(15:49:03) 监控式启动程序 Command="F:\已整理A\checkv.exe"
(15:49:03) 运行程序返回值：0
(15:49:03) 运行程序返回信息：


(15:49:03) 监控式启动程序 Command="F:\已整理A\checkv.exe"
(15:49:03) 运行程序返回值：0
(15:49:03) 运行程序返回信息：


(15:49:03) 监控式启动程序 Command="F:\已整理A\checkv.exe"
(15:49:03) 运行程序返回值：0
(15:49:03) 运行程序返回信息：


(15:49:03) 监控式启动程序 Command="F:\已整理A\checkv.exe"
(15:49:03) 运行程序返回值：0
(15:49:03) 运行程序返回信息：


(15:49:04) 监控式启动程序 Command="F:\已整理A\checkv.exe"
(15:49:04) 运行程序返回值：0
(15:49:04) 运行程序返回信息：


(15:49:04) 监控式启动程序 Command="F:\已整理A\checkv.exe"
(15:49:04) 运行程序返回值：0
(15:49:04) 运行程序返回信息：


(15:49:04) 监控式启动程序 Command="F:\已整理A\checkv.exe"
(15:49:04) 运行程序返回值：0
(15:49:04) 运行程序返回信息：


(15:49:04) 监控式启动程序 Command="F:\已整理A\checkv.exe"
(15:49:04) 运行程序返回值：0
(15:49:04) 运行程序返回信息：

